# zsim stats
===
root: # Stats
 contention: # Contention simulation stats
  domain-0: # Domain stats
   time: 231180261 # Weave simulation time
 time: # Simulator time breakdown
  init: 511093964994
  bound: 8524959491
  weave: 466202706
  ff: 0
 trigger: 20000 # Reason for this stats dump
 phase: 12162 # Simulated phases
 westmere: # Core stats
  westmere-0: # Core stats
   cycles: 121620004 # Simulated unhalted cycles
   cCycles: 8390695 # Cycles due to contention stalls
   instrs: 100013281 # Simulated instructions
   uops: 119767401 # Retired micro-ops
   bbls: 21952474 # Basic blocks
   approxInstrs: 221499 # Instrs with approx uop decoding
   mispredBranches: 1075099 # Mispredicted branches
   condBranches: 17156442 # conditional branches
 l1i: # Cache stats
  l1i-0: # Filter cache stats
   fhGETS: 24394096 # Filtered GETS hits
   fhGETX: 0 # Filtered GETX hits
   hGETS: 1891103 # GETS hits
   hGETX: 0 # GETX hits
   mGETS: 673342 # GETS misses
   mGETXIM: 0 # GETX I->M misses
   mGETXSM: 0 # GETX S->M misses (upgrade misses)
   PUTS: 0 # Clean evictions (from lower level)
   PUTX: 0 # Dirty evictions (from lower level)
   INV: 15 # Invalidates (from upper level)
   INVX: 0 # Downgrades (from upper level)
   FWD: 0 # Forwards (from upper level)
   latGETnl: 8464666 # GET request latency on next level
   latGETnet: 0 # GET request latency on network to next level
 l1d: # Cache stats
  l1d-0: # Filter cache stats
   fhGETS: 22447915 # Filtered GETS hits
   fhGETX: 15790140 # Filtered GETX hits
   hGETS: 2156152 # GETS hits
   hGETX: 1152571 # GETX hits
   mGETS: 1509000 # GETS misses
   mGETXIM: 1947935 # GETX I->M misses
   mGETXSM: 0 # GETX S->M misses (upgrade misses)
   PUTS: 0 # Clean evictions (from lower level)
   PUTX: 0 # Dirty evictions (from lower level)
   INV: 1 # Invalidates (from upper level)
   INVX: 0 # Downgrades (from upper level)
   FWD: 0 # Forwards (from upper level)
   latGETnl: 102858782 # GET request latency on next level
   latGETnet: 0 # GET request latency on network to next level
 l2: # Cache stats
  l2-0: # Cache stats
   hGETS: 1121348 # GETS hits
   hGETX: 1201127 # GETX hits
   mGETS: 1060994 # GETS misses
   mGETXIM: 746808 # GETX I->M misses
   mGETXSM: 0 # GETX S->M misses (upgrade misses)
   PUTS: 1826937 # Clean evictions (from lower level)
   PUTX: 2302300 # Dirty evictions (from lower level)
   INV: 8 # Invalidates (from upper level)
   INVX: 0 # Downgrades (from upper level)
   FWD: 0 # Forwards (from upper level)
   latGETnl: 70020678 # GET request latency on next level
   latGETnet: 0 # GET request latency on network to next level
 l3: # Cache stats
  l3-0: # Cache stats
   hGETS: 821134 # GETS hits
   hGETX: 690741 # GETX hits
   mGETS: 239860 # GETS misses
   mGETXIM: 56067 # GETX I->M misses
   mGETXSM: 0 # GETX S->M misses (upgrade misses)
   PUTS: 885663 # Clean evictions (from lower level)
   PUTX: 918035 # Dirty evictions (from lower level)
   INV: 0 # Invalidates (from upper level)
   INVX: 0 # Downgrades (from upper level)
   FWD: 0 # Forwards (from upper level)
   latGETnl: 26633430 # GET request latency on next level
   latGETnet: 0 # GET request latency on network to next level
 mem: # Memory controller stats
  mem-0: # Memory controller stats
   rd: 75859 # Read requests
   wr: 17701 # Write requests
   rdlat: 10168199 # Total latency experienced by read requests
   wrlat: 2556623 # Total latency experienced by write requests
   rdhits: 22 # Read row hits
   wrhits: 12 # Write row hits
   mlh: # latency histogram for memory requests
    0: 0
    1: 0
    2: 0
    3: 0
    4: 0
    5: 0
    6: 0
    7: 0
    8: 0
    9: 0
    10: 0
    11: 2
    12: 5
    13: 73646
    14: 588
    15: 355
    16: 172
    17: 39
    18: 49
    19: 28
    20: 41
    21: 49
    22: 41
    23: 42
    24: 55
    25: 36
    26: 28
    27: 40
    28: 44
    29: 38
    30: 45
    31: 40
    32: 49
    33: 37
    34: 46
    35: 42
    36: 38
    37: 37
    38: 44
    39: 51
    40: 42
    41: 26
    42: 39
    43: 13
    44: 3
    45: 0
    46: 5
    47: 2
    48: 2
    49: 0
    50: 0
    51: 0
    52: 0
    53: 0
    54: 0
    55: 0
    56: 0
    57: 0
    58: 0
    59: 0
    60: 0
    61: 0
    62: 0
    63: 0
    64: 0
    65: 0
    66: 0
    67: 0
    68: 0
    69: 0
    70: 0
    71: 0
    72: 0
    73: 0
    74: 0
    75: 0
    76: 0
    77: 0
    78: 0
    79: 0
    80: 0
    81: 0
    82: 0
    83: 0
    84: 0
    85: 0
    86: 0
    87: 0
    88: 0
    89: 0
    90: 0
    91: 0
    92: 0
    93: 0
    94: 0
    95: 0
    96: 0
    97: 0
    98: 0
    99: 0
  mem-1: # Memory controller stats
   rd: 71659 # Read requests
   wr: 17303 # Write requests
   rdlat: 9602439 # Total latency experienced by read requests
   wrlat: 2494071 # Total latency experienced by write requests
   rdhits: 32 # Read row hits
   wrhits: 15 # Write row hits
   mlh: # latency histogram for memory requests
    0: 0
    1: 0
    2: 0
    3: 0
    4: 0
    5: 0
    6: 0
    7: 0
    8: 0
    9: 0
    10: 0
    11: 3
    12: 3
    13: 69651
    14: 473
    15: 346
    16: 160
    17: 42
    18: 40
    19: 30
    20: 51
    21: 43
    22: 45
    23: 29
    24: 49
    25: 36
    26: 24
    27: 31
    28: 46
    29: 39
    30: 45
    31: 38
    32: 50
    33: 34
    34: 32
    35: 34
    36: 30
    37: 31
    38: 32
    39: 54
    40: 35
    41: 42
    42: 45
    43: 11
    44: 1
    45: 2
    46: 0
    47: 1
    48: 1
    49: 0
    50: 0
    51: 0
    52: 0
    53: 0
    54: 0
    55: 0
    56: 0
    57: 0
    58: 0
    59: 0
    60: 0
    61: 0
    62: 0
    63: 0
    64: 0
    65: 0
    66: 0
    67: 0
    68: 0
    69: 0
    70: 0
    71: 0
    72: 0
    73: 0
    74: 0
    75: 0
    76: 0
    77: 0
    78: 0
    79: 0
    80: 0
    81: 0
    82: 0
    83: 0
    84: 0
    85: 0
    86: 0
    87: 0
    88: 0
    89: 0
    90: 0
    91: 0
    92: 0
    93: 0
    94: 0
    95: 0
    96: 0
    97: 0
    98: 0
    99: 0
  mem-2: # Memory controller stats
   rd: 77123 # Read requests
   wr: 17943 # Write requests
   rdlat: 10341893 # Total latency experienced by read requests
   wrlat: 2605944 # Total latency experienced by write requests
   rdhits: 32 # Read row hits
   wrhits: 11 # Write row hits
   mlh: # latency histogram for memory requests
    0: 0
    1: 0
    2: 0
    3: 0
    4: 0
    5: 0
    6: 0
    7: 0
    8: 0
    9: 0
    10: 0
    11: 1
    12: 23
    13: 74849
    14: 541
    15: 422
    16: 151
    17: 41
    18: 44
    19: 42
    20: 52
    21: 42
    22: 38
    23: 46
    24: 49
    25: 44
    26: 45
    27: 32
    28: 35
    29: 38
    30: 35
    31: 42
    32: 54
    33: 38
    34: 41
    35: 43
    36: 66
    37: 56
    38: 51
    39: 34
    40: 33
    41: 37
    42: 34
    43: 13
    44: 4
    45: 0
    46: 5
    47: 1
    48: 1
    49: 0
    50: 0
    51: 0
    52: 0
    53: 0
    54: 0
    55: 0
    56: 0
    57: 0
    58: 0
    59: 0
    60: 0
    61: 0
    62: 0
    63: 0
    64: 0
    65: 0
    66: 0
    67: 0
    68: 0
    69: 0
    70: 0
    71: 0
    72: 0
    73: 0
    74: 0
    75: 0
    76: 0
    77: 0
    78: 0
    79: 0
    80: 0
    81: 0
    82: 0
    83: 0
    84: 0
    85: 0
    86: 0
    87: 0
    88: 0
    89: 0
    90: 0
    91: 0
    92: 0
    93: 0
    94: 0
    95: 0
    96: 0
    97: 0
    98: 0
    99: 0
  mem-3: # Memory controller stats
   rd: 71286 # Read requests
   wr: 17263 # Write requests
   rdlat: 9566831 # Total latency experienced by read requests
   wrlat: 2485162 # Total latency experienced by write requests
   rdhits: 43 # Read row hits
   wrhits: 14 # Write row hits
   mlh: # latency histogram for memory requests
    0: 0
    1: 0
    2: 0
    3: 0
    4: 0
    5: 0
    6: 0
    7: 0
    8: 0
    9: 0
    10: 0
    11: 2
    12: 26
    13: 69079
    14: 560
    15: 387
    16: 163
    17: 54
    18: 39
    19: 46
    20: 42
    21: 34
    22: 44
    23: 38
    24: 31
    25: 43
    26: 28
    27: 34
    28: 47
    29: 28
    30: 32
    31: 33
    32: 39
    33: 52
    34: 47
    35: 48
    36: 39
    37: 46
    38: 46
    39: 39
    40: 35
    41: 36
    42: 39
    43: 18
    44: 0
    45: 5
    46: 6
    47: 0
    48: 0
    49: 0
    50: 1
    51: 0
    52: 0
    53: 0
    54: 0
    55: 0
    56: 0
    57: 0
    58: 0
    59: 0
    60: 0
    61: 0
    62: 0
    63: 0
    64: 0
    65: 0
    66: 0
    67: 0
    68: 0
    69: 0
    70: 0
    71: 0
    72: 0
    73: 0
    74: 0
    75: 0
    76: 0
    77: 0
    78: 0
    79: 0
    80: 0
    81: 0
    82: 0
    83: 0
    84: 0
    85: 0
    86: 0
    87: 0
    88: 0
    89: 0
    90: 0
    91: 0
    92: 0
    93: 0
    94: 0
    95: 0
    96: 0
    97: 0
    98: 0
    99: 0
 sched: # Scheduler stats
  thCr: 1 # Threads created
  thFn: 1 # Threads finished
  schedEvs: 1 # Schedule events
  waitEvs: 0 # Wait events
  handoffEvs: 0 # Handoff events
  sleepEvs: 0 # Sleep events
  idlePhases: 0 # Phases with no thread active
  idlePeriods: 0 # Periods with no thread active
  occHist: # Occupancy histogram
   0: 0
   1: 12162
  rqSzHist: # Run queue size histogram
   0: 12162
   1: 0
   2: 0
   3: 0
   4: 0
   5: 0
   6: 0
   7: 0
   8: 0
   9: 0
   10: 0
   11: 0
   12: 0
   13: 0
   14: 0
   15: 0
   16: 0
 procCycles: # Per-process unhalted core cycles
  0: 121620004
  1: 0
  2: 0
  3: 0
  4: 0
  5: 0
  6: 0
  7: 0
  8: 0
  9: 0
  10: 0
  11: 0
  12: 0
  13: 0
  14: 0
  15: 0
  16: 0
  17: 0
  18: 0
  19: 0
  20: 0
  21: 0
  22: 0
  23: 0
  24: 0
  25: 0
  26: 0
  27: 0
  28: 0
  29: 0
  30: 0
  31: 0
  32: 0
  33: 0
  34: 0
  35: 0
  36: 0
  37: 0
  38: 0
  39: 0
  40: 0
  41: 0
  42: 0
  43: 0
  44: 0
  45: 0
  46: 0
  47: 0
  48: 0
  49: 0
  50: 0
  51: 0
  52: 0
  53: 0
  54: 0
  55: 0
  56: 0
  57: 0
  58: 0
  59: 0
  60: 0
  61: 0
  62: 0
  63: 0
 procInstrs: # Per-process instructions
  0: 100013281
  1: 0
  2: 0
  3: 0
  4: 0
  5: 0
  6: 0
  7: 0
  8: 0
  9: 0
  10: 0
  11: 0
  12: 0
  13: 0
  14: 0
  15: 0
  16: 0
  17: 0
  18: 0
  19: 0
  20: 0
  21: 0
  22: 0
  23: 0
  24: 0
  25: 0
  26: 0
  27: 0
  28: 0
  29: 0
  30: 0
  31: 0
  32: 0
  33: 0
  34: 0
  35: 0
  36: 0
  37: 0
  38: 0
  39: 0
  40: 0
  41: 0
  42: 0
  43: 0
  44: 0
  45: 0
  46: 0
  47: 0
  48: 0
  49: 0
  50: 0
  51: 0
  52: 0
  53: 0
  54: 0
  55: 0
  56: 0
  57: 0
  58: 0
  59: 0
  60: 0
  61: 0
  62: 0
  63: 0
 heartbeats: # Per-process heartbeats
  0: 0
  1: 0
  2: 0
  3: 0
  4: 0
  5: 0
  6: 0
  7: 0
  8: 0
  9: 0
  10: 0
  11: 0
  12: 0
  13: 0
  14: 0
  15: 0
  16: 0
  17: 0
  18: 0
  19: 0
  20: 0
  21: 0
  22: 0
  23: 0
  24: 0
  25: 0
  26: 0
  27: 0
  28: 0
  29: 0
  30: 0
  31: 0
  32: 0
  33: 0
  34: 0
  35: 0
  36: 0
  37: 0
  38: 0
  39: 0
  40: 0
  41: 0
  42: 0
  43: 0
  44: 0
  45: 0
  46: 0
  47: 0
  48: 0
  49: 0
  50: 0
  51: 0
  52: 0
  53: 0
  54: 0
  55: 0
  56: 0
  57: 0
  58: 0
  59: 0
  60: 0
  61: 0
  62: 0
  63: 0
===
