# zsim stats
===
root: # Stats
 contention: # Contention simulation stats
  domain-0: # Domain stats
   time: 5124541960 # Weave simulation time
 time: # Simulator time breakdown
  init: 393124545917
  bound: 23665221890
  weave: 6564570979
  ff: 0
 trigger: 20000 # Reason for this stats dump
 phase: 63291 # Simulated phases
 westmere: # Core stats
  westmere-0: # Core stats
   cycles: 632912635 # Simulated unhalted cycles
   cCycles: 142615424 # Cycles due to contention stalls
   instrs: 100000577 # Simulated instructions
   uops: 101912545 # Retired micro-ops
   bbls: 27652701 # Basic blocks
   approxInstrs: 22402 # Instrs with approx uop decoding
   mispredBranches: 1591226 # Mispredicted branches
   condBranches: 25800983 # conditional branches
 l1i: # Cache stats
  l1i-0: # Filter cache stats
   fhGETS: 35460294 # Filtered GETS hits
   fhGETX: 0 # Filtered GETX hits
   hGETS: 0 # GETS hits
   hGETX: 0 # GETX hits
   mGETS: 47 # GETS misses
   mGETXIM: 0 # GETX I->M misses
   mGETXSM: 0 # GETX S->M misses (upgrade misses)
   PUTS: 0 # Clean evictions (from lower level)
   PUTX: 0 # Dirty evictions (from lower level)
   INV: 0 # Invalidates (from upper level)
   INVX: 0 # Downgrades (from upper level)
   FWD: 0 # Forwards (from upper level)
   latGETnl: 5828 # GET request latency on next level
   latGETnet: 0 # GET request latency on network to next level
 l1d: # Cache stats
  l1d-0: # Filter cache stats
   fhGETS: 22243654 # Filtered GETS hits
   fhGETX: 2230127 # Filtered GETX hits
   hGETS: 1869376 # GETS hits
   hGETX: 3306690 # GETX hits
   mGETS: 12463688 # GETS misses
   mGETXIM: 254315 # GETX I->M misses
   mGETXSM: 0 # GETX S->M misses (upgrade misses)
   PUTS: 0 # Clean evictions (from lower level)
   PUTX: 0 # Dirty evictions (from lower level)
   INV: 0 # Invalidates (from upper level)
   INVX: 0 # Downgrades (from upper level)
   FWD: 0 # Forwards (from upper level)
   latGETnl: 1069198414 # GET request latency on next level
   latGETnet: 0 # GET request latency on network to next level
 l2: # Cache stats
  l2-0: # Cache stats
   hGETS: 2421243 # GETS hits
   hGETX: 80669 # GETX hits
   mGETS: 10042492 # GETS misses
   mGETXIM: 173646 # GETX I->M misses
   mGETXSM: 0 # GETX S->M misses (upgrade misses)
   PUTS: 9460380 # Clean evictions (from lower level)
   PUTX: 3257111 # Dirty evictions (from lower level)
   INV: 0 # Invalidates (from upper level)
   INVX: 0 # Downgrades (from upper level)
   FWD: 0 # Forwards (from upper level)
   latGETnl: 942023742 # GET request latency on next level
   latGETnet: 0 # GET request latency on network to next level
 l3: # Cache stats
  l3-0: # Cache stats
   hGETS: 2415655 # GETS hits
   hGETX: 57856 # GETX hits
   mGETS: 7626837 # GETS misses
   mGETXIM: 115790 # GETX I->M misses
   mGETXSM: 0 # GETX S->M misses (upgrade misses)
   PUTS: 7438983 # Clean evictions (from lower level)
   PUTX: 2773059 # Dirty evictions (from lower level)
   INV: 0 # Invalidates (from upper level)
   INVX: 0 # Downgrades (from upper level)
   FWD: 0 # Forwards (from upper level)
   latGETnl: 696836430 # GET request latency on next level
   latGETnet: 0 # GET request latency on network to next level
 mem: # Memory controller stats
  mem-0: # Memory controller stats
   rd: 1933988 # Read requests
   wr: 615940 # Write requests
   rdlat: 263318816 # Total latency experienced by read requests
   wrlat: 89507378 # Total latency experienced by write requests
   rdhits: 1869 # Read row hits
   wrhits: 2031 # Write row hits
   mlh: # latency histogram for memory requests
    0: 0
    1: 0
    2: 0
    3: 0
    4: 0
    5: 0
    6: 0
    7: 0
    8: 0
    9: 0
    10: 0
    11: 266
    12: 379
    13: 1706190
    14: 132228
    15: 48128
    16: 13901
    17: 2634
    18: 933
    19: 981
    20: 1246
    21: 1274
    22: 954
    23: 1205
    24: 2809
    25: 1551
    26: 514
    27: 582
    28: 661
    29: 689
    30: 1046
    31: 1383
    32: 1140
    33: 1176
    34: 1242
    35: 1319
    36: 1310
    37: 1217
    38: 1064
    39: 1171
    40: 1118
    41: 1088
    42: 1025
    43: 517
    44: 220
    45: 201
    46: 141
    47: 259
    48: 154
    49: 43
    50: 6
    51: 12
    52: 2
    53: 4
    54: 4
    55: 1
    56: 0
    57: 0
    58: 0
    59: 0
    60: 0
    61: 0
    62: 0
    63: 0
    64: 0
    65: 0
    66: 0
    67: 0
    68: 0
    69: 0
    70: 0
    71: 0
    72: 0
    73: 0
    74: 0
    75: 0
    76: 0
    77: 0
    78: 0
    79: 0
    80: 0
    81: 0
    82: 0
    83: 0
    84: 0
    85: 0
    86: 0
    87: 0
    88: 0
    89: 0
    90: 0
    91: 0
    92: 0
    93: 0
    94: 0
    95: 0
    96: 0
    97: 0
    98: 0
    99: 0
  mem-1: # Memory controller stats
   rd: 1931573 # Read requests
   wr: 614891 # Write requests
   rdlat: 263004023 # Total latency experienced by read requests
   wrlat: 89471318 # Total latency experienced by write requests
   rdhits: 1902 # Read row hits
   wrhits: 1954 # Write row hits
   mlh: # latency histogram for memory requests
    0: 0
    1: 0
    2: 0
    3: 0
    4: 0
    5: 0
    6: 0
    7: 0
    8: 0
    9: 0
    10: 0
    11: 217
    12: 431
    13: 1704750
    14: 130961
    15: 48375
    16: 14023
    17: 2569
    18: 910
    19: 974
    20: 1252
    21: 1202
    22: 854
    23: 1164
    24: 2704
    25: 1806
    26: 512
    27: 628
    28: 603
    29: 711
    30: 1065
    31: 1345
    32: 1132
    33: 1173
    34: 1234
    35: 1411
    36: 1404
    37: 1228
    38: 1108
    39: 1085
    40: 1109
    41: 1064
    42: 1079
    43: 521
    44: 213
    45: 167
    46: 141
    47: 227
    48: 132
    49: 43
    50: 19
    51: 12
    52: 3
    53: 2
    54: 7
    55: 1
    56: 2
    57: 0
    58: 0
    59: 0
    60: 0
    61: 0
    62: 0
    63: 0
    64: 0
    65: 0
    66: 0
    67: 0
    68: 0
    69: 0
    70: 0
    71: 0
    72: 0
    73: 0
    74: 0
    75: 0
    76: 0
    77: 0
    78: 0
    79: 0
    80: 0
    81: 0
    82: 0
    83: 0
    84: 0
    85: 0
    86: 0
    87: 0
    88: 0
    89: 0
    90: 0
    91: 0
    92: 0
    93: 0
    94: 0
    95: 0
    96: 0
    97: 0
    98: 0
    99: 0
  mem-2: # Memory controller stats
   rd: 1951081 # Read requests
   wr: 614539 # Write requests
   rdlat: 265697529 # Total latency experienced by read requests
   wrlat: 89470037 # Total latency experienced by write requests
   rdhits: 2036 # Read row hits
   wrhits: 2099 # Write row hits
   mlh: # latency histogram for memory requests
    0: 0
    1: 0
    2: 0
    3: 0
    4: 0
    5: 0
    6: 0
    7: 0
    8: 0
    9: 0
    10: 0
    11: 226
    12: 526
    13: 1716772
    14: 137806
    15: 49227
    16: 12964
    17: 2291
    18: 885
    19: 939
    20: 1472
    21: 1578
    22: 943
    23: 1283
    24: 3063
    25: 1855
    26: 520
    27: 614
    28: 626
    29: 724
    30: 1079
    31: 1373
    32: 1181
    33: 1160
    34: 1211
    35: 1328
    36: 1273
    37: 1210
    38: 1130
    39: 1034
    40: 1067
    41: 1105
    42: 1085
    43: 538
    44: 226
    45: 189
    46: 141
    47: 210
    48: 142
    49: 42
    50: 14
    51: 11
    52: 9
    53: 4
    54: 3
    55: 0
    56: 1
    57: 0
    58: 0
    59: 1
    60: 0
    61: 0
    62: 0
    63: 0
    64: 0
    65: 0
    66: 0
    67: 0
    68: 0
    69: 0
    70: 0
    71: 0
    72: 0
    73: 0
    74: 0
    75: 0
    76: 0
    77: 0
    78: 0
    79: 0
    80: 0
    81: 0
    82: 0
    83: 0
    84: 0
    85: 0
    86: 0
    87: 0
    88: 0
    89: 0
    90: 0
    91: 0
    92: 0
    93: 0
    94: 0
    95: 0
    96: 0
    97: 0
    98: 0
    99: 0
  mem-3: # Memory controller stats
   rd: 1925933 # Read requests
   wr: 612933 # Write requests
   rdlat: 262126224 # Total latency experienced by read requests
   wrlat: 88995588 # Total latency experienced by write requests
   rdhits: 2050 # Read row hits
   wrhits: 2058 # Write row hits
   mlh: # latency histogram for memory requests
    0: 0
    1: 0
    2: 0
    3: 0
    4: 0
    5: 0
    6: 0
    7: 0
    8: 0
    9: 0
    10: 0
    11: 338
    12: 372
    13: 1699173
    14: 131469
    15: 48205
    16: 14596
    17: 2361
    18: 907
    19: 980
    20: 1293
    21: 1228
    22: 868
    23: 1162
    24: 2528
    25: 1464
    26: 530
    27: 576
    28: 648
    29: 693
    30: 1036
    31: 1334
    32: 1082
    33: 1086
    34: 1231
    35: 1339
    36: 1215
    37: 1252
    38: 1158
    39: 1129
    40: 1067
    41: 1085
    42: 1099
    43: 505
    44: 228
    45: 164
    46: 119
    47: 206
    48: 131
    49: 40
    50: 12
    51: 7
    52: 5
    53: 7
    54: 3
    55: 0
    56: 0
    57: 2
    58: 0
    59: 0
    60: 0
    61: 0
    62: 0
    63: 0
    64: 0
    65: 0
    66: 0
    67: 0
    68: 0
    69: 0
    70: 0
    71: 0
    72: 0
    73: 0
    74: 0
    75: 0
    76: 0
    77: 0
    78: 0
    79: 0
    80: 0
    81: 0
    82: 0
    83: 0
    84: 0
    85: 0
    86: 0
    87: 0
    88: 0
    89: 0
    90: 0
    91: 0
    92: 0
    93: 0
    94: 0
    95: 0
    96: 0
    97: 0
    98: 0
    99: 0
 sched: # Scheduler stats
  thCr: 1 # Threads created
  thFn: 1 # Threads finished
  schedEvs: 1 # Schedule events
  waitEvs: 0 # Wait events
  handoffEvs: 0 # Handoff events
  sleepEvs: 0 # Sleep events
  idlePhases: 0 # Phases with no thread active
  idlePeriods: 0 # Periods with no thread active
  occHist: # Occupancy histogram
   0: 0
   1: 63291
  rqSzHist: # Run queue size histogram
   0: 63291
   1: 0
   2: 0
   3: 0
   4: 0
   5: 0
   6: 0
   7: 0
   8: 0
   9: 0
   10: 0
   11: 0
   12: 0
   13: 0
   14: 0
   15: 0
   16: 0
 procCycles: # Per-process unhalted core cycles
  0: 632912635
  1: 0
  2: 0
  3: 0
  4: 0
  5: 0
  6: 0
  7: 0
  8: 0
  9: 0
  10: 0
  11: 0
  12: 0
  13: 0
  14: 0
  15: 0
  16: 0
  17: 0
  18: 0
  19: 0
  20: 0
  21: 0
  22: 0
  23: 0
  24: 0
  25: 0
  26: 0
  27: 0
  28: 0
  29: 0
  30: 0
  31: 0
  32: 0
  33: 0
  34: 0
  35: 0
  36: 0
  37: 0
  38: 0
  39: 0
  40: 0
  41: 0
  42: 0
  43: 0
  44: 0
  45: 0
  46: 0
  47: 0
  48: 0
  49: 0
  50: 0
  51: 0
  52: 0
  53: 0
  54: 0
  55: 0
  56: 0
  57: 0
  58: 0
  59: 0
  60: 0
  61: 0
  62: 0
  63: 0
 procInstrs: # Per-process instructions
  0: 100000577
  1: 0
  2: 0
  3: 0
  4: 0
  5: 0
  6: 0
  7: 0
  8: 0
  9: 0
  10: 0
  11: 0
  12: 0
  13: 0
  14: 0
  15: 0
  16: 0
  17: 0
  18: 0
  19: 0
  20: 0
  21: 0
  22: 0
  23: 0
  24: 0
  25: 0
  26: 0
  27: 0
  28: 0
  29: 0
  30: 0
  31: 0
  32: 0
  33: 0
  34: 0
  35: 0
  36: 0
  37: 0
  38: 0
  39: 0
  40: 0
  41: 0
  42: 0
  43: 0
  44: 0
  45: 0
  46: 0
  47: 0
  48: 0
  49: 0
  50: 0
  51: 0
  52: 0
  53: 0
  54: 0
  55: 0
  56: 0
  57: 0
  58: 0
  59: 0
  60: 0
  61: 0
  62: 0
  63: 0
 heartbeats: # Per-process heartbeats
  0: 0
  1: 0
  2: 0
  3: 0
  4: 0
  5: 0
  6: 0
  7: 0
  8: 0
  9: 0
  10: 0
  11: 0
  12: 0
  13: 0
  14: 0
  15: 0
  16: 0
  17: 0
  18: 0
  19: 0
  20: 0
  21: 0
  22: 0
  23: 0
  24: 0
  25: 0
  26: 0
  27: 0
  28: 0
  29: 0
  30: 0
  31: 0
  32: 0
  33: 0
  34: 0
  35: 0
  36: 0
  37: 0
  38: 0
  39: 0
  40: 0
  41: 0
  42: 0
  43: 0
  44: 0
  45: 0
  46: 0
  47: 0
  48: 0
  49: 0
  50: 0
  51: 0
  52: 0
  53: 0
  54: 0
  55: 0
  56: 0
  57: 0
  58: 0
  59: 0
  60: 0
  61: 0
  62: 0
  63: 0
===
