# zsim stats
===
root: # Stats
 contention: # Contention simulation stats
  domain-0: # Domain stats
   time: 6039958204 # Weave simulation time
 time: # Simulator time breakdown
  init: 462152171554
  bound: 25389066378
  weave: 7850541403
  ff: 0
 trigger: 20000 # Reason for this stats dump
 phase: 65187 # Simulated phases
 westmere: # Core stats
  westmere-0: # Core stats
   cycles: 651872818 # Simulated unhalted cycles
   cCycles: 148198570 # Cycles due to contention stalls
   instrs: 100000846 # Simulated instructions
   uops: 101912798 # Retired micro-ops
   bbls: 27652773 # Basic blocks
   approxInstrs: 22402 # Instrs with approx uop decoding
   mispredBranches: 1591226 # Mispredicted branches
   condBranches: 25801049 # conditional branches
 l1i: # Cache stats
  l1i-0: # Filter cache stats
   fhGETS: 35460424 # Filtered GETS hits
   fhGETX: 0 # Filtered GETX hits
   hGETS: 0 # GETS hits
   hGETX: 0 # GETX hits
   mGETS: 47 # GETS misses
   mGETXIM: 0 # GETX I->M misses
   mGETXSM: 0 # GETX S->M misses (upgrade misses)
   PUTS: 0 # Clean evictions (from lower level)
   PUTX: 0 # Dirty evictions (from lower level)
   INV: 0 # Invalidates (from upper level)
   INVX: 0 # Downgrades (from upper level)
   FWD: 0 # Forwards (from upper level)
   latGETnl: 5828 # GET request latency on next level
   latGETnet: 0 # GET request latency on network to next level
 l1d: # Cache stats
  l1d-0: # Filter cache stats
   fhGETS: 22243716 # Filtered GETS hits
   fhGETX: 2230127 # Filtered GETX hits
   hGETS: 1869381 # GETS hits
   hGETX: 3306702 # GETX hits
   mGETS: 12463721 # GETS misses
   mGETXIM: 254315 # GETX I->M misses
   mGETXSM: 0 # GETX S->M misses (upgrade misses)
   PUTS: 0 # Clean evictions (from lower level)
   PUTX: 0 # Dirty evictions (from lower level)
   INV: 0 # Invalidates (from upper level)
   INVX: 0 # Downgrades (from upper level)
   FWD: 0 # Forwards (from upper level)
   latGETnl: 1101252832 # GET request latency on next level
   latGETnet: 0 # GET request latency on network to next level
 l2: # Cache stats
  l2-0: # Cache stats
   hGETS: 2421244 # GETS hits
   hGETX: 80669 # GETX hits
   mGETS: 10042524 # GETS misses
   mGETXIM: 173646 # GETX I->M misses
   mGETXSM: 0 # GETX S->M misses (upgrade misses)
   PUTS: 9460400 # Clean evictions (from lower level)
   PUTX: 3257124 # Dirty evictions (from lower level)
   INV: 0 # Invalidates (from upper level)
   INVX: 0 # Downgrades (from upper level)
   FWD: 0 # Forwards (from upper level)
   latGETnl: 974077830 # GET request latency on next level
   latGETnet: 0 # GET request latency on network to next level
 l3: # Cache stats
  l3-0: # Cache stats
   hGETS: 2065970 # GETS hits
   hGETX: 51425 # GETX hits
   mGETS: 7976554 # GETS misses
   mGETXIM: 122221 # GETX I->M misses
   mGETXSM: 0 # GETX S->M misses (upgrade misses)
   PUTS: 7439004 # Clean evictions (from lower level)
   PUTX: 2773070 # Dirty evictions (from lower level)
   INV: 0 # Invalidates (from upper level)
   INVX: 0 # Downgrades (from upper level)
   FWD: 0 # Forwards (from upper level)
   latGETnl: 728889750 # GET request latency on next level
   latGETnet: 0 # GET request latency on network to next level
 mem: # Memory controller stats
  mem-0: # Memory controller stats
   rd: 2022393 # Read requests
   wr: 655592 # Write requests
   rdlat: 275250649 # Total latency experienced by read requests
   wrlat: 95647098 # Total latency experienced by write requests
   rdhits: 2345 # Read row hits
   wrhits: 2415 # Write row hits
   mlh: # latency histogram for memory requests
    0: 0
    1: 0
    2: 0
    3: 0
    4: 0
    5: 0
    6: 0
    7: 0
    8: 0
    9: 0
    10: 0
    11: 327
    12: 423
    13: 1784718
    14: 140022
    15: 48933
    16: 13643
    17: 2914
    18: 1056
    19: 1110
    20: 1225
    21: 1281
    22: 971
    23: 1267
    24: 2939
    25: 1760
    26: 538
    27: 630
    28: 639
    29: 739
    30: 1077
    31: 1381
    32: 1143
    33: 1179
    34: 1321
    35: 1404
    36: 1313
    37: 1172
    38: 1156
    39: 1234
    40: 1137
    41: 1131
    42: 1121
    43: 496
    44: 222
    45: 164
    46: 148
    47: 231
    48: 145
    49: 33
    50: 15
    51: 11
    52: 4
    53: 8
    54: 6
    55: 3
    56: 1
    57: 2
    58: 0
    59: 0
    60: 0
    61: 0
    62: 0
    63: 0
    64: 0
    65: 0
    66: 0
    67: 0
    68: 0
    69: 0
    70: 0
    71: 0
    72: 0
    73: 0
    74: 0
    75: 0
    76: 0
    77: 0
    78: 0
    79: 0
    80: 0
    81: 0
    82: 0
    83: 0
    84: 0
    85: 0
    86: 0
    87: 0
    88: 0
    89: 0
    90: 0
    91: 0
    92: 0
    93: 0
    94: 0
    95: 0
    96: 0
    97: 0
    98: 0
    99: 0
  mem-1: # Memory controller stats
   rd: 2020317 # Read requests
   wr: 655177 # Write requests
   rdlat: 274981120 # Total latency experienced by read requests
   wrlat: 95668871 # Total latency experienced by write requests
   rdhits: 2346 # Read row hits
   wrhits: 2401 # Write row hits
   mlh: # latency histogram for memory requests
    0: 0
    1: 0
    2: 0
    3: 0
    4: 0
    5: 0
    6: 0
    7: 0
    8: 0
    9: 0
    10: 0
    11: 304
    12: 509
    13: 1782834
    14: 139486
    15: 48888
    16: 13996
    17: 2784
    18: 1072
    19: 1091
    20: 1288
    21: 1260
    22: 983
    23: 1313
    24: 2829
    25: 1891
    26: 541
    27: 627
    28: 639
    29: 744
    30: 1161
    31: 1438
    32: 1187
    33: 1192
    34: 1209
    35: 1366
    36: 1323
    37: 1140
    38: 1097
    39: 1169
    40: 1180
    41: 1114
    42: 1138
    43: 516
    44: 229
    45: 185
    46: 126
    47: 243
    48: 136
    49: 39
    50: 20
    51: 12
    52: 10
    53: 2
    54: 4
    55: 0
    56: 2
    57: 0
    58: 0
    59: 0
    60: 0
    61: 0
    62: 0
    63: 0
    64: 0
    65: 0
    66: 0
    67: 0
    68: 0
    69: 0
    70: 0
    71: 0
    72: 0
    73: 0
    74: 0
    75: 0
    76: 0
    77: 0
    78: 0
    79: 0
    80: 0
    81: 0
    82: 0
    83: 0
    84: 0
    85: 0
    86: 0
    87: 0
    88: 0
    89: 0
    90: 0
    91: 0
    92: 0
    93: 0
    94: 0
    95: 0
    96: 0
    97: 0
    98: 0
    99: 0
  mem-2: # Memory controller stats
   rd: 2039414 # Read requests
   wr: 654710 # Write requests
   rdlat: 277701061 # Total latency experienced by read requests
   wrlat: 95653328 # Total latency experienced by write requests
   rdhits: 2515 # Read row hits
   wrhits: 2556 # Write row hits
   mlh: # latency histogram for memory requests
    0: 0
    1: 0
    2: 0
    3: 0
    4: 0
    5: 0
    6: 0
    7: 0
    8: 0
    9: 0
    10: 0
    11: 304
    12: 634
    13: 1792909
    14: 147608
    15: 50263
    16: 12869
    17: 2427
    18: 1016
    19: 1001
    20: 1304
    21: 1316
    22: 1034
    23: 1455
    24: 3252
    25: 2016
    26: 507
    27: 639
    28: 641
    29: 768
    30: 1111
    31: 1453
    32: 1063
    33: 1219
    34: 1325
    35: 1444
    36: 1309
    37: 1229
    38: 1134
    39: 1167
    40: 1111
    41: 1119
    42: 1100
    43: 531
    44: 272
    45: 209
    46: 147
    47: 251
    48: 146
    49: 55
    50: 11
    51: 8
    52: 18
    53: 9
    54: 5
    55: 1
    56: 0
    57: 3
    58: 1
    59: 0
    60: 0
    61: 0
    62: 0
    63: 0
    64: 0
    65: 0
    66: 0
    67: 0
    68: 0
    69: 0
    70: 0
    71: 0
    72: 0
    73: 0
    74: 0
    75: 0
    76: 0
    77: 0
    78: 0
    79: 0
    80: 0
    81: 0
    82: 0
    83: 0
    84: 0
    85: 0
    86: 0
    87: 0
    88: 0
    89: 0
    90: 0
    91: 0
    92: 0
    93: 0
    94: 0
    95: 0
    96: 0
    97: 0
    98: 0
    99: 0
  mem-3: # Memory controller stats
   rd: 2016593 # Read requests
   wr: 654694 # Write requests
   rdlat: 274506394 # Total latency experienced by read requests
   wrlat: 95452338 # Total latency experienced by write requests
   rdhits: 2592 # Read row hits
   wrhits: 2396 # Write row hits
   mlh: # latency histogram for memory requests
    0: 0
    1: 0
    2: 0
    3: 0
    4: 0
    5: 0
    6: 0
    7: 0
    8: 0
    9: 0
    10: 0
    11: 396
    12: 529
    13: 1778693
    14: 139761
    15: 48698
    16: 14413
    17: 2544
    18: 1059
    19: 1062
    20: 1334
    21: 1389
    22: 1018
    23: 1275
    24: 2848
    25: 1585
    26: 547
    27: 599
    28: 669
    29: 762
    30: 1126
    31: 1408
    32: 1130
    33: 1254
    34: 1317
    35: 1492
    36: 1275
    37: 1170
    38: 1165
    39: 1168
    40: 1078
    41: 1160
    42: 1139
    43: 535
    44: 211
    45: 189
    46: 130
    47: 240
    48: 148
    49: 33
    50: 11
    51: 11
    52: 12
    53: 6
    54: 3
    55: 0
    56: 0
    57: 0
    58: 0
    59: 0
    60: 0
    61: 1
    62: 0
    63: 0
    64: 0
    65: 0
    66: 0
    67: 0
    68: 0
    69: 0
    70: 0
    71: 0
    72: 0
    73: 0
    74: 0
    75: 0
    76: 0
    77: 0
    78: 0
    79: 0
    80: 0
    81: 0
    82: 0
    83: 0
    84: 0
    85: 0
    86: 0
    87: 0
    88: 0
    89: 0
    90: 0
    91: 0
    92: 0
    93: 0
    94: 0
    95: 0
    96: 0
    97: 0
    98: 0
    99: 0
 sched: # Scheduler stats
  thCr: 1 # Threads created
  thFn: 1 # Threads finished
  schedEvs: 1 # Schedule events
  waitEvs: 0 # Wait events
  handoffEvs: 0 # Handoff events
  sleepEvs: 0 # Sleep events
  idlePhases: 0 # Phases with no thread active
  idlePeriods: 0 # Periods with no thread active
  occHist: # Occupancy histogram
   0: 0
   1: 65187
  rqSzHist: # Run queue size histogram
   0: 65187
   1: 0
   2: 0
   3: 0
   4: 0
   5: 0
   6: 0
   7: 0
   8: 0
   9: 0
   10: 0
   11: 0
   12: 0
   13: 0
   14: 0
   15: 0
   16: 0
 procCycles: # Per-process unhalted core cycles
  0: 651872818
  1: 0
  2: 0
  3: 0
  4: 0
  5: 0
  6: 0
  7: 0
  8: 0
  9: 0
  10: 0
  11: 0
  12: 0
  13: 0
  14: 0
  15: 0
  16: 0
  17: 0
  18: 0
  19: 0
  20: 0
  21: 0
  22: 0
  23: 0
  24: 0
  25: 0
  26: 0
  27: 0
  28: 0
  29: 0
  30: 0
  31: 0
  32: 0
  33: 0
  34: 0
  35: 0
  36: 0
  37: 0
  38: 0
  39: 0
  40: 0
  41: 0
  42: 0
  43: 0
  44: 0
  45: 0
  46: 0
  47: 0
  48: 0
  49: 0
  50: 0
  51: 0
  52: 0
  53: 0
  54: 0
  55: 0
  56: 0
  57: 0
  58: 0
  59: 0
  60: 0
  61: 0
  62: 0
  63: 0
 procInstrs: # Per-process instructions
  0: 100000846
  1: 0
  2: 0
  3: 0
  4: 0
  5: 0
  6: 0
  7: 0
  8: 0
  9: 0
  10: 0
  11: 0
  12: 0
  13: 0
  14: 0
  15: 0
  16: 0
  17: 0
  18: 0
  19: 0
  20: 0
  21: 0
  22: 0
  23: 0
  24: 0
  25: 0
  26: 0
  27: 0
  28: 0
  29: 0
  30: 0
  31: 0
  32: 0
  33: 0
  34: 0
  35: 0
  36: 0
  37: 0
  38: 0
  39: 0
  40: 0
  41: 0
  42: 0
  43: 0
  44: 0
  45: 0
  46: 0
  47: 0
  48: 0
  49: 0
  50: 0
  51: 0
  52: 0
  53: 0
  54: 0
  55: 0
  56: 0
  57: 0
  58: 0
  59: 0
  60: 0
  61: 0
  62: 0
  63: 0
 heartbeats: # Per-process heartbeats
  0: 0
  1: 0
  2: 0
  3: 0
  4: 0
  5: 0
  6: 0
  7: 0
  8: 0
  9: 0
  10: 0
  11: 0
  12: 0
  13: 0
  14: 0
  15: 0
  16: 0
  17: 0
  18: 0
  19: 0
  20: 0
  21: 0
  22: 0
  23: 0
  24: 0
  25: 0
  26: 0
  27: 0
  28: 0
  29: 0
  30: 0
  31: 0
  32: 0
  33: 0
  34: 0
  35: 0
  36: 0
  37: 0
  38: 0
  39: 0
  40: 0
  41: 0
  42: 0
  43: 0
  44: 0
  45: 0
  46: 0
  47: 0
  48: 0
  49: 0
  50: 0
  51: 0
  52: 0
  53: 0
  54: 0
  55: 0
  56: 0
  57: 0
  58: 0
  59: 0
  60: 0
  61: 0
  62: 0
  63: 0
===
