# zsim stats
===
root: # Stats
 contention: # Contention simulation stats
  domain-0: # Domain stats
   time: 317011958 # Weave simulation time
 time: # Simulator time breakdown
  init: 48709042605
  bound: 7399112043
  weave: 520787687
  ff: 0
 trigger: 20000 # Reason for this stats dump
 phase: 9169 # Simulated phases
 westmere: # Core stats
  westmere-0: # Core stats
   cycles: 91690002 # Simulated unhalted cycles
   cCycles: 7112312 # Cycles due to contention stalls
   instrs: 100000226 # Simulated instructions
   uops: 113800050 # Retired micro-ops
   bbls: 14845038 # Basic blocks
   approxInstrs: 596117 # Instrs with approx uop decoding
   mispredBranches: 789654 # Mispredicted branches
   condBranches: 12874099 # conditional branches
 l1i: # Cache stats
  l1i-0: # Filter cache stats
   fhGETS: 19606721 # Filtered GETS hits
   fhGETX: 0 # Filtered GETX hits
   hGETS: 198 # GETS hits
   hGETX: 0 # GETX hits
   mGETS: 162 # GETS misses
   mGETXIM: 0 # GETX I->M misses
   mGETXSM: 0 # GETX S->M misses (upgrade misses)
   PUTS: 0 # Clean evictions (from lower level)
   PUTX: 0 # Dirty evictions (from lower level)
   INV: 0 # Invalidates (from upper level)
   INVX: 0 # Downgrades (from upper level)
   FWD: 0 # Forwards (from upper level)
   latGETnl: 20088 # GET request latency on next level
   latGETnet: 0 # GET request latency on network to next level
 l1d: # Cache stats
  l1d-0: # Filter cache stats
   fhGETS: 25368977 # Filtered GETS hits
   fhGETX: 11432878 # Filtered GETX hits
   hGETS: 990633 # GETS hits
   hGETX: 1630711 # GETX hits
   mGETS: 1935187 # GETS misses
   mGETXIM: 1093042 # GETX I->M misses
   mGETXSM: 0 # GETX S->M misses (upgrade misses)
   PUTS: 0 # Clean evictions (from lower level)
   PUTX: 0 # Dirty evictions (from lower level)
   INV: 0 # Invalidates (from upper level)
   INVX: 0 # Downgrades (from upper level)
   FWD: 0 # Forwards (from upper level)
   latGETnl: 103176182 # GET request latency on next level
   latGETnet: 0 # GET request latency on network to next level
 l2: # Cache stats
  l2-0: # Cache stats
   hGETS: 940363 # GETS hits
   hGETX: 119078 # GETX hits
   mGETS: 994986 # GETS misses
   mGETXIM: 973964 # GETX I->M misses
   mGETXSM: 0 # GETX S->M misses (upgrade misses)
   PUTS: 942889 # Clean evictions (from lower level)
   PUTX: 2084828 # Dirty evictions (from lower level)
   INV: 0 # Invalidates (from upper level)
   INVX: 0 # Downgrades (from upper level)
   FWD: 0 # Forwards (from upper level)
   latGETnl: 72912360 # GET request latency on next level
   latGETnet: 0 # GET request latency on network to next level
 l3: # Cache stats
  l3-0: # Cache stats
   hGETS: 893958 # GETS hits
   hGETX: 789908 # GETX hits
   mGETS: 101028 # GETS misses
   mGETXIM: 184056 # GETX I->M misses
   mGETXSM: 0 # GETX S->M misses (upgrade misses)
   PUTS: 580514 # Clean evictions (from lower level)
   PUTX: 1384340 # Dirty evictions (from lower level)
   INV: 0 # Invalidates (from upper level)
   INVX: 0 # Downgrades (from upper level)
   FWD: 0 # Forwards (from upper level)
   latGETnl: 25657560 # GET request latency on next level
   latGETnet: 0 # GET request latency on network to next level
 mem: # Memory controller stats
  mem-0: # Memory controller stats
   rd: 71340 # Read requests
   wr: 55181 # Write requests
   rdlat: 9801821 # Total latency experienced by read requests
   wrlat: 8346979 # Total latency experienced by write requests
   rdhits: 2778 # Read row hits
   wrhits: 989 # Write row hits
   mlh: # latency histogram for memory requests
    0: 0
    1: 0
    2: 0
    3: 0
    4: 0
    5: 0
    6: 0
    7: 0
    8: 0
    9: 0
    10: 0
    11: 282
    12: 343
    13: 62517
    14: 2663
    15: 1373
    16: 896
    17: 383
    18: 496
    19: 504
    20: 493
    21: 307
    22: 89
    23: 83
    24: 68
    25: 74
    26: 36
    27: 30
    28: 28
    29: 37
    30: 43
    31: 52
    32: 55
    33: 41
    34: 50
    35: 28
    36: 39
    37: 43
    38: 41
    39: 38
    40: 44
    41: 42
    42: 52
    43: 20
    44: 13
    45: 12
    46: 8
    47: 7
    48: 6
    49: 1
    50: 3
    51: 0
    52: 0
    53: 0
    54: 0
    55: 0
    56: 0
    57: 0
    58: 0
    59: 0
    60: 0
    61: 0
    62: 0
    63: 0
    64: 0
    65: 0
    66: 0
    67: 0
    68: 0
    69: 0
    70: 0
    71: 0
    72: 0
    73: 0
    74: 0
    75: 0
    76: 0
    77: 0
    78: 0
    79: 0
    80: 0
    81: 0
    82: 0
    83: 0
    84: 0
    85: 0
    86: 0
    87: 0
    88: 0
    89: 0
    90: 0
    91: 0
    92: 0
    93: 0
    94: 0
    95: 0
    96: 0
    97: 0
    98: 0
    99: 0
  mem-1: # Memory controller stats
   rd: 71257 # Read requests
   wr: 55471 # Write requests
   rdlat: 9803881 # Total latency experienced by read requests
   wrlat: 8457719 # Total latency experienced by write requests
   rdhits: 2878 # Read row hits
   wrhits: 1113 # Write row hits
   mlh: # latency histogram for memory requests
    0: 0
    1: 0
    2: 0
    3: 0
    4: 0
    5: 0
    6: 0
    7: 0
    8: 0
    9: 0
    10: 0
    11: 290
    12: 392
    13: 62267
    14: 2607
    15: 1371
    16: 899
    17: 459
    18: 504
    19: 523
    20: 522
    21: 326
    22: 101
    23: 83
    24: 93
    25: 60
    26: 24
    27: 30
    28: 24
    29: 42
    30: 62
    31: 42
    32: 38
    33: 59
    34: 44
    35: 33
    36: 36
    37: 53
    38: 51
    39: 34
    40: 33
    41: 35
    42: 38
    43: 20
    44: 9
    45: 13
    46: 16
    47: 13
    48: 7
    49: 3
    50: 0
    51: 0
    52: 1
    53: 0
    54: 0
    55: 0
    56: 0
    57: 0
    58: 0
    59: 0
    60: 0
    61: 0
    62: 0
    63: 0
    64: 0
    65: 0
    66: 0
    67: 0
    68: 0
    69: 0
    70: 0
    71: 0
    72: 0
    73: 0
    74: 0
    75: 0
    76: 0
    77: 0
    78: 0
    79: 0
    80: 0
    81: 0
    82: 0
    83: 0
    84: 0
    85: 0
    86: 0
    87: 0
    88: 0
    89: 0
    90: 0
    91: 0
    92: 0
    93: 0
    94: 0
    95: 0
    96: 0
    97: 0
    98: 0
    99: 0
  mem-2: # Memory controller stats
   rd: 71634 # Read requests
   wr: 55745 # Write requests
   rdlat: 9857435 # Total latency experienced by read requests
   wrlat: 8552250 # Total latency experienced by write requests
   rdhits: 3068 # Read row hits
   wrhits: 995 # Write row hits
   mlh: # latency histogram for memory requests
    0: 0
    1: 0
    2: 0
    3: 0
    4: 0
    5: 0
    6: 0
    7: 0
    8: 0
    9: 0
    10: 0
    11: 299
    12: 389
    13: 62347
    14: 2631
    15: 1456
    16: 969
    17: 518
    18: 527
    19: 565
    20: 484
    21: 354
    22: 99
    23: 92
    24: 87
    25: 61
    26: 33
    27: 43
    28: 30
    29: 24
    30: 51
    31: 40
    32: 35
    33: 64
    34: 40
    35: 46
    36: 56
    37: 54
    38: 39
    39: 33
    40: 30
    41: 37
    42: 32
    43: 12
    44: 4
    45: 9
    46: 6
    47: 12
    48: 11
    49: 4
    50: 2
    51: 1
    52: 0
    53: 3
    54: 2
    55: 3
    56: 0
    57: 0
    58: 0
    59: 0
    60: 0
    61: 0
    62: 0
    63: 0
    64: 0
    65: 0
    66: 0
    67: 0
    68: 0
    69: 0
    70: 0
    71: 0
    72: 0
    73: 0
    74: 0
    75: 0
    76: 0
    77: 0
    78: 0
    79: 0
    80: 0
    81: 0
    82: 0
    83: 0
    84: 0
    85: 0
    86: 0
    87: 0
    88: 0
    89: 0
    90: 0
    91: 0
    92: 0
    93: 0
    94: 0
    95: 0
    96: 0
    97: 0
    98: 0
    99: 0
  mem-3: # Memory controller stats
   rd: 70853 # Read requests
   wr: 55118 # Write requests
   rdlat: 9720712 # Total latency experienced by read requests
   wrlat: 8331409 # Total latency experienced by write requests
   rdhits: 2651 # Read row hits
   wrhits: 903 # Write row hits
   mlh: # latency histogram for memory requests
    0: 0
    1: 0
    2: 0
    3: 0
    4: 0
    5: 0
    6: 0
    7: 0
    8: 0
    9: 0
    10: 0
    11: 282
    12: 364
    13: 62195
    14: 2643
    15: 1437
    16: 864
    17: 392
    18: 439
    19: 492
    20: 413
    21: 286
    22: 107
    23: 94
    24: 73
    25: 53
    26: 41
    27: 30
    28: 28
    29: 42
    30: 40
    31: 38
    32: 42
    33: 44
    34: 45
    35: 38
    36: 42
    37: 52
    38: 46
    39: 44
    40: 28
    41: 23
    42: 23
    43: 9
    44: 8
    45: 9
    46: 18
    47: 10
    48: 5
    49: 7
    50: 2
    51: 1
    52: 0
    53: 2
    54: 0
    55: 0
    56: 0
    57: 1
    58: 0
    59: 1
    60: 0
    61: 0
    62: 0
    63: 0
    64: 0
    65: 0
    66: 0
    67: 0
    68: 0
    69: 0
    70: 0
    71: 0
    72: 0
    73: 0
    74: 0
    75: 0
    76: 0
    77: 0
    78: 0
    79: 0
    80: 0
    81: 0
    82: 0
    83: 0
    84: 0
    85: 0
    86: 0
    87: 0
    88: 0
    89: 0
    90: 0
    91: 0
    92: 0
    93: 0
    94: 0
    95: 0
    96: 0
    97: 0
    98: 0
    99: 0
 sched: # Scheduler stats
  thCr: 1 # Threads created
  thFn: 1 # Threads finished
  schedEvs: 1 # Schedule events
  waitEvs: 0 # Wait events
  handoffEvs: 0 # Handoff events
  sleepEvs: 0 # Sleep events
  idlePhases: 0 # Phases with no thread active
  idlePeriods: 0 # Periods with no thread active
  occHist: # Occupancy histogram
   0: 0
   1: 9169
  rqSzHist: # Run queue size histogram
   0: 9169
   1: 0
   2: 0
   3: 0
   4: 0
   5: 0
   6: 0
   7: 0
   8: 0
   9: 0
   10: 0
   11: 0
   12: 0
   13: 0
   14: 0
   15: 0
   16: 0
 procCycles: # Per-process unhalted core cycles
  0: 91690002
  1: 0
  2: 0
  3: 0
  4: 0
  5: 0
  6: 0
  7: 0
  8: 0
  9: 0
  10: 0
  11: 0
  12: 0
  13: 0
  14: 0
  15: 0
  16: 0
  17: 0
  18: 0
  19: 0
  20: 0
  21: 0
  22: 0
  23: 0
  24: 0
  25: 0
  26: 0
  27: 0
  28: 0
  29: 0
  30: 0
  31: 0
  32: 0
  33: 0
  34: 0
  35: 0
  36: 0
  37: 0
  38: 0
  39: 0
  40: 0
  41: 0
  42: 0
  43: 0
  44: 0
  45: 0
  46: 0
  47: 0
  48: 0
  49: 0
  50: 0
  51: 0
  52: 0
  53: 0
  54: 0
  55: 0
  56: 0
  57: 0
  58: 0
  59: 0
  60: 0
  61: 0
  62: 0
  63: 0
 procInstrs: # Per-process instructions
  0: 100000226
  1: 0
  2: 0
  3: 0
  4: 0
  5: 0
  6: 0
  7: 0
  8: 0
  9: 0
  10: 0
  11: 0
  12: 0
  13: 0
  14: 0
  15: 0
  16: 0
  17: 0
  18: 0
  19: 0
  20: 0
  21: 0
  22: 0
  23: 0
  24: 0
  25: 0
  26: 0
  27: 0
  28: 0
  29: 0
  30: 0
  31: 0
  32: 0
  33: 0
  34: 0
  35: 0
  36: 0
  37: 0
  38: 0
  39: 0
  40: 0
  41: 0
  42: 0
  43: 0
  44: 0
  45: 0
  46: 0
  47: 0
  48: 0
  49: 0
  50: 0
  51: 0
  52: 0
  53: 0
  54: 0
  55: 0
  56: 0
  57: 0
  58: 0
  59: 0
  60: 0
  61: 0
  62: 0
  63: 0
 heartbeats: # Per-process heartbeats
  0: 0
  1: 0
  2: 0
  3: 0
  4: 0
  5: 0
  6: 0
  7: 0
  8: 0
  9: 0
  10: 0
  11: 0
  12: 0
  13: 0
  14: 0
  15: 0
  16: 0
  17: 0
  18: 0
  19: 0
  20: 0
  21: 0
  22: 0
  23: 0
  24: 0
  25: 0
  26: 0
  27: 0
  28: 0
  29: 0
  30: 0
  31: 0
  32: 0
  33: 0
  34: 0
  35: 0
  36: 0
  37: 0
  38: 0
  39: 0
  40: 0
  41: 0
  42: 0
  43: 0
  44: 0
  45: 0
  46: 0
  47: 0
  48: 0
  49: 0
  50: 0
  51: 0
  52: 0
  53: 0
  54: 0
  55: 0
  56: 0
  57: 0
  58: 0
  59: 0
  60: 0
  61: 0
  62: 0
  63: 0
===
