# zsim stats
===
root: # Stats
 contention: # Contention simulation stats
  domain-0: # Domain stats
   time: 5269361182 # Weave simulation time
 time: # Simulator time breakdown
  init: 2057129269153
  bound: 209510722693
  weave: 5982785077
  ff: 0
 trigger: 20000 # Reason for this stats dump
 phase: 27416 # Simulated phases
 westmere: # Core stats
  westmere-0: # Core stats
   cycles: 274162524 # Simulated unhalted cycles
   cCycles: 64767861 # Cycles due to contention stalls
   instrs: 100000914 # Simulated instructions
   uops: 109363997 # Retired micro-ops
   bbls: 20080708 # Basic blocks
   approxInstrs: 1766121 # Instrs with approx uop decoding
   mispredBranches: 1074523 # Mispredicted branches
   condBranches: 19038084 # conditional branches
 l1i: # Cache stats
  l1i-0: # Filter cache stats
   fhGETS: 25469888 # Filtered GETS hits
   fhGETX: 0 # Filtered GETX hits
   hGETS: 191747 # GETS hits
   hGETX: 0 # GETX hits
   mGETS: 76878 # GETS misses
   mGETXIM: 0 # GETX I->M misses
   mGETXSM: 0 # GETX S->M misses (upgrade misses)
   PUTS: 0 # Clean evictions (from lower level)
   PUTX: 0 # Dirty evictions (from lower level)
   INV: 76868 # Invalidates (from upper level)
   INVX: 0 # Downgrades (from upper level)
   FWD: 0 # Forwards (from upper level)
   latGETnl: 9532872 # GET request latency on next level
   latGETnet: 0 # GET request latency on network to next level
 l1d: # Cache stats
  l1d-0: # Filter cache stats
   fhGETS: 22782797 # Filtered GETS hits
   fhGETX: 4068686 # Filtered GETX hits
   hGETS: 2157246 # GETS hits
   hGETX: 2526363 # GETX hits
   mGETS: 3699211 # GETS misses
   mGETXIM: 781544 # GETX I->M misses
   mGETXSM: 0 # GETX S->M misses (upgrade misses)
   PUTS: 0 # Clean evictions (from lower level)
   PUTX: 0 # Dirty evictions (from lower level)
   INV: 2118764 # Invalidates (from upper level)
   INVX: 0 # Downgrades (from upper level)
   FWD: 0 # Forwards (from upper level)
   latGETnl: 520775430 # GET request latency on next level
   latGETnet: 0 # GET request latency on network to next level
 l2: # Cache stats
  l2-0: # Cache stats
   hGETS: 244966 # GETS hits
   hGETX: 38714 # GETX hits
   mGETS: 3531123 # GETS misses
   mGETXIM: 742830 # GETX I->M misses
   mGETXSM: 0 # GETX S->M misses (upgrade misses)
   PUTS: 1400885 # Clean evictions (from lower level)
   PUTX: 960644 # Dirty evictions (from lower level)
   INV: 4149774 # Invalidates (from upper level)
   INVX: 0 # Downgrades (from upper level)
   FWD: 0 # Forwards (from upper level)
   latGETnl: 484731972 # GET request latency on next level
   latGETnet: 0 # GET request latency on network to next level
 l3: # Cache stats
  l3-0: # Cache stats
   hGETS: 22679 # GETS hits
   hGETX: 5084 # GETX hits
   mGETS: 3508444 # GETS misses
   mGETXIM: 737746 # GETX I->M misses
   mGETXSM: 0 # GETX S->M misses (upgrade misses)
   PUTS: 78150 # Clean evictions (from lower level)
   PUTX: 43635 # Dirty evictions (from lower level)
   INV: 0 # Invalidates (from upper level)
   INVX: 0 # Downgrades (from upper level)
   FWD: 0 # Forwards (from upper level)
   latGETnl: 382157100 # GET request latency on next level
   latGETnet: 0 # GET request latency on network to next level
 mem: # Memory controller stats
  mem-0: # Memory controller stats
   rd: 1060733 # Read requests
   wr: 453746 # Write requests
   rdlat: 146868761 # Total latency experienced by read requests
   wrlat: 74994458 # Total latency experienced by write requests
   rdhits: 36340 # Read row hits
   wrhits: 13753 # Write row hits
   mlh: # latency histogram for memory requests
    0: 0
    1: 0
    2: 0
    3: 0
    4: 0
    5: 0
    6: 0
    7: 0
    8: 0
    9: 2
    10: 1
    11: 1675
    12: 2115
    13: 860241
    14: 111394
    15: 32609
    16: 14011
    17: 5182
    18: 2667
    19: 2845
    20: 3133
    21: 3157
    22: 2291
    23: 2520
    24: 3546
    25: 2227
    26: 516
    27: 419
    28: 477
    29: 565
    30: 613
    31: 605
    32: 559
    33: 581
    34: 640
    35: 652
    36: 661
    37: 642
    38: 593
    39: 631
    40: 604
    41: 589
    42: 571
    43: 290
    44: 184
    45: 146
    46: 129
    47: 187
    48: 133
    49: 41
    50: 24
    51: 15
    52: 12
    53: 6
    54: 4
    55: 3
    56: 5
    57: 0
    58: 1
    59: 2
    60: 2
    61: 0
    62: 0
    63: 0
    64: 0
    65: 0
    66: 0
    67: 2
    68: 0
    69: 0
    70: 0
    71: 0
    72: 2
    73: 4
    74: 0
    75: 0
    76: 0
    77: 0
    78: 0
    79: 0
    80: 0
    81: 0
    82: 0
    83: 0
    84: 0
    85: 0
    86: 0
    87: 0
    88: 0
    89: 0
    90: 0
    91: 0
    92: 0
    93: 0
    94: 0
    95: 0
    96: 0
    97: 0
    98: 0
    99: 7
  mem-1: # Memory controller stats
   rd: 1078673 # Read requests
   wr: 450336 # Write requests
   rdlat: 149289697 # Total latency experienced by read requests
   wrlat: 74348268 # Total latency experienced by write requests
   rdhits: 34777 # Read row hits
   wrhits: 14297 # Write row hits
   mlh: # latency histogram for memory requests
    0: 0
    1: 0
    2: 0
    3: 0
    4: 0
    5: 0
    6: 0
    7: 0
    8: 0
    9: 10
    10: 0
    11: 1473
    12: 2054
    13: 876693
    14: 113420
    15: 33568
    16: 13142
    17: 4972
    18: 2811
    19: 2418
    20: 2883
    21: 3087
    22: 2280
    23: 2577
    24: 3754
    25: 2076
    26: 443
    27: 451
    28: 473
    29: 622
    30: 610
    31: 644
    32: 597
    33: 607
    34: 662
    35: 716
    36: 694
    37: 688
    38: 674
    39: 618
    40: 580
    41: 582
    42: 548
    43: 302
    44: 161
    45: 149
    46: 157
    47: 186
    48: 154
    49: 28
    50: 28
    51: 26
    52: 10
    53: 14
    54: 4
    55: 3
    56: 3
    57: 0
    58: 2
    59: 1
    60: 1
    61: 1
    62: 0
    63: 0
    64: 0
    65: 0
    66: 1
    67: 0
    68: 1
    69: 0
    70: 0
    71: 0
    72: 0
    73: 0
    74: 0
    75: 0
    76: 5
    77: 1
    78: 1
    79: 0
    80: 0
    81: 0
    82: 0
    83: 0
    84: 0
    85: 0
    86: 0
    87: 0
    88: 0
    89: 0
    90: 0
    91: 0
    92: 0
    93: 0
    94: 0
    95: 0
    96: 0
    97: 0
    98: 6
    99: 1
  mem-2: # Memory controller stats
   rd: 1053070 # Read requests
   wr: 446304 # Write requests
   rdlat: 145851050 # Total latency experienced by read requests
   wrlat: 73506171 # Total latency experienced by write requests
   rdhits: 35002 # Read row hits
   wrhits: 13228 # Write row hits
   mlh: # latency histogram for memory requests
    0: 0
    1: 0
    2: 0
    3: 0
    4: 0
    5: 0
    6: 0
    7: 0
    8: 0
    9: 0
    10: 4
    11: 1598
    12: 2189
    13: 850396
    14: 115415
    15: 32776
    16: 12844
    17: 5083
    18: 2660
    19: 2751
    20: 2918
    21: 2938
    22: 2043
    23: 2375
    24: 3536
    25: 2185
    26: 440
    27: 437
    28: 512
    29: 574
    30: 547
    31: 604
    32: 630
    33: 611
    34: 661
    35: 757
    36: 648
    37: 670
    38: 601
    39: 681
    40: 623
    41: 580
    42: 552
    43: 320
    44: 160
    45: 144
    46: 124
    47: 170
    48: 157
    49: 32
    50: 30
    51: 19
    52: 20
    53: 10
    54: 13
    55: 4
    56: 3
    57: 5
    58: 4
    59: 0
    60: 0
    61: 0
    62: 1
    63: 0
    64: 0
    65: 0
    66: 0
    67: 0
    68: 1
    69: 0
    70: 0
    71: 0
    72: 0
    73: 0
    74: 0
    75: 6
    76: 6
    77: 1
    78: 1
    79: 0
    80: 0
    81: 0
    82: 0
    83: 0
    84: 0
    85: 0
    86: 0
    87: 0
    88: 0
    89: 0
    90: 0
    91: 0
    92: 0
    93: 0
    94: 0
    95: 0
    96: 0
    97: 0
    98: 0
    99: 0
  mem-3: # Memory controller stats
   rd: 1053654 # Read requests
   wr: 445590 # Write requests
   rdlat: 145859929 # Total latency experienced by read requests
   wrlat: 73271688 # Total latency experienced by write requests
   rdhits: 35880 # Read row hits
   wrhits: 13696 # Write row hits
   mlh: # latency histogram for memory requests
    0: 0
    1: 0
    2: 0
    3: 0
    4: 0
    5: 0
    6: 0
    7: 0
    8: 0
    9: 5
    10: 3
    11: 1781
    12: 2089
    13: 851871
    14: 114258
    15: 32841
    16: 13175
    17: 5106
    18: 2866
    19: 2842
    20: 2792
    21: 2967
    22: 1908
    23: 2360
    24: 3337
    25: 2201
    26: 457
    27: 432
    28: 474
    29: 626
    30: 585
    31: 619
    32: 611
    33: 598
    34: 606
    35: 702
    36: 758
    37: 655
    38: 595
    39: 627
    40: 601
    41: 558
    42: 602
    43: 295
    44: 142
    45: 129
    46: 133
    47: 171
    48: 144
    49: 49
    50: 23
    51: 18
    52: 11
    53: 9
    54: 7
    55: 4
    56: 6
    57: 2
    58: 1
    59: 0
    60: 1
    61: 0
    62: 0
    63: 0
    64: 0
    65: 1
    66: 0
    67: 0
    68: 0
    69: 0
    70: 0
    71: 0
    72: 0
    73: 0
    74: 0
    75: 0
    76: 0
    77: 0
    78: 0
    79: 0
    80: 0
    81: 0
    82: 0
    83: 0
    84: 0
    85: 0
    86: 0
    87: 0
    88: 0
    89: 0
    90: 0
    91: 0
    92: 0
    93: 0
    94: 0
    95: 0
    96: 0
    97: 0
    98: 0
    99: 0
 sched: # Scheduler stats
  thCr: 1 # Threads created
  thFn: 1 # Threads finished
  schedEvs: 1 # Schedule events
  waitEvs: 0 # Wait events
  handoffEvs: 0 # Handoff events
  sleepEvs: 0 # Sleep events
  idlePhases: 0 # Phases with no thread active
  idlePeriods: 0 # Periods with no thread active
  occHist: # Occupancy histogram
   0: 0
   1: 27416
  rqSzHist: # Run queue size histogram
   0: 27416
   1: 0
   2: 0
   3: 0
   4: 0
   5: 0
   6: 0
   7: 0
   8: 0
   9: 0
   10: 0
   11: 0
   12: 0
   13: 0
   14: 0
   15: 0
   16: 0
 procCycles: # Per-process unhalted core cycles
  0: 274162524
  1: 0
  2: 0
  3: 0
  4: 0
  5: 0
  6: 0
  7: 0
  8: 0
  9: 0
  10: 0
  11: 0
  12: 0
  13: 0
  14: 0
  15: 0
  16: 0
  17: 0
  18: 0
  19: 0
  20: 0
  21: 0
  22: 0
  23: 0
  24: 0
  25: 0
  26: 0
  27: 0
  28: 0
  29: 0
  30: 0
  31: 0
  32: 0
  33: 0
  34: 0
  35: 0
  36: 0
  37: 0
  38: 0
  39: 0
  40: 0
  41: 0
  42: 0
  43: 0
  44: 0
  45: 0
  46: 0
  47: 0
  48: 0
  49: 0
  50: 0
  51: 0
  52: 0
  53: 0
  54: 0
  55: 0
  56: 0
  57: 0
  58: 0
  59: 0
  60: 0
  61: 0
  62: 0
  63: 0
 procInstrs: # Per-process instructions
  0: 100000914
  1: 0
  2: 0
  3: 0
  4: 0
  5: 0
  6: 0
  7: 0
  8: 0
  9: 0
  10: 0
  11: 0
  12: 0
  13: 0
  14: 0
  15: 0
  16: 0
  17: 0
  18: 0
  19: 0
  20: 0
  21: 0
  22: 0
  23: 0
  24: 0
  25: 0
  26: 0
  27: 0
  28: 0
  29: 0
  30: 0
  31: 0
  32: 0
  33: 0
  34: 0
  35: 0
  36: 0
  37: 0
  38: 0
  39: 0
  40: 0
  41: 0
  42: 0
  43: 0
  44: 0
  45: 0
  46: 0
  47: 0
  48: 0
  49: 0
  50: 0
  51: 0
  52: 0
  53: 0
  54: 0
  55: 0
  56: 0
  57: 0
  58: 0
  59: 0
  60: 0
  61: 0
  62: 0
  63: 0
 heartbeats: # Per-process heartbeats
  0: 0
  1: 0
  2: 0
  3: 0
  4: 0
  5: 0
  6: 0
  7: 0
  8: 0
  9: 0
  10: 0
  11: 0
  12: 0
  13: 0
  14: 0
  15: 0
  16: 0
  17: 0
  18: 0
  19: 0
  20: 0
  21: 0
  22: 0
  23: 0
  24: 0
  25: 0
  26: 0
  27: 0
  28: 0
  29: 0
  30: 0
  31: 0
  32: 0
  33: 0
  34: 0
  35: 0
  36: 0
  37: 0
  38: 0
  39: 0
  40: 0
  41: 0
  42: 0
  43: 0
  44: 0
  45: 0
  46: 0
  47: 0
  48: 0
  49: 0
  50: 0
  51: 0
  52: 0
  53: 0
  54: 0
  55: 0
  56: 0
  57: 0
  58: 0
  59: 0
  60: 0
  61: 0
  62: 0
  63: 0
===
