# zsim stats
===
root: # Stats
 contention: # Contention simulation stats
  domain-0: # Domain stats
   time: 4448359335 # Weave simulation time
 time: # Simulator time breakdown
  init: 2154128707347
  bound: 22421236546
  weave: 5175529640
  ff: 0
 trigger: 20000 # Reason for this stats dump
 phase: 14699 # Simulated phases
 westmere: # Core stats
  westmere-0: # Core stats
   cycles: 146992430 # Simulated unhalted cycles
   cCycles: 26911218 # Cycles due to contention stalls
   instrs: 100002179 # Simulated instructions
   uops: 114165120 # Retired micro-ops
   bbls: 2330476 # Basic blocks
   approxInstrs: 553210 # Instrs with approx uop decoding
   mispredBranches: 3146 # Mispredicted branches
   condBranches: 916853 # conditional branches
 l1i: # Cache stats
  l1i-0: # Filter cache stats
   fhGETS: 9225793 # Filtered GETS hits
   fhGETX: 0 # Filtered GETX hits
   hGETS: 6 # GETS hits
   hGETX: 0 # GETX hits
   mGETS: 120 # GETS misses
   mGETXIM: 0 # GETX I->M misses
   mGETXSM: 0 # GETX S->M misses (upgrade misses)
   PUTS: 0 # Clean evictions (from lower level)
   PUTX: 0 # Dirty evictions (from lower level)
   INV: 0 # Invalidates (from upper level)
   INVX: 0 # Downgrades (from upper level)
   FWD: 0 # Forwards (from upper level)
   latGETnl: 14880 # GET request latency on next level
   latGETnet: 0 # GET request latency on network to next level
 l1d: # Cache stats
  l1d-0: # Filter cache stats
   fhGETS: 17981302 # Filtered GETS hits
   fhGETX: 5283763 # Filtered GETX hits
   hGETS: 1001917 # GETS hits
   hGETX: 873317 # GETX hits
   mGETS: 788881 # GETS misses
   mGETXIM: 4305863 # GETX I->M misses
   mGETXSM: 0 # GETX S->M misses (upgrade misses)
   PUTS: 0 # Clean evictions (from lower level)
   PUTX: 0 # Dirty evictions (from lower level)
   INV: 0 # Invalidates (from upper level)
   INVX: 0 # Downgrades (from upper level)
   FWD: 0 # Forwards (from upper level)
   latGETnl: 403914672 # GET request latency on next level
   latGETnet: 0 # GET request latency on network to next level
 l2: # Cache stats
  l2-0: # Cache stats
   hGETS: 96 # GETS hits
   hGETX: 1998355 # GETX hits
   mGETS: 788905 # GETS misses
   mGETXIM: 2307508 # GETX I->M misses
   mGETXSM: 0 # GETX S->M misses (upgrade misses)
   PUTS: 788364 # Clean evictions (from lower level)
   PUTX: 4305868 # Dirty evictions (from lower level)
   INV: 0 # Invalidates (from upper level)
   INVX: 0 # Downgrades (from upper level)
   FWD: 0 # Forwards (from upper level)
   latGETnl: 352980912 # GET request latency on next level
   latGETnet: 0 # GET request latency on network to next level
 l3: # Cache stats
  l3-0: # Cache stats
   hGETS: 66 # GETS hits
   hGETX: 47 # GETX hits
   mGETS: 788839 # GETS misses
   mGETXIM: 2307461 # GETX I->M misses
   mGETXSM: 0 # GETX S->M misses (upgrade misses)
   PUTS: 784804 # Clean evictions (from lower level)
   PUTX: 2307513 # Dirty evictions (from lower level)
   INV: 0 # Invalidates (from upper level)
   INVX: 0 # Downgrades (from upper level)
   FWD: 0 # Forwards (from upper level)
   latGETnl: 278667000 # GET request latency on next level
   latGETnet: 0 # GET request latency on network to next level
 mem: # Memory controller stats
  mem-0: # Memory controller stats
   rd: 774062 # Read requests
   wr: 574749 # Write requests
   rdlat: 110465515 # Total latency experienced by read requests
   wrlat: 101470142 # Total latency experienced by write requests
   rdhits: 56 # Read row hits
   wrhits: 12230 # Write row hits
   mlh: # latency histogram for memory requests
    0: 0
    1: 0
    2: 0
    3: 0
    4: 0
    5: 0
    6: 0
    7: 0
    8: 0
    9: 0
    10: 0
    11: 1
    12: 6
    13: 452295
    14: 155826
    15: 108230
    16: 6449
    17: 30627
    18: 1166
    19: 1667
    20: 2539
    21: 3604
    22: 2277
    23: 1756
    24: 914
    25: 553
    26: 369
    27: 560
    28: 524
    29: 340
    30: 303
    31: 310
    32: 339
    33: 354
    34: 344
    35: 267
    36: 205
    37: 185
    38: 178
    39: 355
    40: 253
    41: 252
    42: 293
    43: 149
    44: 103
    45: 53
    46: 74
    47: 72
    48: 164
    49: 66
    50: 16
    51: 4
    52: 5
    53: 8
    54: 6
    55: 1
    56: 0
    57: 0
    58: 0
    59: 0
    60: 0
    61: 0
    62: 0
    63: 0
    64: 0
    65: 0
    66: 0
    67: 0
    68: 0
    69: 0
    70: 0
    71: 0
    72: 0
    73: 0
    74: 0
    75: 0
    76: 0
    77: 0
    78: 0
    79: 0
    80: 0
    81: 0
    82: 0
    83: 0
    84: 0
    85: 0
    86: 0
    87: 0
    88: 0
    89: 0
    90: 0
    91: 0
    92: 0
    93: 0
    94: 0
    95: 0
    96: 0
    97: 0
    98: 0
    99: 0
  mem-1: # Memory controller stats
   rd: 774072 # Read requests
   wr: 574752 # Write requests
   rdlat: 110402647 # Total latency experienced by read requests
   wrlat: 100742983 # Total latency experienced by write requests
   rdhits: 81 # Read row hits
   wrhits: 13238 # Write row hits
   mlh: # latency histogram for memory requests
    0: 0
    1: 0
    2: 0
    3: 0
    4: 0
    5: 0
    6: 0
    7: 0
    8: 0
    9: 0
    10: 0
    11: 1
    12: 0
    13: 452528
    14: 156685
    15: 106544
    16: 8274
    17: 31096
    18: 901
    19: 1649
    20: 2117
    21: 3057
    22: 1976
    23: 1511
    24: 880
    25: 692
    26: 426
    27: 533
    28: 445
    29: 361
    30: 334
    31: 327
    32: 346
    33: 375
    34: 332
    35: 249
    36: 201
    37: 206
    38: 205
    39: 351
    40: 214
    41: 269
    42: 269
    43: 131
    44: 80
    45: 55
    46: 84
    47: 84
    48: 142
    49: 70
    50: 20
    51: 8
    52: 11
    53: 11
    54: 12
    55: 1
    56: 2
    57: 2
    58: 0
    59: 0
    60: 1
    61: 1
    62: 2
    63: 0
    64: 1
    65: 0
    66: 0
    67: 0
    68: 0
    69: 0
    70: 0
    71: 0
    72: 0
    73: 0
    74: 0
    75: 0
    76: 0
    77: 0
    78: 0
    79: 0
    80: 0
    81: 0
    82: 0
    83: 0
    84: 0
    85: 0
    86: 0
    87: 0
    88: 0
    89: 0
    90: 0
    91: 0
    92: 0
    93: 0
    94: 0
    95: 0
    96: 0
    97: 0
    98: 0
    99: 0
  mem-2: # Memory controller stats
   rd: 774065 # Read requests
   wr: 574757 # Write requests
   rdlat: 110466458 # Total latency experienced by read requests
   wrlat: 101474280 # Total latency experienced by write requests
   rdhits: 67 # Read row hits
   wrhits: 12893 # Write row hits
   mlh: # latency histogram for memory requests
    0: 0
    1: 0
    2: 0
    3: 0
    4: 0
    5: 0
    6: 0
    7: 0
    8: 0
    9: 0
    10: 0
    11: 5
    12: 2
    13: 451857
    14: 155577
    15: 108845
    16: 6798
    17: 30311
    18: 1100
    19: 1692
    20: 2586
    21: 3658
    22: 2289
    23: 1771
    24: 818
    25: 586
    26: 410
    27: 574
    28: 495
    29: 378
    30: 344
    31: 360
    32: 328
    33: 353
    34: 318
    35: 238
    36: 200
    37: 191
    38: 167
    39: 371
    40: 255
    41: 248
    42: 271
    43: 130
    44: 92
    45: 49
    46: 71
    47: 71
    48: 144
    49: 53
    50: 10
    51: 7
    52: 9
    53: 10
    54: 10
    55: 4
    56: 1
    57: 1
    58: 1
    59: 1
    60: 1
    61: 2
    62: 1
    63: 0
    64: 0
    65: 0
    66: 0
    67: 1
    68: 0
    69: 0
    70: 0
    71: 0
    72: 0
    73: 0
    74: 0
    75: 0
    76: 0
    77: 0
    78: 0
    79: 0
    80: 0
    81: 0
    82: 0
    83: 0
    84: 0
    85: 0
    86: 0
    87: 0
    88: 0
    89: 0
    90: 0
    91: 0
    92: 0
    93: 0
    94: 0
    95: 0
    96: 0
    97: 0
    98: 0
    99: 0
  mem-3: # Memory controller stats
   rd: 774041 # Read requests
   wr: 574745 # Write requests
   rdlat: 110486939 # Total latency experienced by read requests
   wrlat: 100833222 # Total latency experienced by write requests
   rdhits: 50 # Read row hits
   wrhits: 12701 # Write row hits
   mlh: # latency histogram for memory requests
    0: 0
    1: 0
    2: 0
    3: 0
    4: 0
    5: 0
    6: 0
    7: 0
    8: 0
    9: 0
    10: 0
    11: 1
    12: 2
    13: 451677
    14: 156026
    15: 107462
    16: 8283
    17: 31185
    18: 857
    19: 1578
    20: 2215
    21: 3140
    22: 2067
    23: 1620
    24: 869
    25: 692
    26: 428
    27: 527
    28: 482
    29: 374
    30: 342
    31: 336
    32: 340
    33: 397
    34: 347
    35: 261
    36: 220
    37: 192
    38: 192
    39: 354
    40: 278
    41: 279
    42: 274
    43: 157
    44: 77
    45: 36
    46: 69
    47: 84
    48: 157
    49: 81
    50: 27
    51: 15
    52: 12
    53: 10
    54: 10
    55: 4
    56: 2
    57: 3
    58: 0
    59: 0
    60: 0
    61: 0
    62: 0
    63: 0
    64: 0
    65: 0
    66: 0
    67: 0
    68: 0
    69: 0
    70: 0
    71: 0
    72: 0
    73: 0
    74: 0
    75: 0
    76: 0
    77: 0
    78: 0
    79: 0
    80: 0
    81: 0
    82: 0
    83: 0
    84: 0
    85: 0
    86: 0
    87: 0
    88: 0
    89: 0
    90: 0
    91: 0
    92: 0
    93: 0
    94: 0
    95: 0
    96: 0
    97: 0
    98: 0
    99: 0
 sched: # Scheduler stats
  thCr: 1 # Threads created
  thFn: 1 # Threads finished
  schedEvs: 1 # Schedule events
  waitEvs: 0 # Wait events
  handoffEvs: 0 # Handoff events
  sleepEvs: 0 # Sleep events
  idlePhases: 0 # Phases with no thread active
  idlePeriods: 0 # Periods with no thread active
  occHist: # Occupancy histogram
   0: 0
   1: 14699
  rqSzHist: # Run queue size histogram
   0: 14699
   1: 0
   2: 0
   3: 0
   4: 0
   5: 0
   6: 0
   7: 0
   8: 0
   9: 0
   10: 0
   11: 0
   12: 0
   13: 0
   14: 0
   15: 0
   16: 0
 procCycles: # Per-process unhalted core cycles
  0: 146992430
  1: 0
  2: 0
  3: 0
  4: 0
  5: 0
  6: 0
  7: 0
  8: 0
  9: 0
  10: 0
  11: 0
  12: 0
  13: 0
  14: 0
  15: 0
  16: 0
  17: 0
  18: 0
  19: 0
  20: 0
  21: 0
  22: 0
  23: 0
  24: 0
  25: 0
  26: 0
  27: 0
  28: 0
  29: 0
  30: 0
  31: 0
  32: 0
  33: 0
  34: 0
  35: 0
  36: 0
  37: 0
  38: 0
  39: 0
  40: 0
  41: 0
  42: 0
  43: 0
  44: 0
  45: 0
  46: 0
  47: 0
  48: 0
  49: 0
  50: 0
  51: 0
  52: 0
  53: 0
  54: 0
  55: 0
  56: 0
  57: 0
  58: 0
  59: 0
  60: 0
  61: 0
  62: 0
  63: 0
 procInstrs: # Per-process instructions
  0: 100002179
  1: 0
  2: 0
  3: 0
  4: 0
  5: 0
  6: 0
  7: 0
  8: 0
  9: 0
  10: 0
  11: 0
  12: 0
  13: 0
  14: 0
  15: 0
  16: 0
  17: 0
  18: 0
  19: 0
  20: 0
  21: 0
  22: 0
  23: 0
  24: 0
  25: 0
  26: 0
  27: 0
  28: 0
  29: 0
  30: 0
  31: 0
  32: 0
  33: 0
  34: 0
  35: 0
  36: 0
  37: 0
  38: 0
  39: 0
  40: 0
  41: 0
  42: 0
  43: 0
  44: 0
  45: 0
  46: 0
  47: 0
  48: 0
  49: 0
  50: 0
  51: 0
  52: 0
  53: 0
  54: 0
  55: 0
  56: 0
  57: 0
  58: 0
  59: 0
  60: 0
  61: 0
  62: 0
  63: 0
 heartbeats: # Per-process heartbeats
  0: 0
  1: 0
  2: 0
  3: 0
  4: 0
  5: 0
  6: 0
  7: 0
  8: 0
  9: 0
  10: 0
  11: 0
  12: 0
  13: 0
  14: 0
  15: 0
  16: 0
  17: 0
  18: 0
  19: 0
  20: 0
  21: 0
  22: 0
  23: 0
  24: 0
  25: 0
  26: 0
  27: 0
  28: 0
  29: 0
  30: 0
  31: 0
  32: 0
  33: 0
  34: 0
  35: 0
  36: 0
  37: 0
  38: 0
  39: 0
  40: 0
  41: 0
  42: 0
  43: 0
  44: 0
  45: 0
  46: 0
  47: 0
  48: 0
  49: 0
  50: 0
  51: 0
  52: 0
  53: 0
  54: 0
  55: 0
  56: 0
  57: 0
  58: 0
  59: 0
  60: 0
  61: 0
  62: 0
  63: 0
===
