# zsim stats
===
root: # Stats
 contention: # Contention simulation stats
  domain-0: # Domain stats
   time: 1427526383 # Weave simulation time
 time: # Simulator time breakdown
  init: 674503548002
  bound: 10703785830
  weave: 1795877536
  ff: 0
 trigger: 20000 # Reason for this stats dump
 phase: 17182 # Simulated phases
 westmere: # Core stats
  westmere-0: # Core stats
   cycles: 171821426 # Simulated unhalted cycles
   cCycles: 45534218 # Cycles due to contention stalls
   instrs: 100000523 # Simulated instructions
   uops: 117226504 # Retired micro-ops
   bbls: 8768920 # Basic blocks
   approxInstrs: 737808 # Instrs with approx uop decoding
   mispredBranches: 70855 # Mispredicted branches
   condBranches: 8610405 # conditional branches
 l1i: # Cache stats
  l1i-0: # Filter cache stats
   fhGETS: 11617769 # Filtered GETS hits
   fhGETX: 0 # Filtered GETX hits
   hGETS: 491 # GETS hits
   hGETX: 0 # GETX hits
   mGETS: 1004 # GETS misses
   mGETXIM: 0 # GETX I->M misses
   mGETXSM: 0 # GETX S->M misses (upgrade misses)
   PUTS: 0 # Clean evictions (from lower level)
   PUTX: 0 # Dirty evictions (from lower level)
   INV: 8 # Invalidates (from upper level)
   INVX: 0 # Downgrades (from upper level)
   FWD: 0 # Forwards (from upper level)
   latGETnl: 121580 # GET request latency on next level
   latGETnet: 0 # GET request latency on network to next level
 l1d: # Cache stats
  l1d-0: # Filter cache stats
   fhGETS: 19300798 # Filtered GETS hits
   fhGETX: 5351147 # Filtered GETX hits
   hGETS: 11528975 # GETS hits
   hGETX: 4715265 # GETX hits
   mGETS: 2461319 # GETS misses
   mGETXIM: 892127 # GETX I->M misses
   mGETXSM: 0 # GETX S->M misses (upgrade misses)
   PUTS: 0 # Clean evictions (from lower level)
   PUTX: 0 # Dirty evictions (from lower level)
   INV: 0 # Invalidates (from upper level)
   INVX: 0 # Downgrades (from upper level)
   FWD: 0 # Forwards (from upper level)
   latGETnl: 310769578 # GET request latency on next level
   latGETnet: 0 # GET request latency on network to next level
 l2: # Cache stats
  l2-0: # Cache stats
   hGETS: 521750 # GETS hits
   hGETX: 212288 # GETX hits
   mGETS: 1940573 # GETS misses
   mGETXIM: 679839 # GETX I->M misses
   mGETXSM: 0 # GETX S->M misses (upgrade misses)
   PUTS: 2169934 # Clean evictions (from lower level)
   PUTX: 1183491 # Dirty evictions (from lower level)
   INV: 8 # Invalidates (from upper level)
   INVX: 0 # Downgrades (from upper level)
   FWD: 0 # Forwards (from upper level)
   latGETnl: 277346658 # GET request latency on next level
   latGETnet: 0 # GET request latency on network to next level
 l3: # Cache stats
  l3-0: # Cache stats
   hGETS: 196049 # GETS hits
   hGETX: 41510 # GETX hits
   mGETS: 1744524 # GETS misses
   mGETXIM: 638329 # GETX I->M misses
   mGETXSM: 0 # GETX S->M misses (upgrade misses)
   PUTS: 1710910 # Clean evictions (from lower level)
   PUTX: 905398 # Dirty evictions (from lower level)
   INV: 0 # Invalidates (from upper level)
   INVX: 0 # Downgrades (from upper level)
   FWD: 0 # Forwards (from upper level)
   latGETnl: 214456770 # GET request latency on next level
   latGETnet: 0 # GET request latency on network to next level
 mem: # Memory controller stats
  mem-0: # Memory controller stats
   rd: 595643 # Read requests
   wr: 209743 # Write requests
   rdlat: 88159607 # Total latency experienced by read requests
   wrlat: 33486142 # Total latency experienced by write requests
   rdhits: 248 # Read row hits
   wrhits: 830 # Write row hits
   mlh: # latency histogram for memory requests
    0: 0
    1: 0
    2: 0
    3: 0
    4: 0
    5: 0
    6: 0
    7: 0
    8: 0
    9: 0
    10: 0
    11: 6
    12: 1
    13: 371262
    14: 87260
    15: 56391
    16: 6473
    17: 20252
    18: 11122
    19: 5585
    20: 688
    21: 410
    22: 524
    23: 3593
    24: 14695
    25: 5375
    26: 2251
    27: 756
    28: 308
    29: 420
    30: 353
    31: 355
    32: 338
    33: 390
    34: 459
    35: 2502
    36: 500
    37: 334
    38: 364
    39: 380
    40: 361
    41: 348
    42: 380
    43: 198
    44: 112
    45: 71
    46: 53
    47: 110
    48: 184
    49: 123
    50: 87
    51: 75
    52: 39
    53: 32
    54: 18
    55: 10
    56: 6
    57: 2
    58: 15
    59: 30
    60: 13
    61: 6
    62: 3
    63: 3
    64: 8
    65: 3
    66: 1
    67: 0
    68: 0
    69: 2
    70: 1
    71: 1
    72: 1
    73: 0
    74: 0
    75: 0
    76: 0
    77: 0
    78: 0
    79: 0
    80: 0
    81: 0
    82: 0
    83: 0
    84: 0
    85: 0
    86: 0
    87: 0
    88: 0
    89: 0
    90: 0
    91: 0
    92: 0
    93: 0
    94: 0
    95: 0
    96: 0
    97: 0
    98: 0
    99: 0
  mem-1: # Memory controller stats
   rd: 595737 # Read requests
   wr: 209746 # Write requests
   rdlat: 88163789 # Total latency experienced by read requests
   wrlat: 33559972 # Total latency experienced by write requests
   rdhits: 249 # Read row hits
   wrhits: 959 # Write row hits
   mlh: # latency histogram for memory requests
    0: 0
    1: 0
    2: 0
    3: 0
    4: 0
    5: 0
    6: 0
    7: 0
    8: 0
    9: 0
    10: 0
    11: 12
    12: 1
    13: 371318
    14: 86805
    15: 56544
    16: 6581
    17: 20280
    18: 11312
    19: 5475
    20: 645
    21: 468
    22: 611
    23: 3617
    24: 14839
    25: 5358
    26: 2248
    27: 765
    28: 259
    29: 391
    30: 369
    31: 388
    32: 352
    33: 375
    34: 439
    35: 2532
    36: 540
    37: 342
    38: 316
    39: 328
    40: 313
    41: 351
    42: 356
    43: 210
    44: 109
    45: 77
    46: 65
    47: 122
    48: 186
    49: 107
    50: 78
    51: 64
    52: 39
    53: 40
    54: 15
    55: 11
    56: 5
    57: 8
    58: 12
    59: 23
    60: 14
    61: 7
    62: 2
    63: 2
    64: 3
    65: 3
    66: 1
    67: 0
    68: 0
    69: 3
    70: 1
    71: 0
    72: 0
    73: 0
    74: 0
    75: 0
    76: 0
    77: 0
    78: 0
    79: 0
    80: 0
    81: 0
    82: 0
    83: 0
    84: 0
    85: 0
    86: 0
    87: 0
    88: 0
    89: 0
    90: 0
    91: 0
    92: 0
    93: 0
    94: 0
    95: 0
    96: 0
    97: 0
    98: 0
    99: 0
  mem-2: # Memory controller stats
   rd: 595697 # Read requests
   wr: 209761 # Write requests
   rdlat: 88213828 # Total latency experienced by read requests
   wrlat: 33522493 # Total latency experienced by write requests
   rdhits: 235 # Read row hits
   wrhits: 831 # Write row hits
   mlh: # latency histogram for memory requests
    0: 0
    1: 0
    2: 0
    3: 0
    4: 0
    5: 0
    6: 0
    7: 0
    8: 0
    9: 1
    10: 0
    11: 6
    12: 0
    13: 370795
    14: 87189
    15: 56302
    16: 6521
    17: 20288
    18: 11263
    19: 5613
    20: 744
    21: 583
    22: 522
    23: 3681
    24: 14716
    25: 5441
    26: 2269
    27: 755
    28: 299
    29: 425
    30: 358
    31: 370
    32: 344
    33: 342
    34: 483
    35: 2515
    36: 561
    37: 343
    38: 332
    39: 375
    40: 346
    41: 324
    42: 380
    43: 233
    44: 111
    45: 83
    46: 50
    47: 93
    48: 155
    49: 116
    50: 84
    51: 84
    52: 44
    53: 35
    54: 25
    55: 15
    56: 4
    57: 0
    58: 12
    59: 28
    60: 12
    61: 6
    62: 5
    63: 5
    64: 2
    65: 1
    66: 0
    67: 1
    68: 1
    69: 3
    70: 1
    71: 1
    72: 0
    73: 0
    74: 0
    75: 0
    76: 0
    77: 1
    78: 0
    79: 0
    80: 0
    81: 0
    82: 0
    83: 0
    84: 0
    85: 0
    86: 0
    87: 0
    88: 0
    89: 0
    90: 0
    91: 0
    92: 0
    93: 0
    94: 0
    95: 0
    96: 0
    97: 0
    98: 0
    99: 0
  mem-3: # Memory controller stats
   rd: 595754 # Read requests
   wr: 209776 # Write requests
   rdlat: 88137002 # Total latency experienced by read requests
   wrlat: 33550054 # Total latency experienced by write requests
   rdhits: 242 # Read row hits
   wrhits: 958 # Write row hits
   mlh: # latency histogram for memory requests
    0: 0
    1: 0
    2: 0
    3: 0
    4: 0
    5: 0
    6: 0
    7: 0
    8: 0
    9: 0
    10: 0
    11: 3
    12: 0
    13: 371163
    14: 87113
    15: 56471
    16: 6483
    17: 20396
    18: 11264
    19: 5511
    20: 684
    21: 468
    22: 606
    23: 3654
    24: 14776
    25: 5462
    26: 2212
    27: 781
    28: 304
    29: 425
    30: 352
    31: 348
    32: 315
    33: 366
    34: 430
    35: 2473
    36: 540
    37: 324
    38: 363
    39: 328
    40: 304
    41: 307
    42: 339
    43: 236
    44: 113
    45: 74
    46: 55
    47: 119
    48: 179
    49: 102
    50: 70
    51: 65
    52: 37
    53: 27
    54: 31
    55: 11
    56: 6
    57: 1
    58: 10
    59: 20
    60: 9
    61: 8
    62: 3
    63: 4
    64: 3
    65: 2
    66: 0
    67: 0
    68: 0
    69: 3
    70: 1
    71: 0
    72: 0
    73: 0
    74: 0
    75: 0
    76: 0
    77: 0
    78: 0
    79: 0
    80: 0
    81: 0
    82: 0
    83: 0
    84: 0
    85: 0
    86: 0
    87: 0
    88: 0
    89: 0
    90: 0
    91: 0
    92: 0
    93: 0
    94: 0
    95: 0
    96: 0
    97: 0
    98: 0
    99: 0
 sched: # Scheduler stats
  thCr: 1 # Threads created
  thFn: 1 # Threads finished
  schedEvs: 1 # Schedule events
  waitEvs: 0 # Wait events
  handoffEvs: 0 # Handoff events
  sleepEvs: 0 # Sleep events
  idlePhases: 0 # Phases with no thread active
  idlePeriods: 0 # Periods with no thread active
  occHist: # Occupancy histogram
   0: 0
   1: 17182
  rqSzHist: # Run queue size histogram
   0: 17182
   1: 0
   2: 0
   3: 0
   4: 0
   5: 0
   6: 0
   7: 0
   8: 0
   9: 0
   10: 0
   11: 0
   12: 0
   13: 0
   14: 0
   15: 0
   16: 0
 procCycles: # Per-process unhalted core cycles
  0: 171821426
  1: 0
  2: 0
  3: 0
  4: 0
  5: 0
  6: 0
  7: 0
  8: 0
  9: 0
  10: 0
  11: 0
  12: 0
  13: 0
  14: 0
  15: 0
  16: 0
  17: 0
  18: 0
  19: 0
  20: 0
  21: 0
  22: 0
  23: 0
  24: 0
  25: 0
  26: 0
  27: 0
  28: 0
  29: 0
  30: 0
  31: 0
  32: 0
  33: 0
  34: 0
  35: 0
  36: 0
  37: 0
  38: 0
  39: 0
  40: 0
  41: 0
  42: 0
  43: 0
  44: 0
  45: 0
  46: 0
  47: 0
  48: 0
  49: 0
  50: 0
  51: 0
  52: 0
  53: 0
  54: 0
  55: 0
  56: 0
  57: 0
  58: 0
  59: 0
  60: 0
  61: 0
  62: 0
  63: 0
 procInstrs: # Per-process instructions
  0: 100000523
  1: 0
  2: 0
  3: 0
  4: 0
  5: 0
  6: 0
  7: 0
  8: 0
  9: 0
  10: 0
  11: 0
  12: 0
  13: 0
  14: 0
  15: 0
  16: 0
  17: 0
  18: 0
  19: 0
  20: 0
  21: 0
  22: 0
  23: 0
  24: 0
  25: 0
  26: 0
  27: 0
  28: 0
  29: 0
  30: 0
  31: 0
  32: 0
  33: 0
  34: 0
  35: 0
  36: 0
  37: 0
  38: 0
  39: 0
  40: 0
  41: 0
  42: 0
  43: 0
  44: 0
  45: 0
  46: 0
  47: 0
  48: 0
  49: 0
  50: 0
  51: 0
  52: 0
  53: 0
  54: 0
  55: 0
  56: 0
  57: 0
  58: 0
  59: 0
  60: 0
  61: 0
  62: 0
  63: 0
 heartbeats: # Per-process heartbeats
  0: 0
  1: 0
  2: 0
  3: 0
  4: 0
  5: 0
  6: 0
  7: 0
  8: 0
  9: 0
  10: 0
  11: 0
  12: 0
  13: 0
  14: 0
  15: 0
  16: 0
  17: 0
  18: 0
  19: 0
  20: 0
  21: 0
  22: 0
  23: 0
  24: 0
  25: 0
  26: 0
  27: 0
  28: 0
  29: 0
  30: 0
  31: 0
  32: 0
  33: 0
  34: 0
  35: 0
  36: 0
  37: 0
  38: 0
  39: 0
  40: 0
  41: 0
  42: 0
  43: 0
  44: 0
  45: 0
  46: 0
  47: 0
  48: 0
  49: 0
  50: 0
  51: 0
  52: 0
  53: 0
  54: 0
  55: 0
  56: 0
  57: 0
  58: 0
  59: 0
  60: 0
  61: 0
  62: 0
  63: 0
===
