# zsim stats
===
root: # Stats
 contention: # Contention simulation stats
  domain-0: # Domain stats
   time: 248437989 # Weave simulation time
 time: # Simulator time breakdown
  init: 45935253517
  bound: 6862243649
  weave: 557888433
  ff: 0
 trigger: 20000 # Reason for this stats dump
 phase: 9139 # Simulated phases
 westmere: # Core stats
  westmere-0: # Core stats
   cycles: 91390085 # Simulated unhalted cycles
   cCycles: 6982429 # Cycles due to contention stalls
   instrs: 100019953 # Simulated instructions
   uops: 113819857 # Retired micro-ops
   bbls: 14848310 # Basic blocks
   approxInstrs: 596117 # Instrs with approx uop decoding
   mispredBranches: 789683 # Mispredicted branches
   condBranches: 12877343 # conditional branches
 l1i: # Cache stats
  l1i-0: # Filter cache stats
   fhGETS: 19610148 # Filtered GETS hits
   fhGETX: 0 # Filtered GETX hits
   hGETS: 198 # GETS hits
   hGETX: 0 # GETX hits
   mGETS: 162 # GETS misses
   mGETXIM: 0 # GETX I->M misses
   mGETXSM: 0 # GETX S->M misses (upgrade misses)
   PUTS: 0 # Clean evictions (from lower level)
   PUTX: 0 # Dirty evictions (from lower level)
   INV: 0 # Invalidates (from upper level)
   INVX: 0 # Downgrades (from upper level)
   FWD: 0 # Forwards (from upper level)
   latGETnl: 20088 # GET request latency on next level
   latGETnet: 0 # GET request latency on network to next level
 l1d: # Cache stats
  l1d-0: # Filter cache stats
   fhGETS: 25364794 # Filtered GETS hits
   fhGETX: 11439585 # Filtered GETX hits
   hGETS: 998783 # GETS hits
   hGETX: 1627256 # GETX hits
   mGETS: 1934546 # GETS misses
   mGETXIM: 1093033 # GETX I->M misses
   mGETXSM: 0 # GETX S->M misses (upgrade misses)
   PUTS: 0 # Clean evictions (from lower level)
   PUTX: 0 # Dirty evictions (from lower level)
   INV: 0 # Invalidates (from upper level)
   INVX: 0 # Downgrades (from upper level)
   FWD: 0 # Forwards (from upper level)
   latGETnl: 102592722 # GET request latency on next level
   latGETnet: 0 # GET request latency on network to next level
 l2: # Cache stats
  l2-0: # Cache stats
   hGETS: 939419 # GETS hits
   hGETX: 119052 # GETX hits
   mGETS: 995289 # GETS misses
   mGETXIM: 973981 # GETX I->M misses
   mGETXSM: 0 # GETX S->M misses (upgrade misses)
   PUTS: 942337 # Clean evictions (from lower level)
   PUTX: 2084730 # Dirty evictions (from lower level)
   INV: 0 # Invalidates (from upper level)
   INVX: 0 # Downgrades (from upper level)
   FWD: 0 # Forwards (from upper level)
   latGETnl: 72335400 # GET request latency on next level
   latGETnet: 0 # GET request latency on network to next level
 l3: # Cache stats
  l3-0: # Cache stats
   hGETS: 916932 # GETS hits
   hGETX: 773750 # GETX hits
   mGETS: 78357 # GETS misses
   mGETXIM: 200231 # GETX I->M misses
   mGETXSM: 0 # GETX S->M misses (upgrade misses)
   PUTS: 580455 # Clean evictions (from lower level)
   PUTX: 1384719 # Dirty evictions (from lower level)
   INV: 0 # Invalidates (from upper level)
   INVX: 0 # Downgrades (from upper level)
   FWD: 0 # Forwards (from upper level)
   latGETnl: 25072920 # GET request latency on next level
   latGETnet: 0 # GET request latency on network to next level
 mem: # Memory controller stats
  mem-0: # Memory controller stats
   rd: 69681 # Read requests
   wr: 53084 # Write requests
   rdlat: 9439759 # Total latency experienced by read requests
   wrlat: 7766492 # Total latency experienced by write requests
   rdhits: 837 # Read row hits
   wrhits: 618 # Write row hits
   mlh: # latency histogram for memory requests
    0: 0
    1: 0
    2: 0
    3: 0
    4: 0
    5: 0
    6: 0
    7: 0
    8: 0
    9: 0
    10: 0
    11: 140
    12: 172
    13: 63736
    14: 2273
    15: 1130
    16: 660
    17: 134
    18: 139
    19: 130
    20: 130
    21: 159
    22: 47
    23: 50
    24: 54
    25: 62
    26: 25
    27: 27
    28: 29
    29: 28
    30: 43
    31: 33
    32: 50
    33: 42
    34: 34
    35: 44
    36: 36
    37: 51
    38: 31
    39: 41
    40: 35
    41: 36
    42: 40
    43: 16
    44: 5
    45: 5
    46: 5
    47: 5
    48: 2
    49: 1
    50: 0
    51: 0
    52: 0
    53: 1
    54: 0
    55: 0
    56: 0
    57: 0
    58: 0
    59: 0
    60: 0
    61: 0
    62: 0
    63: 0
    64: 0
    65: 0
    66: 0
    67: 0
    68: 0
    69: 0
    70: 0
    71: 0
    72: 0
    73: 0
    74: 0
    75: 0
    76: 0
    77: 0
    78: 0
    79: 0
    80: 0
    81: 0
    82: 0
    83: 0
    84: 0
    85: 0
    86: 0
    87: 0
    88: 0
    89: 0
    90: 0
    91: 0
    92: 0
    93: 0
    94: 0
    95: 0
    96: 0
    97: 0
    98: 0
    99: 0
  mem-1: # Memory controller stats
   rd: 69637 # Read requests
   wr: 53076 # Write requests
   rdlat: 9449911 # Total latency experienced by read requests
   wrlat: 7733232 # Total latency experienced by write requests
   rdhits: 844 # Read row hits
   wrhits: 549 # Write row hits
   mlh: # latency histogram for memory requests
    0: 0
    1: 0
    2: 0
    3: 0
    4: 0
    5: 0
    6: 0
    7: 0
    8: 0
    9: 0
    10: 0
    11: 117
    12: 179
    13: 63712
    14: 2281
    15: 1089
    16: 633
    17: 134
    18: 145
    19: 160
    20: 128
    21: 149
    22: 34
    23: 42
    24: 70
    25: 49
    26: 29
    27: 23
    28: 32
    29: 36
    30: 33
    31: 34
    32: 41
    33: 49
    34: 56
    35: 33
    36: 41
    37: 61
    38: 41
    39: 38
    40: 44
    41: 32
    42: 48
    43: 10
    44: 9
    45: 7
    46: 9
    47: 1
    48: 6
    49: 1
    50: 0
    51: 0
    52: 0
    53: 1
    54: 0
    55: 0
    56: 0
    57: 0
    58: 0
    59: 0
    60: 0
    61: 0
    62: 0
    63: 0
    64: 0
    65: 0
    66: 0
    67: 0
    68: 0
    69: 0
    70: 0
    71: 0
    72: 0
    73: 0
    74: 0
    75: 0
    76: 0
    77: 0
    78: 0
    79: 0
    80: 0
    81: 0
    82: 0
    83: 0
    84: 0
    85: 0
    86: 0
    87: 0
    88: 0
    89: 0
    90: 0
    91: 0
    92: 0
    93: 0
    94: 0
    95: 0
    96: 0
    97: 0
    98: 0
    99: 0
  mem-2: # Memory controller stats
   rd: 69678 # Read requests
   wr: 52978 # Write requests
   rdlat: 9448732 # Total latency experienced by read requests
   wrlat: 7737422 # Total latency experienced by write requests
   rdhits: 912 # Read row hits
   wrhits: 636 # Write row hits
   mlh: # latency histogram for memory requests
    0: 0
    1: 0
    2: 0
    3: 0
    4: 0
    5: 0
    6: 0
    7: 0
    8: 0
    9: 0
    10: 0
    11: 147
    12: 177
    13: 63597
    14: 2281
    15: 1140
    16: 673
    17: 168
    18: 123
    19: 154
    20: 142
    21: 160
    22: 46
    23: 60
    24: 77
    25: 53
    26: 31
    27: 24
    28: 32
    29: 29
    30: 34
    31: 42
    32: 38
    33: 53
    34: 40
    35: 40
    36: 46
    37: 43
    38: 37
    39: 40
    40: 44
    41: 30
    42: 38
    43: 10
    44: 6
    45: 3
    46: 5
    47: 7
    48: 6
    49: 2
    50: 0
    51: 0
    52: 0
    53: 0
    54: 0
    55: 0
    56: 0
    57: 0
    58: 0
    59: 0
    60: 0
    61: 0
    62: 0
    63: 0
    64: 0
    65: 0
    66: 0
    67: 0
    68: 0
    69: 0
    70: 0
    71: 0
    72: 0
    73: 0
    74: 0
    75: 0
    76: 0
    77: 0
    78: 0
    79: 0
    80: 0
    81: 0
    82: 0
    83: 0
    84: 0
    85: 0
    86: 0
    87: 0
    88: 0
    89: 0
    90: 0
    91: 0
    92: 0
    93: 0
    94: 0
    95: 0
    96: 0
    97: 0
    98: 0
    99: 0
  mem-3: # Memory controller stats
   rd: 69592 # Read requests
   wr: 52874 # Write requests
   rdlat: 9446190 # Total latency experienced by read requests
   wrlat: 7713291 # Total latency experienced by write requests
   rdhits: 802 # Read row hits
   wrhits: 575 # Write row hits
   mlh: # latency histogram for memory requests
    0: 0
    1: 0
    2: 0
    3: 0
    4: 0
    5: 0
    6: 0
    7: 0
    8: 0
    9: 0
    10: 0
    11: 117
    12: 154
    13: 63641
    14: 2270
    15: 1135
    16: 611
    17: 132
    18: 137
    19: 165
    20: 138
    21: 173
    22: 47
    23: 50
    24: 64
    25: 52
    26: 20
    27: 31
    28: 33
    29: 45
    30: 43
    31: 27
    32: 40
    33: 36
    34: 51
    35: 51
    36: 36
    37: 55
    38: 41
    39: 46
    40: 34
    41: 29
    42: 32
    43: 17
    44: 3
    45: 12
    46: 4
    47: 9
    48: 5
    49: 3
    50: 0
    51: 1
    52: 0
    53: 2
    54: 0
    55: 0
    56: 0
    57: 0
    58: 0
    59: 0
    60: 0
    61: 0
    62: 0
    63: 0
    64: 0
    65: 0
    66: 0
    67: 0
    68: 0
    69: 0
    70: 0
    71: 0
    72: 0
    73: 0
    74: 0
    75: 0
    76: 0
    77: 0
    78: 0
    79: 0
    80: 0
    81: 0
    82: 0
    83: 0
    84: 0
    85: 0
    86: 0
    87: 0
    88: 0
    89: 0
    90: 0
    91: 0
    92: 0
    93: 0
    94: 0
    95: 0
    96: 0
    97: 0
    98: 0
    99: 0
 sched: # Scheduler stats
  thCr: 1 # Threads created
  thFn: 1 # Threads finished
  schedEvs: 1 # Schedule events
  waitEvs: 0 # Wait events
  handoffEvs: 0 # Handoff events
  sleepEvs: 0 # Sleep events
  idlePhases: 0 # Phases with no thread active
  idlePeriods: 0 # Periods with no thread active
  occHist: # Occupancy histogram
   0: 0
   1: 9139
  rqSzHist: # Run queue size histogram
   0: 9139
   1: 0
   2: 0
   3: 0
   4: 0
   5: 0
   6: 0
   7: 0
   8: 0
   9: 0
   10: 0
   11: 0
   12: 0
   13: 0
   14: 0
   15: 0
   16: 0
 procCycles: # Per-process unhalted core cycles
  0: 91390085
  1: 0
  2: 0
  3: 0
  4: 0
  5: 0
  6: 0
  7: 0
  8: 0
  9: 0
  10: 0
  11: 0
  12: 0
  13: 0
  14: 0
  15: 0
  16: 0
  17: 0
  18: 0
  19: 0
  20: 0
  21: 0
  22: 0
  23: 0
  24: 0
  25: 0
  26: 0
  27: 0
  28: 0
  29: 0
  30: 0
  31: 0
  32: 0
  33: 0
  34: 0
  35: 0
  36: 0
  37: 0
  38: 0
  39: 0
  40: 0
  41: 0
  42: 0
  43: 0
  44: 0
  45: 0
  46: 0
  47: 0
  48: 0
  49: 0
  50: 0
  51: 0
  52: 0
  53: 0
  54: 0
  55: 0
  56: 0
  57: 0
  58: 0
  59: 0
  60: 0
  61: 0
  62: 0
  63: 0
 procInstrs: # Per-process instructions
  0: 100019953
  1: 0
  2: 0
  3: 0
  4: 0
  5: 0
  6: 0
  7: 0
  8: 0
  9: 0
  10: 0
  11: 0
  12: 0
  13: 0
  14: 0
  15: 0
  16: 0
  17: 0
  18: 0
  19: 0
  20: 0
  21: 0
  22: 0
  23: 0
  24: 0
  25: 0
  26: 0
  27: 0
  28: 0
  29: 0
  30: 0
  31: 0
  32: 0
  33: 0
  34: 0
  35: 0
  36: 0
  37: 0
  38: 0
  39: 0
  40: 0
  41: 0
  42: 0
  43: 0
  44: 0
  45: 0
  46: 0
  47: 0
  48: 0
  49: 0
  50: 0
  51: 0
  52: 0
  53: 0
  54: 0
  55: 0
  56: 0
  57: 0
  58: 0
  59: 0
  60: 0
  61: 0
  62: 0
  63: 0
 heartbeats: # Per-process heartbeats
  0: 0
  1: 0
  2: 0
  3: 0
  4: 0
  5: 0
  6: 0
  7: 0
  8: 0
  9: 0
  10: 0
  11: 0
  12: 0
  13: 0
  14: 0
  15: 0
  16: 0
  17: 0
  18: 0
  19: 0
  20: 0
  21: 0
  22: 0
  23: 0
  24: 0
  25: 0
  26: 0
  27: 0
  28: 0
  29: 0
  30: 0
  31: 0
  32: 0
  33: 0
  34: 0
  35: 0
  36: 0
  37: 0
  38: 0
  39: 0
  40: 0
  41: 0
  42: 0
  43: 0
  44: 0
  45: 0
  46: 0
  47: 0
  48: 0
  49: 0
  50: 0
  51: 0
  52: 0
  53: 0
  54: 0
  55: 0
  56: 0
  57: 0
  58: 0
  59: 0
  60: 0
  61: 0
  62: 0
  63: 0
===
