# zsim stats
===
root: # Stats
 contention: # Contention simulation stats
  domain-0: # Domain stats
   time: 952319294 # Weave simulation time
 time: # Simulator time breakdown
  init: 1000331669265
  bound: 7298911301
  weave: 1364406885
  ff: 0
 trigger: 20000 # Reason for this stats dump
 phase: 12610 # Simulated phases
 westmere: # Core stats
  westmere-0: # Core stats
   cycles: 126101940 # Simulated unhalted cycles
   cCycles: 26226985 # Cycles due to contention stalls
   instrs: 100003592 # Simulated instructions
   uops: 109266608 # Retired micro-ops
   bbls: 5331511 # Basic blocks
   approxInstrs: 0 # Instrs with approx uop decoding
   mispredBranches: 78 # Mispredicted branches
   condBranches: 4634996 # conditional branches
 l1i: # Cache stats
  l1i-0: # Filter cache stats
   fhGETS: 9919915 # Filtered GETS hits
   fhGETX: 0 # Filtered GETX hits
   hGETS: 0 # GETS hits
   hGETX: 0 # GETX hits
   mGETS: 75 # GETS misses
   mGETXIM: 0 # GETX I->M misses
   mGETXSM: 0 # GETX S->M misses (upgrade misses)
   PUTS: 0 # Clean evictions (from lower level)
   PUTX: 0 # Dirty evictions (from lower level)
   INV: 0 # Invalidates (from upper level)
   INVX: 0 # Downgrades (from upper level)
   FWD: 0 # Forwards (from upper level)
   latGETnl: 9300 # GET request latency on next level
   latGETnet: 0 # GET request latency on network to next level
 l1d: # Cache stats
  l1d-0: # Filter cache stats
   fhGETS: 24354715 # Filtered GETS hits
   fhGETX: 6101817 # Filtered GETX hits
   hGETS: 496267 # GETS hits
   hGETX: 794920 # GETX hits
   mGETS: 1455071 # GETS misses
   mGETXIM: 40009 # GETX I->M misses
   mGETXSM: 0 # GETX S->M misses (upgrade misses)
   PUTS: 0 # Clean evictions (from lower level)
   PUTX: 0 # Dirty evictions (from lower level)
   INV: 0 # Invalidates (from upper level)
   INVX: 0 # Downgrades (from upper level)
   FWD: 0 # Forwards (from upper level)
   latGETnl: 185323344 # GET request latency on next level
   latGETnet: 0 # GET request latency on network to next level
 l2: # Cache stats
  l2-0: # Cache stats
   hGETS: 539 # GETS hits
   hGETX: 0 # GETX hits
   mGETS: 1454607 # GETS misses
   mGETXIM: 40009 # GETX I->M misses
   mGETXSM: 0 # GETX S->M misses (upgrade misses)
   PUTS: 868041 # Clean evictions (from lower level)
   PUTX: 626527 # Dirty evictions (from lower level)
   INV: 0 # Invalidates (from upper level)
   INVX: 0 # Downgrades (from upper level)
   FWD: 0 # Forwards (from upper level)
   latGETnl: 170381094 # GET request latency on next level
   latGETnet: 0 # GET request latency on network to next level
 l3: # Cache stats
  l3-0: # Cache stats
   hGETS: 57 # GETS hits
   hGETX: 0 # GETX hits
   mGETS: 1454550 # GETS misses
   mGETXIM: 40009 # GETX I->M misses
   mGETXSM: 0 # GETX S->M misses (upgrade misses)
   PUTS: 866674 # Clean evictions (from lower level)
   PUTX: 623846 # Dirty evictions (from lower level)
   INV: 0 # Invalidates (from upper level)
   INVX: 0 # Downgrades (from upper level)
   FWD: 0 # Forwards (from upper level)
   latGETnl: 134510310 # GET request latency on next level
   latGETnet: 0 # GET request latency on network to next level
 mem: # Memory controller stats
  mem-0: # Memory controller stats
   rd: 445779 # Read requests
   wr: 169666 # Write requests
   rdlat: 60293165 # Total latency experienced by read requests
   wrlat: 28202386 # Total latency experienced by write requests
   rdhits: 0 # Read row hits
   wrhits: 5314 # Write row hits
   mlh: # latency histogram for memory requests
    0: 0
    1: 0
    2: 0
    3: 0
    4: 0
    5: 0
    6: 0
    7: 0
    8: 0
    9: 0
    10: 0
    11: 0
    12: 0
    13: 417497
    14: 13954
    15: 3106
    16: 1915
    17: 442
    18: 299
    19: 387
    20: 386
    21: 380
    22: 897
    23: 1197
    24: 502
    25: 359
    26: 257
    27: 251
    28: 344
    29: 280
    30: 204
    31: 169
    32: 340
    33: 415
    34: 274
    35: 270
    36: 265
    37: 233
    38: 215
    39: 207
    40: 216
    41: 172
    42: 146
    43: 62
    44: 14
    45: 52
    46: 35
    47: 11
    48: 13
    49: 2
    50: 4
    51: 3
    52: 1
    53: 2
    54: 0
    55: 0
    56: 0
    57: 0
    58: 0
    59: 0
    60: 0
    61: 0
    62: 1
    63: 0
    64: 0
    65: 0
    66: 0
    67: 0
    68: 0
    69: 0
    70: 0
    71: 0
    72: 0
    73: 0
    74: 0
    75: 0
    76: 0
    77: 0
    78: 0
    79: 0
    80: 0
    81: 0
    82: 0
    83: 0
    84: 0
    85: 0
    86: 0
    87: 0
    88: 0
    89: 0
    90: 0
    91: 0
    92: 0
    93: 0
    94: 0
    95: 0
    96: 0
    97: 0
    98: 0
    99: 0
  mem-1: # Memory controller stats
   rd: 293169 # Read requests
   wr: 169630 # Write requests
   rdlat: 39796337 # Total latency experienced by read requests
   wrlat: 27474814 # Total latency experienced by write requests
   rdhits: 0 # Read row hits
   wrhits: 4262 # Write row hits
   mlh: # latency histogram for memory requests
    0: 0
    1: 0
    2: 0
    3: 0
    4: 0
    5: 0
    6: 0
    7: 0
    8: 0
    9: 0
    10: 0
    11: 0
    12: 0
    13: 267039
    14: 11150
    15: 4912
    16: 2184
    17: 781
    18: 357
    19: 254
    20: 278
    21: 707
    22: 692
    23: 329
    24: 1147
    25: 360
    26: 56
    27: 96
    28: 146
    29: 463
    30: 291
    31: 157
    32: 142
    33: 156
    34: 121
    35: 175
    36: 195
    37: 198
    38: 141
    39: 127
    40: 125
    41: 101
    42: 95
    43: 51
    44: 33
    45: 26
    46: 13
    47: 34
    48: 26
    49: 2
    50: 3
    51: 1
    52: 1
    53: 2
    54: 2
    55: 0
    56: 0
    57: 0
    58: 0
    59: 0
    60: 0
    61: 0
    62: 0
    63: 0
    64: 0
    65: 0
    66: 0
    67: 0
    68: 0
    69: 0
    70: 0
    71: 0
    72: 0
    73: 0
    74: 0
    75: 0
    76: 0
    77: 0
    78: 0
    79: 0
    80: 0
    81: 0
    82: 0
    83: 0
    84: 0
    85: 0
    86: 0
    87: 0
    88: 0
    89: 0
    90: 0
    91: 0
    92: 0
    93: 0
    94: 0
    95: 0
    96: 0
    97: 0
    98: 0
    99: 0
  mem-2: # Memory controller stats
   rd: 309811 # Read requests
   wr: 110005 # Write requests
   rdlat: 41424539 # Total latency experienced by read requests
   wrlat: 15904627 # Total latency experienced by write requests
   rdhits: 1 # Read row hits
   wrhits: 983 # Write row hits
   mlh: # latency histogram for memory requests
    0: 0
    1: 0
    2: 0
    3: 0
    4: 0
    5: 0
    6: 0
    7: 0
    8: 0
    9: 0
    10: 0
    11: 0
    12: 1
    13: 302313
    14: 2444
    15: 494
    16: 449
    17: 11
    18: 20
    19: 118
    20: 163
    21: 211
    22: 89
    23: 279
    24: 76
    25: 46
    26: 146
    27: 488
    28: 386
    29: 166
    30: 162
    31: 121
    32: 134
    33: 156
    34: 152
    35: 132
    36: 138
    37: 129
    38: 133
    39: 142
    40: 136
    41: 137
    42: 144
    43: 48
    44: 13
    45: 19
    46: 6
    47: 4
    48: 5
    49: 0
    50: 0
    51: 0
    52: 0
    53: 0
    54: 0
    55: 0
    56: 0
    57: 0
    58: 0
    59: 0
    60: 0
    61: 0
    62: 0
    63: 0
    64: 0
    65: 0
    66: 0
    67: 0
    68: 0
    69: 0
    70: 0
    71: 0
    72: 0
    73: 0
    74: 0
    75: 0
    76: 0
    77: 0
    78: 0
    79: 0
    80: 0
    81: 0
    82: 0
    83: 0
    84: 0
    85: 0
    86: 0
    87: 0
    88: 0
    89: 0
    90: 0
    91: 0
    92: 0
    93: 0
    94: 0
    95: 0
    96: 0
    97: 0
    98: 0
    99: 0
  mem-3: # Memory controller stats
   rd: 445775 # Read requests
   wr: 169644 # Write requests
   rdlat: 60408900 # Total latency experienced by read requests
   wrlat: 28333667 # Total latency experienced by write requests
   rdhits: 0 # Read row hits
   wrhits: 5218 # Write row hits
   mlh: # latency histogram for memory requests
    0: 0
    1: 0
    2: 0
    3: 0
    4: 0
    5: 0
    6: 0
    7: 0
    8: 0
    9: 0
    10: 0
    11: 0
    12: 0
    13: 425000
    14: 5489
    15: 3282
    16: 1852
    17: 562
    18: 299
    19: 235
    20: 546
    21: 1024
    22: 934
    23: 1088
    24: 388
    25: 238
    26: 318
    27: 525
    28: 417
    29: 491
    30: 302
    31: 175
    32: 235
    33: 217
    34: 251
    35: 211
    36: 186
    37: 211
    38: 222
    39: 175
    40: 185
    41: 203
    42: 192
    43: 84
    44: 22
    45: 49
    46: 58
    47: 79
    48: 10
    49: 7
    50: 3
    51: 4
    52: 5
    53: 0
    54: 0
    55: 0
    56: 0
    57: 0
    58: 1
    59: 0
    60: 0
    61: 0
    62: 0
    63: 0
    64: 0
    65: 0
    66: 0
    67: 0
    68: 0
    69: 0
    70: 0
    71: 0
    72: 0
    73: 0
    74: 0
    75: 0
    76: 0
    77: 0
    78: 0
    79: 0
    80: 0
    81: 0
    82: 0
    83: 0
    84: 0
    85: 0
    86: 0
    87: 0
    88: 0
    89: 0
    90: 0
    91: 0
    92: 0
    93: 0
    94: 0
    95: 0
    96: 0
    97: 0
    98: 0
    99: 0
 sched: # Scheduler stats
  thCr: 1 # Threads created
  thFn: 1 # Threads finished
  schedEvs: 1 # Schedule events
  waitEvs: 0 # Wait events
  handoffEvs: 0 # Handoff events
  sleepEvs: 0 # Sleep events
  idlePhases: 0 # Phases with no thread active
  idlePeriods: 0 # Periods with no thread active
  occHist: # Occupancy histogram
   0: 0
   1: 12610
  rqSzHist: # Run queue size histogram
   0: 12610
   1: 0
   2: 0
   3: 0
   4: 0
   5: 0
   6: 0
   7: 0
   8: 0
   9: 0
   10: 0
   11: 0
   12: 0
   13: 0
   14: 0
   15: 0
   16: 0
 procCycles: # Per-process unhalted core cycles
  0: 126101940
  1: 0
  2: 0
  3: 0
  4: 0
  5: 0
  6: 0
  7: 0
  8: 0
  9: 0
  10: 0
  11: 0
  12: 0
  13: 0
  14: 0
  15: 0
  16: 0
  17: 0
  18: 0
  19: 0
  20: 0
  21: 0
  22: 0
  23: 0
  24: 0
  25: 0
  26: 0
  27: 0
  28: 0
  29: 0
  30: 0
  31: 0
  32: 0
  33: 0
  34: 0
  35: 0
  36: 0
  37: 0
  38: 0
  39: 0
  40: 0
  41: 0
  42: 0
  43: 0
  44: 0
  45: 0
  46: 0
  47: 0
  48: 0
  49: 0
  50: 0
  51: 0
  52: 0
  53: 0
  54: 0
  55: 0
  56: 0
  57: 0
  58: 0
  59: 0
  60: 0
  61: 0
  62: 0
  63: 0
 procInstrs: # Per-process instructions
  0: 100003592
  1: 0
  2: 0
  3: 0
  4: 0
  5: 0
  6: 0
  7: 0
  8: 0
  9: 0
  10: 0
  11: 0
  12: 0
  13: 0
  14: 0
  15: 0
  16: 0
  17: 0
  18: 0
  19: 0
  20: 0
  21: 0
  22: 0
  23: 0
  24: 0
  25: 0
  26: 0
  27: 0
  28: 0
  29: 0
  30: 0
  31: 0
  32: 0
  33: 0
  34: 0
  35: 0
  36: 0
  37: 0
  38: 0
  39: 0
  40: 0
  41: 0
  42: 0
  43: 0
  44: 0
  45: 0
  46: 0
  47: 0
  48: 0
  49: 0
  50: 0
  51: 0
  52: 0
  53: 0
  54: 0
  55: 0
  56: 0
  57: 0
  58: 0
  59: 0
  60: 0
  61: 0
  62: 0
  63: 0
 heartbeats: # Per-process heartbeats
  0: 0
  1: 0
  2: 0
  3: 0
  4: 0
  5: 0
  6: 0
  7: 0
  8: 0
  9: 0
  10: 0
  11: 0
  12: 0
  13: 0
  14: 0
  15: 0
  16: 0
  17: 0
  18: 0
  19: 0
  20: 0
  21: 0
  22: 0
  23: 0
  24: 0
  25: 0
  26: 0
  27: 0
  28: 0
  29: 0
  30: 0
  31: 0
  32: 0
  33: 0
  34: 0
  35: 0
  36: 0
  37: 0
  38: 0
  39: 0
  40: 0
  41: 0
  42: 0
  43: 0
  44: 0
  45: 0
  46: 0
  47: 0
  48: 0
  49: 0
  50: 0
  51: 0
  52: 0
  53: 0
  54: 0
  55: 0
  56: 0
  57: 0
  58: 0
  59: 0
  60: 0
  61: 0
  62: 0
  63: 0
===
