# zsim stats
===
root: # Stats
 contention: # Contention simulation stats
  domain-0: # Domain stats
   time: 214021600 # Weave simulation time
 time: # Simulator time breakdown
  init: 608927181941
  bound: 11277775008
  weave: 411105023
  ff: 0
 trigger: 20000 # Reason for this stats dump
 phase: 11385 # Simulated phases
 westmere: # Core stats
  westmere-0: # Core stats
   cycles: 113850001 # Simulated unhalted cycles
   cCycles: 6283266 # Cycles due to contention stalls
   instrs: 100006236 # Simulated instructions
   uops: 119786879 # Retired micro-ops
   bbls: 21917810 # Basic blocks
   approxInstrs: 220009 # Instrs with approx uop decoding
   mispredBranches: 1066308 # Mispredicted branches
   condBranches: 17192599 # conditional branches
 l1i: # Cache stats
  l1i-0: # Filter cache stats
   fhGETS: 24310326 # Filtered GETS hits
   fhGETX: 0 # Filtered GETX hits
   hGETS: 1891439 # GETS hits
   hGETX: 0 # GETX hits
   mGETS: 675580 # GETS misses
   mGETXIM: 0 # GETX I->M misses
   mGETXSM: 0 # GETX S->M misses (upgrade misses)
   PUTS: 0 # Clean evictions (from lower level)
   PUTX: 0 # Dirty evictions (from lower level)
   INV: 2810 # Invalidates (from upper level)
   INVX: 0 # Downgrades (from upper level)
   FWD: 0 # Forwards (from upper level)
   latGETnl: 8718040 # GET request latency on next level
   latGETnet: 0 # GET request latency on network to next level
 l1d: # Cache stats
  l1d-0: # Filter cache stats
   fhGETS: 22567584 # Filtered GETS hits
   fhGETX: 15967592 # Filtered GETX hits
   hGETS: 1832525 # GETS hits
   hGETX: 1033692 # GETX hits
   mGETS: 1514679 # GETS misses
   mGETXIM: 2011449 # GETX I->M misses
   mGETXSM: 0 # GETX S->M misses (upgrade misses)
   PUTS: 0 # Clean evictions (from lower level)
   PUTX: 0 # Dirty evictions (from lower level)
   INV: 2888 # Invalidates (from upper level)
   INVX: 0 # Downgrades (from upper level)
   FWD: 0 # Forwards (from upper level)
   latGETnl: 97482966 # GET request latency on next level
   latGETnet: 0 # GET request latency on network to next level
 l2: # Cache stats
  l2-0: # Cache stats
   hGETS: 1134401 # GETS hits
   hGETX: 1246758 # GETX hits
   mGETS: 1055858 # GETS misses
   mGETXIM: 764691 # GETX I->M misses
   mGETXSM: 0 # GETX S->M misses (upgrade misses)
   PUTS: 1820406 # Clean evictions (from lower level)
   PUTX: 2374582 # Dirty evictions (from lower level)
   INV: 12548 # Invalidates (from upper level)
   INVX: 0 # Downgrades (from upper level)
   FWD: 0 # Forwards (from upper level)
   latGETnl: 64183926 # GET request latency on next level
   latGETnet: 0 # GET request latency on network to next level
 l3: # Cache stats
  l3-0: # Cache stats
   hGETS: 884098 # GETS hits
   hGETX: 708776 # GETX hits
   mGETS: 171760 # GETS misses
   mGETXIM: 55915 # GETX I->M misses
   mGETXSM: 0 # GETX S->M misses (upgrade misses)
   PUTS: 870496 # Clean evictions (from lower level)
   PUTX: 933409 # Dirty evictions (from lower level)
   INV: 0 # Invalidates (from upper level)
   INVX: 0 # Downgrades (from upper level)
   FWD: 0 # Forwards (from upper level)
   latGETnl: 20490750 # GET request latency on next level
   latGETnet: 0 # GET request latency on network to next level
 mem: # Memory controller stats
  mem-0: # Memory controller stats
   rd: 58511 # Read requests
   wr: 16810 # Write requests
   rdlat: 7864416 # Total latency experienced by read requests
   wrlat: 2487982 # Total latency experienced by write requests
   rdhits: 19 # Read row hits
   wrhits: 27 # Write row hits
   mlh: # latency histogram for memory requests
    0: 0
    1: 0
    2: 0
    3: 0
    4: 0
    5: 0
    6: 0
    7: 0
    8: 0
    9: 0
    10: 0
    11: 0
    12: 1
    13: 56163
    14: 666
    15: 538
    16: 214
    17: 48
    18: 38
    19: 47
    20: 50
    21: 37
    22: 47
    23: 32
    24: 44
    25: 36
    26: 35
    27: 17
    28: 25
    29: 24
    30: 35
    31: 38
    32: 46
    33: 27
    34: 19
    35: 27
    36: 24
    37: 30
    38: 25
    39: 36
    40: 36
    41: 43
    42: 36
    43: 15
    44: 1
    45: 3
    46: 1
    47: 3
    48: 1
    49: 0
    50: 2
    51: 0
    52: 0
    53: 1
    54: 0
    55: 0
    56: 0
    57: 0
    58: 0
    59: 0
    60: 0
    61: 0
    62: 0
    63: 0
    64: 0
    65: 0
    66: 0
    67: 0
    68: 0
    69: 0
    70: 0
    71: 0
    72: 0
    73: 0
    74: 0
    75: 0
    76: 0
    77: 0
    78: 0
    79: 0
    80: 0
    81: 0
    82: 0
    83: 0
    84: 0
    85: 0
    86: 0
    87: 0
    88: 0
    89: 0
    90: 0
    91: 0
    92: 0
    93: 0
    94: 0
    95: 0
    96: 0
    97: 0
    98: 0
    99: 0
  mem-1: # Memory controller stats
   rd: 55384 # Read requests
   wr: 16305 # Write requests
   rdlat: 7439611 # Total latency experienced by read requests
   wrlat: 2415609 # Total latency experienced by write requests
   rdhits: 25 # Read row hits
   wrhits: 28 # Write row hits
   mlh: # latency histogram for memory requests
    0: 0
    1: 0
    2: 0
    3: 0
    4: 0
    5: 0
    6: 0
    7: 0
    8: 0
    9: 0
    10: 0
    11: 0
    12: 7
    13: 53225
    14: 594
    15: 463
    16: 231
    17: 46
    18: 35
    19: 44
    20: 46
    21: 37
    22: 41
    23: 25
    24: 39
    25: 40
    26: 21
    27: 16
    28: 24
    29: 32
    30: 34
    31: 20
    32: 39
    33: 35
    34: 30
    35: 29
    36: 31
    37: 34
    38: 31
    39: 37
    40: 21
    41: 31
    42: 33
    43: 7
    44: 1
    45: 2
    46: 0
    47: 2
    48: 0
    49: 1
    50: 0
    51: 0
    52: 0
    53: 0
    54: 0
    55: 0
    56: 0
    57: 0
    58: 0
    59: 0
    60: 0
    61: 0
    62: 0
    63: 0
    64: 0
    65: 0
    66: 0
    67: 0
    68: 0
    69: 0
    70: 0
    71: 0
    72: 0
    73: 0
    74: 0
    75: 0
    76: 0
    77: 0
    78: 0
    79: 0
    80: 0
    81: 0
    82: 0
    83: 0
    84: 0
    85: 0
    86: 0
    87: 0
    88: 0
    89: 0
    90: 0
    91: 0
    92: 0
    93: 0
    94: 0
    95: 0
    96: 0
    97: 0
    98: 0
    99: 0
  mem-2: # Memory controller stats
   rd: 58227 # Read requests
   wr: 16775 # Write requests
   rdlat: 7830637 # Total latency experienced by read requests
   wrlat: 2473795 # Total latency experienced by write requests
   rdhits: 24 # Read row hits
   wrhits: 29 # Write row hits
   mlh: # latency histogram for memory requests
    0: 0
    1: 0
    2: 0
    3: 0
    4: 0
    5: 0
    6: 0
    7: 0
    8: 0
    9: 0
    10: 0
    11: 4
    12: 11
    13: 55931
    14: 621
    15: 507
    16: 214
    17: 39
    18: 50
    19: 50
    20: 51
    21: 41
    22: 31
    23: 31
    24: 37
    25: 19
    26: 29
    27: 25
    28: 34
    29: 31
    30: 35
    31: 33
    32: 28
    33: 24
    34: 42
    35: 32
    36: 26
    37: 42
    38: 37
    39: 38
    40: 38
    41: 38
    42: 27
    43: 18
    44: 6
    45: 3
    46: 3
    47: 1
    48: 0
    49: 0
    50: 0
    51: 0
    52: 0
    53: 0
    54: 0
    55: 0
    56: 0
    57: 0
    58: 0
    59: 0
    60: 0
    61: 0
    62: 0
    63: 0
    64: 0
    65: 0
    66: 0
    67: 0
    68: 0
    69: 0
    70: 0
    71: 0
    72: 0
    73: 0
    74: 0
    75: 0
    76: 0
    77: 0
    78: 0
    79: 0
    80: 0
    81: 0
    82: 0
    83: 0
    84: 0
    85: 0
    86: 0
    87: 0
    88: 0
    89: 0
    90: 0
    91: 0
    92: 0
    93: 0
    94: 0
    95: 0
    96: 0
    97: 0
    98: 0
    99: 0
  mem-3: # Memory controller stats
   rd: 55553 # Read requests
   wr: 16243 # Write requests
   rdlat: 7460074 # Total latency experienced by read requests
   wrlat: 2391304 # Total latency experienced by write requests
   rdhits: 25 # Read row hits
   wrhits: 32 # Write row hits
   mlh: # latency histogram for memory requests
    0: 0
    1: 0
    2: 0
    3: 0
    4: 0
    5: 0
    6: 0
    7: 0
    8: 0
    9: 0
    10: 0
    11: 3
    12: 6
    13: 53422
    14: 553
    15: 539
    16: 206
    17: 40
    18: 30
    19: 41
    20: 42
    21: 34
    22: 32
    23: 31
    24: 31
    25: 34
    26: 31
    27: 23
    28: 24
    29: 17
    30: 27
    31: 25
    32: 34
    33: 24
    34: 25
    35: 38
    36: 34
    37: 27
    38: 29
    39: 33
    40: 29
    41: 36
    42: 33
    43: 10
    44: 2
    45: 2
    46: 5
    47: 1
    48: 0
    49: 0
    50: 0
    51: 0
    52: 0
    53: 0
    54: 0
    55: 0
    56: 0
    57: 0
    58: 0
    59: 0
    60: 0
    61: 0
    62: 0
    63: 0
    64: 0
    65: 0
    66: 0
    67: 0
    68: 0
    69: 0
    70: 0
    71: 0
    72: 0
    73: 0
    74: 0
    75: 0
    76: 0
    77: 0
    78: 0
    79: 0
    80: 0
    81: 0
    82: 0
    83: 0
    84: 0
    85: 0
    86: 0
    87: 0
    88: 0
    89: 0
    90: 0
    91: 0
    92: 0
    93: 0
    94: 0
    95: 0
    96: 0
    97: 0
    98: 0
    99: 0
 sched: # Scheduler stats
  thCr: 1 # Threads created
  thFn: 1 # Threads finished
  schedEvs: 1 # Schedule events
  waitEvs: 0 # Wait events
  handoffEvs: 0 # Handoff events
  sleepEvs: 0 # Sleep events
  idlePhases: 0 # Phases with no thread active
  idlePeriods: 0 # Periods with no thread active
  occHist: # Occupancy histogram
   0: 0
   1: 11385
  rqSzHist: # Run queue size histogram
   0: 11385
   1: 0
   2: 0
   3: 0
   4: 0
   5: 0
   6: 0
   7: 0
   8: 0
   9: 0
   10: 0
   11: 0
   12: 0
   13: 0
   14: 0
   15: 0
   16: 0
 procCycles: # Per-process unhalted core cycles
  0: 113850001
  1: 0
  2: 0
  3: 0
  4: 0
  5: 0
  6: 0
  7: 0
  8: 0
  9: 0
  10: 0
  11: 0
  12: 0
  13: 0
  14: 0
  15: 0
  16: 0
  17: 0
  18: 0
  19: 0
  20: 0
  21: 0
  22: 0
  23: 0
  24: 0
  25: 0
  26: 0
  27: 0
  28: 0
  29: 0
  30: 0
  31: 0
  32: 0
  33: 0
  34: 0
  35: 0
  36: 0
  37: 0
  38: 0
  39: 0
  40: 0
  41: 0
  42: 0
  43: 0
  44: 0
  45: 0
  46: 0
  47: 0
  48: 0
  49: 0
  50: 0
  51: 0
  52: 0
  53: 0
  54: 0
  55: 0
  56: 0
  57: 0
  58: 0
  59: 0
  60: 0
  61: 0
  62: 0
  63: 0
 procInstrs: # Per-process instructions
  0: 100006236
  1: 0
  2: 0
  3: 0
  4: 0
  5: 0
  6: 0
  7: 0
  8: 0
  9: 0
  10: 0
  11: 0
  12: 0
  13: 0
  14: 0
  15: 0
  16: 0
  17: 0
  18: 0
  19: 0
  20: 0
  21: 0
  22: 0
  23: 0
  24: 0
  25: 0
  26: 0
  27: 0
  28: 0
  29: 0
  30: 0
  31: 0
  32: 0
  33: 0
  34: 0
  35: 0
  36: 0
  37: 0
  38: 0
  39: 0
  40: 0
  41: 0
  42: 0
  43: 0
  44: 0
  45: 0
  46: 0
  47: 0
  48: 0
  49: 0
  50: 0
  51: 0
  52: 0
  53: 0
  54: 0
  55: 0
  56: 0
  57: 0
  58: 0
  59: 0
  60: 0
  61: 0
  62: 0
  63: 0
 heartbeats: # Per-process heartbeats
  0: 0
  1: 0
  2: 0
  3: 0
  4: 0
  5: 0
  6: 0
  7: 0
  8: 0
  9: 0
  10: 0
  11: 0
  12: 0
  13: 0
  14: 0
  15: 0
  16: 0
  17: 0
  18: 0
  19: 0
  20: 0
  21: 0
  22: 0
  23: 0
  24: 0
  25: 0
  26: 0
  27: 0
  28: 0
  29: 0
  30: 0
  31: 0
  32: 0
  33: 0
  34: 0
  35: 0
  36: 0
  37: 0
  38: 0
  39: 0
  40: 0
  41: 0
  42: 0
  43: 0
  44: 0
  45: 0
  46: 0
  47: 0
  48: 0
  49: 0
  50: 0
  51: 0
  52: 0
  53: 0
  54: 0
  55: 0
  56: 0
  57: 0
  58: 0
  59: 0
  60: 0
  61: 0
  62: 0
  63: 0
===
