# zsim stats
===
root: # Stats
 contention: # Contention simulation stats
  domain-0: # Domain stats
   time: 1437049054 # Weave simulation time
 time: # Simulator time breakdown
  init: 1544320064419
  bound: 10512875895
  weave: 2070251808
  ff: 0
 trigger: 20000 # Reason for this stats dump
 phase: 19407 # Simulated phases
 westmere: # Core stats
  westmere-0: # Core stats
   cycles: 194072105 # Simulated unhalted cycles
   cCycles: 37278096 # Cycles due to contention stalls
   instrs: 100003019 # Simulated instructions
   uops: 109366390 # Retired micro-ops
   bbls: 20081023 # Basic blocks
   approxInstrs: 1766231 # Instrs with approx uop decoding
   mispredBranches: 1074559 # Mispredicted branches
   condBranches: 19038399 # conditional branches
 l1i: # Cache stats
  l1i-0: # Filter cache stats
   fhGETS: 25563259 # Filtered GETS hits
   fhGETX: 0 # Filtered GETX hits
   hGETS: 201840 # GETS hits
   hGETX: 0 # GETX hits
   mGETS: 2253 # GETS misses
   mGETXIM: 0 # GETX I->M misses
   mGETXSM: 0 # GETX S->M misses (upgrade misses)
   PUTS: 0 # Clean evictions (from lower level)
   PUTX: 0 # Dirty evictions (from lower level)
   INV: 5 # Invalidates (from upper level)
   INVX: 0 # Downgrades (from upper level)
   FWD: 0 # Forwards (from upper level)
   latGETnl: 263388 # GET request latency on next level
   latGETnet: 0 # GET request latency on network to next level
 l1d: # Cache stats
  l1d-0: # Filter cache stats
   fhGETS: 22783657 # Filtered GETS hits
   fhGETX: 4127488 # Filtered GETX hits
   hGETS: 2383234 # GETS hits
   hGETX: 2512682 # GETX hits
   mGETS: 3473118 # GETS misses
   mGETXIM: 736581 # GETX I->M misses
   mGETXSM: 0 # GETX S->M misses (upgrade misses)
   PUTS: 0 # Clean evictions (from lower level)
   PUTX: 0 # Dirty evictions (from lower level)
   INV: 0 # Invalidates (from upper level)
   INVX: 0 # Downgrades (from upper level)
   FWD: 0 # Forwards (from upper level)
   latGETnl: 315221244 # GET request latency on next level
   latGETnet: 0 # GET request latency on network to next level
 l2: # Cache stats
  l2-0: # Cache stats
   hGETS: 708225 # GETS hits
   hGETX: 124909 # GETX hits
   mGETS: 2767146 # GETS misses
   mGETXIM: 611672 # GETX I->M misses
   mGETXSM: 0 # GETX S->M misses (upgrade misses)
   PUTS: 2424263 # Clean evictions (from lower level)
   PUTX: 1786664 # Dirty evictions (from lower level)
   INV: 0 # Invalidates (from upper level)
   INVX: 0 # Downgrades (from upper level)
   FWD: 0 # Forwards (from upper level)
   latGETnl: 273365112 # GET request latency on next level
   latGETnet: 0 # GET request latency on network to next level
 l3: # Cache stats
  l3-0: # Cache stats
   hGETS: 1033727 # GETS hits
   hGETX: 208719 # GETX hits
   mGETS: 1733419 # GETS misses
   mGETXIM: 402953 # GETX I->M misses
   mGETXSM: 0 # GETX S->M misses (upgrade misses)
   PUTS: 2038499 # Clean evictions (from lower level)
   PUTX: 1336223 # Dirty evictions (from lower level)
   INV: 0 # Invalidates (from upper level)
   INVX: 0 # Downgrades (from upper level)
   FWD: 0 # Forwards (from upper level)
   latGETnl: 192273480 # GET request latency on next level
   latGETnet: 0 # GET request latency on network to next level
 mem: # Memory controller stats
  mem-0: # Memory controller stats
   rd: 533924 # Read requests
   wr: 206714 # Write requests
   rdlat: 72887389 # Total latency experienced by read requests
   wrlat: 31730578 # Total latency experienced by write requests
   rdhits: 15128 # Read row hits
   wrhits: 1893 # Write row hits
   mlh: # latency histogram for memory requests
    0: 0
    1: 0
    2: 0
    3: 0
    4: 0
    5: 0
    6: 0
    7: 0
    8: 0
    9: 0
    10: 0
    11: 811
    12: 631
    13: 466739
    14: 37707
    15: 10587
    16: 4432
    17: 1448
    18: 675
    19: 736
    20: 784
    21: 753
    22: 543
    23: 641
    24: 1153
    25: 786
    26: 176
    27: 194
    28: 254
    29: 264
    30: 331
    31: 319
    32: 316
    33: 343
    34: 355
    35: 350
    36: 318
    37: 338
    38: 310
    39: 311
    40: 335
    41: 272
    42: 309
    43: 138
    44: 46
    45: 54
    46: 51
    47: 59
    48: 32
    49: 10
    50: 4
    51: 6
    52: 2
    53: 0
    54: 0
    55: 1
    56: 0
    57: 0
    58: 0
    59: 0
    60: 0
    61: 0
    62: 0
    63: 0
    64: 0
    65: 0
    66: 0
    67: 0
    68: 0
    69: 0
    70: 0
    71: 0
    72: 0
    73: 0
    74: 0
    75: 0
    76: 0
    77: 0
    78: 0
    79: 0
    80: 0
    81: 0
    82: 0
    83: 0
    84: 0
    85: 0
    86: 0
    87: 0
    88: 0
    89: 0
    90: 0
    91: 0
    92: 0
    93: 0
    94: 0
    95: 0
    96: 0
    97: 0
    98: 0
    99: 0
  mem-1: # Memory controller stats
   rd: 534264 # Read requests
   wr: 206327 # Write requests
   rdlat: 72946916 # Total latency experienced by read requests
   wrlat: 31749822 # Total latency experienced by write requests
   rdhits: 14917 # Read row hits
   wrhits: 1816 # Write row hits
   mlh: # latency histogram for memory requests
    0: 0
    1: 0
    2: 0
    3: 0
    4: 0
    5: 0
    6: 0
    7: 0
    8: 0
    9: 0
    10: 0
    11: 728
    12: 625
    13: 467168
    14: 36932
    15: 10691
    16: 5113
    17: 1416
    18: 644
    19: 699
    20: 753
    21: 873
    22: 595
    23: 730
    24: 1071
    25: 787
    26: 180
    27: 195
    28: 238
    29: 249
    30: 321
    31: 305
    32: 351
    33: 348
    34: 302
    35: 318
    36: 353
    37: 301
    38: 274
    39: 275
    40: 339
    41: 306
    42: 303
    43: 151
    44: 71
    45: 54
    46: 55
    47: 62
    48: 60
    49: 12
    50: 8
    51: 3
    52: 3
    53: 0
    54: 2
    55: 0
    56: 0
    57: 0
    58: 0
    59: 0
    60: 0
    61: 0
    62: 0
    63: 0
    64: 0
    65: 0
    66: 0
    67: 0
    68: 0
    69: 0
    70: 0
    71: 0
    72: 0
    73: 0
    74: 0
    75: 0
    76: 0
    77: 0
    78: 0
    79: 0
    80: 0
    81: 0
    82: 0
    83: 0
    84: 0
    85: 0
    86: 0
    87: 0
    88: 0
    89: 0
    90: 0
    91: 0
    92: 0
    93: 0
    94: 0
    95: 0
    96: 0
    97: 0
    98: 0
    99: 0
  mem-2: # Memory controller stats
   rd: 533619 # Read requests
   wr: 205741 # Write requests
   rdlat: 72780572 # Total latency experienced by read requests
   wrlat: 31564500 # Total latency experienced by write requests
   rdhits: 14651 # Read row hits
   wrhits: 1855 # Write row hits
   mlh: # latency histogram for memory requests
    0: 0
    1: 0
    2: 0
    3: 0
    4: 0
    5: 0
    6: 0
    7: 0
    8: 0
    9: 2
    10: 0
    11: 717
    12: 652
    13: 466218
    14: 39015
    15: 10230
    16: 4358
    17: 1418
    18: 598
    19: 665
    20: 733
    21: 792
    22: 491
    23: 619
    24: 1104
    25: 739
    26: 187
    27: 213
    28: 201
    29: 221
    30: 292
    31: 325
    32: 336
    33: 315
    34: 342
    35: 306
    36: 297
    37: 319
    38: 275
    39: 275
    40: 292
    41: 332
    42: 306
    43: 144
    44: 54
    45: 49
    46: 52
    47: 61
    48: 44
    49: 10
    50: 8
    51: 3
    52: 3
    53: 3
    54: 1
    55: 0
    56: 1
    57: 0
    58: 1
    59: 0
    60: 0
    61: 0
    62: 0
    63: 0
    64: 0
    65: 0
    66: 0
    67: 0
    68: 0
    69: 0
    70: 0
    71: 0
    72: 0
    73: 0
    74: 0
    75: 0
    76: 0
    77: 0
    78: 0
    79: 0
    80: 0
    81: 0
    82: 0
    83: 0
    84: 0
    85: 0
    86: 0
    87: 0
    88: 0
    89: 0
    90: 0
    91: 0
    92: 0
    93: 0
    94: 0
    95: 0
    96: 0
    97: 0
    98: 0
    99: 0
  mem-3: # Memory controller stats
   rd: 534534 # Read requests
   wr: 206342 # Write requests
   rdlat: 72969645 # Total latency experienced by read requests
   wrlat: 31714618 # Total latency experienced by write requests
   rdhits: 14815 # Read row hits
   wrhits: 1872 # Write row hits
   mlh: # latency histogram for memory requests
    0: 0
    1: 0
    2: 0
    3: 0
    4: 0
    5: 0
    6: 0
    7: 0
    8: 0
    9: 0
    10: 0
    11: 754
    12: 679
    13: 466612
    14: 38282
    15: 10392
    16: 4623
    17: 1646
    18: 676
    19: 629
    20: 786
    21: 757
    22: 588
    23: 747
    24: 1203
    25: 783
    26: 216
    27: 210
    28: 234
    29: 251
    30: 283
    31: 326
    32: 354
    33: 321
    34: 293
    35: 335
    36: 348
    37: 296
    38: 320
    39: 279
    40: 308
    41: 299
    42: 299
    43: 121
    44: 50
    45: 51
    46: 57
    47: 57
    48: 49
    49: 8
    50: 5
    51: 1
    52: 2
    53: 1
    54: 2
    55: 0
    56: 0
    57: 0
    58: 0
    59: 0
    60: 1
    61: 0
    62: 0
    63: 0
    64: 0
    65: 0
    66: 0
    67: 0
    68: 0
    69: 0
    70: 0
    71: 0
    72: 0
    73: 0
    74: 0
    75: 0
    76: 0
    77: 0
    78: 0
    79: 0
    80: 0
    81: 0
    82: 0
    83: 0
    84: 0
    85: 0
    86: 0
    87: 0
    88: 0
    89: 0
    90: 0
    91: 0
    92: 0
    93: 0
    94: 0
    95: 0
    96: 0
    97: 0
    98: 0
    99: 0
 sched: # Scheduler stats
  thCr: 1 # Threads created
  thFn: 1 # Threads finished
  schedEvs: 1 # Schedule events
  waitEvs: 0 # Wait events
  handoffEvs: 0 # Handoff events
  sleepEvs: 0 # Sleep events
  idlePhases: 0 # Phases with no thread active
  idlePeriods: 0 # Periods with no thread active
  occHist: # Occupancy histogram
   0: 0
   1: 19407
  rqSzHist: # Run queue size histogram
   0: 19407
   1: 0
   2: 0
   3: 0
   4: 0
   5: 0
   6: 0
   7: 0
   8: 0
   9: 0
   10: 0
   11: 0
   12: 0
   13: 0
   14: 0
   15: 0
   16: 0
 procCycles: # Per-process unhalted core cycles
  0: 194072105
  1: 0
  2: 0
  3: 0
  4: 0
  5: 0
  6: 0
  7: 0
  8: 0
  9: 0
  10: 0
  11: 0
  12: 0
  13: 0
  14: 0
  15: 0
  16: 0
  17: 0
  18: 0
  19: 0
  20: 0
  21: 0
  22: 0
  23: 0
  24: 0
  25: 0
  26: 0
  27: 0
  28: 0
  29: 0
  30: 0
  31: 0
  32: 0
  33: 0
  34: 0
  35: 0
  36: 0
  37: 0
  38: 0
  39: 0
  40: 0
  41: 0
  42: 0
  43: 0
  44: 0
  45: 0
  46: 0
  47: 0
  48: 0
  49: 0
  50: 0
  51: 0
  52: 0
  53: 0
  54: 0
  55: 0
  56: 0
  57: 0
  58: 0
  59: 0
  60: 0
  61: 0
  62: 0
  63: 0
 procInstrs: # Per-process instructions
  0: 100003019
  1: 0
  2: 0
  3: 0
  4: 0
  5: 0
  6: 0
  7: 0
  8: 0
  9: 0
  10: 0
  11: 0
  12: 0
  13: 0
  14: 0
  15: 0
  16: 0
  17: 0
  18: 0
  19: 0
  20: 0
  21: 0
  22: 0
  23: 0
  24: 0
  25: 0
  26: 0
  27: 0
  28: 0
  29: 0
  30: 0
  31: 0
  32: 0
  33: 0
  34: 0
  35: 0
  36: 0
  37: 0
  38: 0
  39: 0
  40: 0
  41: 0
  42: 0
  43: 0
  44: 0
  45: 0
  46: 0
  47: 0
  48: 0
  49: 0
  50: 0
  51: 0
  52: 0
  53: 0
  54: 0
  55: 0
  56: 0
  57: 0
  58: 0
  59: 0
  60: 0
  61: 0
  62: 0
  63: 0
 heartbeats: # Per-process heartbeats
  0: 0
  1: 0
  2: 0
  3: 0
  4: 0
  5: 0
  6: 0
  7: 0
  8: 0
  9: 0
  10: 0
  11: 0
  12: 0
  13: 0
  14: 0
  15: 0
  16: 0
  17: 0
  18: 0
  19: 0
  20: 0
  21: 0
  22: 0
  23: 0
  24: 0
  25: 0
  26: 0
  27: 0
  28: 0
  29: 0
  30: 0
  31: 0
  32: 0
  33: 0
  34: 0
  35: 0
  36: 0
  37: 0
  38: 0
  39: 0
  40: 0
  41: 0
  42: 0
  43: 0
  44: 0
  45: 0
  46: 0
  47: 0
  48: 0
  49: 0
  50: 0
  51: 0
  52: 0
  53: 0
  54: 0
  55: 0
  56: 0
  57: 0
  58: 0
  59: 0
  60: 0
  61: 0
  62: 0
  63: 0
===
