# zsim stats
===
root: # Stats
 contention: # Contention simulation stats
  domain-0: # Domain stats
   time: 975983989 # Weave simulation time
 time: # Simulator time breakdown
  init: 937698078203
  bound: 6895481521
  weave: 1317731968
  ff: 0
 trigger: 20000 # Reason for this stats dump
 phase: 12619 # Simulated phases
 westmere: # Core stats
  westmere-0: # Core stats
   cycles: 126191824 # Simulated unhalted cycles
   cCycles: 26266298 # Cycles due to contention stalls
   instrs: 100003198 # Simulated instructions
   uops: 109266181 # Retired micro-ops
   bbls: 5331491 # Basic blocks
   approxInstrs: 0 # Instrs with approx uop decoding
   mispredBranches: 91 # Mispredicted branches
   condBranches: 4634980 # conditional branches
 l1i: # Cache stats
  l1i-0: # Filter cache stats
   fhGETS: 9919430 # Filtered GETS hits
   fhGETX: 0 # Filtered GETX hits
   hGETS: 0 # GETS hits
   hGETX: 0 # GETX hits
   mGETS: 559 # GETS misses
   mGETXIM: 0 # GETX I->M misses
   mGETXSM: 0 # GETX S->M misses (upgrade misses)
   PUTS: 0 # Clean evictions (from lower level)
   PUTX: 0 # Dirty evictions (from lower level)
   INV: 545 # Invalidates (from upper level)
   INVX: 0 # Downgrades (from upper level)
   FWD: 0 # Forwards (from upper level)
   latGETnl: 69316 # GET request latency on next level
   latGETnet: 0 # GET request latency on network to next level
 l1d: # Cache stats
  l1d-0: # Filter cache stats
   fhGETS: 24354325 # Filtered GETS hits
   fhGETX: 6209251 # Filtered GETX hits
   hGETS: 496343 # GETS hits
   hGETX: 687363 # GETX hits
   mGETS: 1455287 # GETS misses
   mGETXIM: 40108 # GETX I->M misses
   mGETXSM: 0 # GETX S->M misses (upgrade misses)
   PUTS: 0 # Clean evictions (from lower level)
   PUTX: 0 # Dirty evictions (from lower level)
   INV: 318 # Invalidates (from upper level)
   INVX: 0 # Downgrades (from upper level)
   FWD: 0 # Forwards (from upper level)
   latGETnl: 185362404 # GET request latency on next level
   latGETnet: 0 # GET request latency on network to next level
 l2: # Cache stats
  l2-0: # Cache stats
   hGETS: 539 # GETS hits
   hGETX: 0 # GETX hits
   mGETS: 1455307 # GETS misses
   mGETXIM: 40108 # GETX I->M misses
   mGETXSM: 0 # GETX S->M misses (upgrade misses)
   PUTS: 868037 # Clean evictions (from lower level)
   PUTX: 626528 # Dirty evictions (from lower level)
   INV: 922 # Invalidates (from upper level)
   INVX: 0 # Downgrades (from upper level)
   FWD: 0 # Forwards (from upper level)
   latGETnl: 170472180 # GET request latency on next level
   latGETnet: 0 # GET request latency on network to next level
 l3: # Cache stats
  l3-0: # Cache stats
   hGETS: 57 # GETS hits
   hGETX: 0 # GETX hits
   mGETS: 1455250 # GETS misses
   mGETXIM: 40108 # GETX I->M misses
   mGETXSM: 0 # GETX S->M misses (upgrade misses)
   PUTS: 866656 # Clean evictions (from lower level)
   PUTX: 623741 # Dirty evictions (from lower level)
   INV: 0 # Invalidates (from upper level)
   INVX: 0 # Downgrades (from upper level)
   FWD: 0 # Forwards (from upper level)
   latGETnl: 134582220 # GET request latency on next level
   latGETnet: 0 # GET request latency on network to next level
 mem: # Memory controller stats
  mem-0: # Memory controller stats
   rd: 445934 # Read requests
   wr: 169731 # Write requests
   rdlat: 60280685 # Total latency experienced by read requests
   wrlat: 28198181 # Total latency experienced by write requests
   rdhits: 0 # Read row hits
   wrhits: 5289 # Write row hits
   mlh: # latency histogram for memory requests
    0: 0
    1: 0
    2: 0
    3: 0
    4: 0
    5: 0
    6: 0
    7: 0
    8: 0
    9: 0
    10: 0
    11: 0
    12: 0
    13: 418090
    14: 13821
    15: 3051
    16: 1841
    17: 422
    18: 299
    19: 394
    20: 342
    21: 376
    22: 943
    23: 1210
    24: 487
    25: 336
    26: 263
    27: 216
    28: 326
    29: 254
    30: 209
    31: 176
    32: 342
    33: 350
    34: 280
    35: 254
    36: 230
    37: 242
    38: 202
    39: 214
    40: 216
    41: 176
    42: 166
    43: 65
    44: 21
    45: 58
    46: 29
    47: 15
    48: 9
    49: 3
    50: 1
    51: 1
    52: 1
    53: 1
    54: 1
    55: 0
    56: 1
    57: 0
    58: 0
    59: 0
    60: 0
    61: 0
    62: 0
    63: 0
    64: 0
    65: 0
    66: 0
    67: 0
    68: 0
    69: 0
    70: 0
    71: 0
    72: 0
    73: 0
    74: 0
    75: 0
    76: 0
    77: 0
    78: 0
    79: 0
    80: 0
    81: 0
    82: 0
    83: 0
    84: 0
    85: 0
    86: 0
    87: 0
    88: 0
    89: 0
    90: 0
    91: 0
    92: 0
    93: 0
    94: 0
    95: 0
    96: 0
    97: 0
    98: 0
    99: 0
  mem-1: # Memory controller stats
   rd: 293368 # Read requests
   wr: 169736 # Write requests
   rdlat: 39823772 # Total latency experienced by read requests
   wrlat: 27492656 # Total latency experienced by write requests
   rdhits: 0 # Read row hits
   wrhits: 4115 # Write row hits
   mlh: # latency histogram for memory requests
    0: 0
    1: 0
    2: 0
    3: 0
    4: 0
    5: 0
    6: 0
    7: 0
    8: 0
    9: 0
    10: 0
    11: 0
    12: 0
    13: 266874
    14: 11085
    15: 5374
    16: 2212
    17: 774
    18: 356
    19: 263
    20: 274
    21: 715
    22: 659
    23: 327
    24: 1191
    25: 343
    26: 63
    27: 73
    28: 173
    29: 404
    30: 292
    31: 156
    32: 143
    33: 172
    34: 129
    35: 171
    36: 180
    37: 167
    38: 151
    39: 137
    40: 135
    41: 95
    42: 103
    43: 44
    44: 26
    45: 29
    46: 10
    47: 31
    48: 23
    49: 4
    50: 3
    51: 3
    52: 2
    53: 2
    54: 0
    55: 0
    56: 0
    57: 0
    58: 0
    59: 0
    60: 0
    61: 0
    62: 0
    63: 0
    64: 0
    65: 0
    66: 0
    67: 0
    68: 0
    69: 0
    70: 0
    71: 0
    72: 0
    73: 0
    74: 0
    75: 0
    76: 0
    77: 0
    78: 0
    79: 0
    80: 0
    81: 0
    82: 0
    83: 0
    84: 0
    85: 0
    86: 0
    87: 0
    88: 0
    89: 0
    90: 0
    91: 0
    92: 0
    93: 0
    94: 0
    95: 0
    96: 0
    97: 0
    98: 0
    99: 0
  mem-2: # Memory controller stats
   rd: 310012 # Read requests
   wr: 110053 # Write requests
   rdlat: 41448835 # Total latency experienced by read requests
   wrlat: 15927646 # Total latency experienced by write requests
   rdhits: 1 # Read row hits
   wrhits: 1052 # Write row hits
   mlh: # latency histogram for memory requests
    0: 0
    1: 0
    2: 0
    3: 0
    4: 0
    5: 0
    6: 0
    7: 0
    8: 0
    9: 0
    10: 0
    11: 0
    12: 1
    13: 302535
    14: 2486
    15: 509
    16: 419
    17: 8
    18: 14
    19: 135
    20: 161
    21: 208
    22: 133
    23: 252
    24: 85
    25: 64
    26: 131
    27: 433
    28: 332
    29: 171
    30: 143
    31: 120
    32: 138
    33: 149
    34: 127
    35: 151
    36: 140
    37: 131
    38: 164
    39: 122
    40: 154
    41: 151
    42: 154
    43: 49
    44: 7
    45: 20
    46: 4
    47: 3
    48: 4
    49: 2
    50: 1
    51: 0
    52: 1
    53: 0
    54: 0
    55: 0
    56: 0
    57: 0
    58: 0
    59: 0
    60: 0
    61: 0
    62: 0
    63: 0
    64: 0
    65: 0
    66: 0
    67: 0
    68: 0
    69: 0
    70: 0
    71: 0
    72: 0
    73: 0
    74: 0
    75: 0
    76: 0
    77: 0
    78: 0
    79: 0
    80: 0
    81: 0
    82: 0
    83: 0
    84: 0
    85: 0
    86: 0
    87: 0
    88: 0
    89: 0
    90: 0
    91: 0
    92: 0
    93: 0
    94: 0
    95: 0
    96: 0
    97: 0
    98: 0
    99: 0
  mem-3: # Memory controller stats
   rd: 446020 # Read requests
   wr: 169717 # Write requests
   rdlat: 60452311 # Total latency experienced by read requests
   wrlat: 28297347 # Total latency experienced by write requests
   rdhits: 0 # Read row hits
   wrhits: 5188 # Write row hits
   mlh: # latency histogram for memory requests
    0: 0
    1: 0
    2: 0
    3: 0
    4: 0
    5: 0
    6: 0
    7: 0
    8: 0
    9: 0
    10: 0
    11: 0
    12: 0
    13: 424827
    14: 5636
    15: 3540
    16: 1884
    17: 548
    18: 335
    19: 265
    20: 556
    21: 997
    22: 964
    23: 1049
    24: 390
    25: 244
    26: 270
    27: 478
    28: 466
    29: 477
    30: 251
    31: 186
    32: 210
    33: 208
    34: 256
    35: 251
    36: 259
    37: 173
    38: 194
    39: 179
    40: 174
    41: 194
    42: 194
    43: 98
    44: 10
    45: 56
    46: 69
    47: 102
    48: 12
    49: 7
    50: 5
    51: 3
    52: 1
    53: 2
    54: 0
    55: 0
    56: 0
    57: 0
    58: 0
    59: 0
    60: 0
    61: 0
    62: 0
    63: 0
    64: 0
    65: 0
    66: 0
    67: 0
    68: 0
    69: 0
    70: 0
    71: 0
    72: 0
    73: 0
    74: 0
    75: 0
    76: 0
    77: 0
    78: 0
    79: 0
    80: 0
    81: 0
    82: 0
    83: 0
    84: 0
    85: 0
    86: 0
    87: 0
    88: 0
    89: 0
    90: 0
    91: 0
    92: 0
    93: 0
    94: 0
    95: 0
    96: 0
    97: 0
    98: 0
    99: 0
 sched: # Scheduler stats
  thCr: 1 # Threads created
  thFn: 1 # Threads finished
  schedEvs: 1 # Schedule events
  waitEvs: 0 # Wait events
  handoffEvs: 0 # Handoff events
  sleepEvs: 0 # Sleep events
  idlePhases: 0 # Phases with no thread active
  idlePeriods: 0 # Periods with no thread active
  occHist: # Occupancy histogram
   0: 0
   1: 12619
  rqSzHist: # Run queue size histogram
   0: 12619
   1: 0
   2: 0
   3: 0
   4: 0
   5: 0
   6: 0
   7: 0
   8: 0
   9: 0
   10: 0
   11: 0
   12: 0
   13: 0
   14: 0
   15: 0
   16: 0
 procCycles: # Per-process unhalted core cycles
  0: 126191824
  1: 0
  2: 0
  3: 0
  4: 0
  5: 0
  6: 0
  7: 0
  8: 0
  9: 0
  10: 0
  11: 0
  12: 0
  13: 0
  14: 0
  15: 0
  16: 0
  17: 0
  18: 0
  19: 0
  20: 0
  21: 0
  22: 0
  23: 0
  24: 0
  25: 0
  26: 0
  27: 0
  28: 0
  29: 0
  30: 0
  31: 0
  32: 0
  33: 0
  34: 0
  35: 0
  36: 0
  37: 0
  38: 0
  39: 0
  40: 0
  41: 0
  42: 0
  43: 0
  44: 0
  45: 0
  46: 0
  47: 0
  48: 0
  49: 0
  50: 0
  51: 0
  52: 0
  53: 0
  54: 0
  55: 0
  56: 0
  57: 0
  58: 0
  59: 0
  60: 0
  61: 0
  62: 0
  63: 0
 procInstrs: # Per-process instructions
  0: 100003198
  1: 0
  2: 0
  3: 0
  4: 0
  5: 0
  6: 0
  7: 0
  8: 0
  9: 0
  10: 0
  11: 0
  12: 0
  13: 0
  14: 0
  15: 0
  16: 0
  17: 0
  18: 0
  19: 0
  20: 0
  21: 0
  22: 0
  23: 0
  24: 0
  25: 0
  26: 0
  27: 0
  28: 0
  29: 0
  30: 0
  31: 0
  32: 0
  33: 0
  34: 0
  35: 0
  36: 0
  37: 0
  38: 0
  39: 0
  40: 0
  41: 0
  42: 0
  43: 0
  44: 0
  45: 0
  46: 0
  47: 0
  48: 0
  49: 0
  50: 0
  51: 0
  52: 0
  53: 0
  54: 0
  55: 0
  56: 0
  57: 0
  58: 0
  59: 0
  60: 0
  61: 0
  62: 0
  63: 0
 heartbeats: # Per-process heartbeats
  0: 0
  1: 0
  2: 0
  3: 0
  4: 0
  5: 0
  6: 0
  7: 0
  8: 0
  9: 0
  10: 0
  11: 0
  12: 0
  13: 0
  14: 0
  15: 0
  16: 0
  17: 0
  18: 0
  19: 0
  20: 0
  21: 0
  22: 0
  23: 0
  24: 0
  25: 0
  26: 0
  27: 0
  28: 0
  29: 0
  30: 0
  31: 0
  32: 0
  33: 0
  34: 0
  35: 0
  36: 0
  37: 0
  38: 0
  39: 0
  40: 0
  41: 0
  42: 0
  43: 0
  44: 0
  45: 0
  46: 0
  47: 0
  48: 0
  49: 0
  50: 0
  51: 0
  52: 0
  53: 0
  54: 0
  55: 0
  56: 0
  57: 0
  58: 0
  59: 0
  60: 0
  61: 0
  62: 0
  63: 0
===
