# zsim stats
===
root: # Stats
 contention: # Contention simulation stats
  domain-0: # Domain stats
   time: 5741604086 # Weave simulation time
 time: # Simulator time breakdown
  init: 669676551
  bound: 168489106997
  weave: 11342870381
  ff: 0
 trigger: 20000 # Reason for this stats dump
 phase: 164062 # Simulated phases
 westmere: # Core stats
  westmere-0: # Core stats
   cycles: 1631882409 # Simulated unhalted cycles
   cCycles: 49893712 # Cycles due to contention stalls
   instrs: 2290466851 # Simulated instructions
   uops: 3287364608 # Retired micro-ops
   bbls: 586275068 # Basic blocks
   approxInstrs: 232945 # Instrs with approx uop decoding
   mispredBranches: 11414052 # Mispredicted branches
   condBranches: 502162163 # conditional branches
  westmere-1: # Core stats
   cycles: 361242611 # Simulated unhalted cycles
   cCycles: 22652602 # Cycles due to contention stalls
   instrs: 381296048 # Simulated instructions
   uops: 445717526 # Retired micro-ops
   bbls: 86142349 # Basic blocks
   approxInstrs: 237855 # Instrs with approx uop decoding
   mispredBranches: 4166805 # Mispredicted branches
   condBranches: 80867141 # conditional branches
  westmere-2: # Core stats
   cycles: 357108789 # Simulated unhalted cycles
   cCycles: 20159120 # Cycles due to contention stalls
   instrs: 382480048 # Simulated instructions
   uops: 449566668 # Retired micro-ops
   bbls: 86383760 # Basic blocks
   approxInstrs: 275369 # Instrs with approx uop decoding
   mispredBranches: 3532052 # Mispredicted branches
   condBranches: 80996812 # conditional branches
  westmere-3: # Core stats
   cycles: 361056907 # Simulated unhalted cycles
   cCycles: 22341649 # Cycles due to contention stalls
   instrs: 398336720 # Simulated instructions
   uops: 468757635 # Retired micro-ops
   bbls: 87464612 # Basic blocks
   approxInstrs: 283666 # Instrs with approx uop decoding
   mispredBranches: 3830729 # Mispredicted branches
   condBranches: 81138344 # conditional branches
  westmere-4: # Core stats
   cycles: 359075834 # Simulated unhalted cycles
   cCycles: 19841591 # Cycles due to contention stalls
   instrs: 389865938 # Simulated instructions
   uops: 455218408 # Retired micro-ops
   bbls: 90056887 # Basic blocks
   approxInstrs: 262828 # Instrs with approx uop decoding
   mispredBranches: 4033863 # Mispredicted branches
   condBranches: 84746848 # conditional branches
  westmere-5: # Core stats
   cycles: 348022792 # Simulated unhalted cycles
   cCycles: 16248339 # Cycles due to contention stalls
   instrs: 381595121 # Simulated instructions
   uops: 453150199 # Retired micro-ops
   bbls: 83255136 # Basic blocks
   approxInstrs: 309139 # Instrs with approx uop decoding
   mispredBranches: 3686507 # Mispredicted branches
   condBranches: 76881509 # conditional branches
  westmere-6: # Core stats
   cycles: 350833967 # Simulated unhalted cycles
   cCycles: 18361127 # Cycles due to contention stalls
   instrs: 382375293 # Simulated instructions
   uops: 447544170 # Retired micro-ops
   bbls: 87025901 # Basic blocks
   approxInstrs: 271908 # Instrs with approx uop decoding
   mispredBranches: 3836069 # Mispredicted branches
   condBranches: 81438309 # conditional branches
  westmere-7: # Core stats
   cycles: 357056673 # Simulated unhalted cycles
   cCycles: 18548164 # Cycles due to contention stalls
   instrs: 393649405 # Simulated instructions
   uops: 458470336 # Retired micro-ops
   bbls: 91381646 # Basic blocks
   approxInstrs: 259578 # Instrs with approx uop decoding
   mispredBranches: 3808042 # Mispredicted branches
   condBranches: 86007568 # conditional branches
 l1i: # Cache stats
  l1i-0: # Filter cache stats
   fhGETS: 639992772 # Filtered GETS hits
   fhGETX: 0 # Filtered GETX hits
   hGETS: 4098296 # GETS hits
   hGETX: 0 # GETX hits
   mGETS: 3085 # GETS misses
   mGETXIM: 0 # GETX I->M misses
   mGETXSM: 0 # GETX S->M misses (upgrade misses)
   PUTS: 0 # Clean evictions (from lower level)
   PUTX: 0 # Dirty evictions (from lower level)
   INV: 2566 # Invalidates (from upper level)
   INVX: 0 # Downgrades (from upper level)
   FWD: 0 # Forwards (from upper level)
   latGETnl: 296704 # GET request latency on next level
   latGETnet: 0 # GET request latency on network to next level
  l1i-1: # Filter cache stats
   fhGETS: 102448620 # Filtered GETS hits
   fhGETX: 0 # Filtered GETX hits
   hGETS: 5534429 # GETS hits
   hGETX: 0 # GETX hits
   mGETS: 1487 # GETS misses
   mGETXIM: 0 # GETX I->M misses
   mGETXSM: 0 # GETX S->M misses (upgrade misses)
   PUTS: 0 # Clean evictions (from lower level)
   PUTX: 0 # Dirty evictions (from lower level)
   INV: 1052 # Invalidates (from upper level)
   INVX: 0 # Downgrades (from upper level)
   FWD: 0 # Forwards (from upper level)
   latGETnl: 74198 # GET request latency on next level
   latGETnet: 0 # GET request latency on network to next level
  l1i-2: # Filter cache stats
   fhGETS: 99530199 # Filtered GETS hits
   fhGETX: 0 # Filtered GETX hits
   hGETS: 5388250 # GETS hits
   hGETX: 0 # GETX hits
   mGETS: 1365 # GETS misses
   mGETXIM: 0 # GETX I->M misses
   mGETXSM: 0 # GETX S->M misses (upgrade misses)
   PUTS: 0 # Clean evictions (from lower level)
   PUTX: 0 # Dirty evictions (from lower level)
   INV: 988 # Invalidates (from upper level)
   INVX: 0 # Downgrades (from upper level)
   FWD: 0 # Forwards (from upper level)
   latGETnl: 56556 # GET request latency on next level
   latGETnet: 0 # GET request latency on network to next level
  l1i-3: # Filter cache stats
   fhGETS: 101380514 # Filtered GETS hits
   fhGETX: 0 # Filtered GETX hits
   hGETS: 6394049 # GETS hits
   hGETX: 0 # GETX hits
   mGETS: 1455 # GETS misses
   mGETXIM: 0 # GETX I->M misses
   mGETXSM: 0 # GETX S->M misses (upgrade misses)
   PUTS: 0 # Clean evictions (from lower level)
   PUTX: 0 # Dirty evictions (from lower level)
   INV: 1059 # Invalidates (from upper level)
   INVX: 0 # Downgrades (from upper level)
   FWD: 0 # Forwards (from upper level)
   latGETnl: 63870 # GET request latency on next level
   latGETnet: 0 # GET request latency on network to next level
  l1i-4: # Filter cache stats
   fhGETS: 105391086 # Filtered GETS hits
   fhGETX: 0 # Filtered GETX hits
   hGETS: 5561654 # GETS hits
   hGETX: 0 # GETX hits
   mGETS: 1378 # GETS misses
   mGETXIM: 0 # GETX I->M misses
   mGETXSM: 0 # GETX S->M misses (upgrade misses)
   PUTS: 0 # Clean evictions (from lower level)
   PUTX: 0 # Dirty evictions (from lower level)
   INV: 979 # Invalidates (from upper level)
   INVX: 0 # Downgrades (from upper level)
   FWD: 0 # Forwards (from upper level)
   latGETnl: 59770 # GET request latency on next level
   latGETnet: 0 # GET request latency on network to next level
  l1i-5: # Filter cache stats
   fhGETS: 95775431 # Filtered GETS hits
   fhGETX: 0 # Filtered GETX hits
   hGETS: 6686554 # GETS hits
   hGETX: 0 # GETX hits
   mGETS: 1300 # GETS misses
   mGETXIM: 0 # GETX I->M misses
   mGETXSM: 0 # GETX S->M misses (upgrade misses)
   PUTS: 0 # Clean evictions (from lower level)
   PUTX: 0 # Dirty evictions (from lower level)
   INV: 973 # Invalidates (from upper level)
   INVX: 0 # Downgrades (from upper level)
   FWD: 0 # Forwards (from upper level)
   latGETnl: 54430 # GET request latency on next level
   latGETnet: 0 # GET request latency on network to next level
  l1i-6: # Filter cache stats
   fhGETS: 101123607 # Filtered GETS hits
   fhGETX: 0 # Filtered GETX hits
   hGETS: 5817705 # GETS hits
   hGETX: 0 # GETX hits
   mGETS: 1373 # GETS misses
   mGETXIM: 0 # GETX I->M misses
   mGETXSM: 0 # GETX S->M misses (upgrade misses)
   PUTS: 0 # Clean evictions (from lower level)
   PUTX: 0 # Dirty evictions (from lower level)
   INV: 972 # Invalidates (from upper level)
   INVX: 0 # Downgrades (from upper level)
   FWD: 0 # Forwards (from upper level)
   latGETnl: 58652 # GET request latency on next level
   latGETnet: 0 # GET request latency on network to next level
  l1i-7: # Filter cache stats
   fhGETS: 105587389 # Filtered GETS hits
   fhGETX: 0 # Filtered GETX hits
   hGETS: 5618813 # GETS hits
   hGETX: 0 # GETX hits
   mGETS: 1326 # GETS misses
   mGETXIM: 0 # GETX I->M misses
   mGETXSM: 0 # GETX S->M misses (upgrade misses)
   PUTS: 0 # Clean evictions (from lower level)
   PUTX: 0 # Dirty evictions (from lower level)
   INV: 995 # Invalidates (from upper level)
   INVX: 0 # Downgrades (from upper level)
   FWD: 0 # Forwards (from upper level)
   latGETnl: 58104 # GET request latency on next level
   latGETnet: 0 # GET request latency on network to next level
 l1d: # Cache stats
  l1d-0: # Filter cache stats
   fhGETS: 866409861 # Filtered GETS hits
   fhGETX: 382830158 # Filtered GETX hits
   hGETS: 30631667 # GETS hits
   hGETX: 17182023 # GETX hits
   mGETS: 4532142 # GETS misses
   mGETXIM: 1218959 # GETX I->M misses
   mGETXSM: 3146 # GETX S->M misses (upgrade misses)
   PUTS: 0 # Clean evictions (from lower level)
   PUTX: 0 # Dirty evictions (from lower level)
   INV: 5331 # Invalidates (from upper level)
   INVX: 6451 # Downgrades (from upper level)
   FWD: 0 # Forwards (from upper level)
   latGETnl: 237446690 # GET request latency on next level
   latGETnet: 0 # GET request latency on network to next level
  l1d-1: # Filter cache stats
   fhGETS: 94450531 # Filtered GETS hits
   fhGETX: 28500483 # Filtered GETX hits
   hGETS: 15844739 # GETS hits
   hGETX: 6879592 # GETX hits
   mGETS: 2285046 # GETS misses
   mGETXIM: 695383 # GETX I->M misses
   mGETXSM: 338 # GETX S->M misses (upgrade misses)
   PUTS: 0 # Clean evictions (from lower level)
   PUTX: 0 # Dirty evictions (from lower level)
   INV: 5350 # Invalidates (from upper level)
   INVX: 3751 # Downgrades (from upper level)
   FWD: 0 # Forwards (from upper level)
   latGETnl: 115461611 # GET request latency on next level
   latGETnet: 0 # GET request latency on network to next level
  l1d-2: # Filter cache stats
   fhGETS: 94420162 # Filtered GETS hits
   fhGETX: 28690373 # Filtered GETX hits
   hGETS: 15386096 # GETS hits
   hGETX: 6807612 # GETX hits
   mGETS: 2607981 # GETS misses
   mGETXIM: 558756 # GETX I->M misses
   mGETXSM: 343 # GETX S->M misses (upgrade misses)
   PUTS: 0 # Clean evictions (from lower level)
   PUTX: 0 # Dirty evictions (from lower level)
   INV: 4335 # Invalidates (from upper level)
   INVX: 3508 # Downgrades (from upper level)
   FWD: 0 # Forwards (from upper level)
   latGETnl: 112768809 # GET request latency on next level
   latGETnet: 0 # GET request latency on network to next level
  l1d-3: # Filter cache stats
   fhGETS: 99407477 # Filtered GETS hits
   fhGETX: 32320203 # Filtered GETX hits
   hGETS: 17115699 # GETS hits
   hGETX: 7174121 # GETX hits
   mGETS: 2141951 # GETS misses
   mGETXIM: 682161 # GETX I->M misses
   mGETXSM: 643 # GETX S->M misses (upgrade misses)
   PUTS: 0 # Clean evictions (from lower level)
   PUTX: 0 # Dirty evictions (from lower level)
   INV: 4921 # Invalidates (from upper level)
   INVX: 2613 # Downgrades (from upper level)
   FWD: 0 # Forwards (from upper level)
   latGETnl: 111066107 # GET request latency on next level
   latGETnet: 0 # GET request latency on network to next level
  l1d-4: # Filter cache stats
   fhGETS: 96772141 # Filtered GETS hits
   fhGETX: 27701197 # Filtered GETX hits
   hGETS: 16584523 # GETS hits
   hGETX: 6635343 # GETX hits
   mGETS: 2400674 # GETS misses
   mGETXIM: 526216 # GETX I->M misses
   mGETXSM: 375 # GETX S->M misses (upgrade misses)
   PUTS: 0 # Clean evictions (from lower level)
   PUTX: 0 # Dirty evictions (from lower level)
   INV: 6137 # Invalidates (from upper level)
   INVX: 3946 # Downgrades (from upper level)
   FWD: 0 # Forwards (from upper level)
   latGETnl: 101777385 # GET request latency on next level
   latGETnet: 0 # GET request latency on network to next level
  l1d-5: # Filter cache stats
   fhGETS: 95816072 # Filtered GETS hits
   fhGETX: 30912832 # Filtered GETX hits
   hGETS: 14148063 # GETS hits
   hGETX: 6831636 # GETX hits
   mGETS: 2849872 # GETS misses
   mGETXIM: 401068 # GETX I->M misses
   mGETXSM: 439 # GETX S->M misses (upgrade misses)
   PUTS: 0 # Clean evictions (from lower level)
   PUTX: 0 # Dirty evictions (from lower level)
   INV: 4405 # Invalidates (from upper level)
   INVX: 3255 # Downgrades (from upper level)
   FWD: 0 # Forwards (from upper level)
   latGETnl: 102162423 # GET request latency on next level
   latGETnet: 0 # GET request latency on network to next level
  l1d-6: # Filter cache stats
   fhGETS: 94948494 # Filtered GETS hits
   fhGETX: 28176558 # Filtered GETX hits
   hGETS: 15812354 # GETS hits
   hGETX: 6795631 # GETX hits
   mGETS: 2463053 # GETS misses
   mGETXIM: 488863 # GETX I->M misses
   mGETXSM: 359 # GETX S->M misses (upgrade misses)
   PUTS: 0 # Clean evictions (from lower level)
   PUTX: 0 # Dirty evictions (from lower level)
   INV: 4925 # Invalidates (from upper level)
   INVX: 2515 # Downgrades (from upper level)
   FWD: 0 # Forwards (from upper level)
   latGETnl: 97080110 # GET request latency on next level
   latGETnet: 0 # GET request latency on network to next level
  l1d-7: # Filter cache stats
   fhGETS: 98046679 # Filtered GETS hits
   fhGETX: 27975300 # Filtered GETX hits
   hGETS: 16711909 # GETS hits
   hGETX: 6534008 # GETX hits
   mGETS: 2557025 # GETS misses
   mGETXIM: 502338 # GETX I->M misses
   mGETXSM: 670 # GETX S->M misses (upgrade misses)
   PUTS: 0 # Clean evictions (from lower level)
   PUTX: 0 # Dirty evictions (from lower level)
   INV: 6029 # Invalidates (from upper level)
   INVX: 7104 # Downgrades (from upper level)
   FWD: 0 # Forwards (from upper level)
   latGETnl: 99434122 # GET request latency on next level
   latGETnet: 0 # GET request latency on network to next level
 l2: # Cache stats
  l2-0: # Cache stats
   hGETS: 2994886 # GETS hits
   hGETX: 234254 # GETX hits
   mGETS: 1540341 # GETS misses
   mGETXIM: 984622 # GETX I->M misses
   mGETXSM: 3229 # GETX S->M misses (upgrade misses)
   PUTS: 2888996 # Clean evictions (from lower level)
   PUTX: 2856441 # Dirty evictions (from lower level)
   INV: 21455 # Invalidates (from upper level)
   INVX: 34148 # Downgrades (from upper level)
   FWD: 0 # Forwards (from upper level)
   latGETnl: 180170074 # GET request latency on next level
   latGETnet: 0 # GET request latency on network to next level
  l2-1: # Cache stats
   hGETS: 1695726 # GETS hits
   hGETX: 302072 # GETX hits
   mGETS: 590807 # GETS misses
   mGETXIM: 393305 # GETX I->M misses
   mGETXSM: 344 # GETX S->M misses (upgrade misses)
   PUTS: 1995094 # Clean evictions (from lower level)
   PUTX: 979561 # Dirty evictions (from lower level)
   INV: 19767 # Invalidates (from upper level)
   INVX: 20595 # Downgrades (from upper level)
   FWD: 0 # Forwards (from upper level)
   latGETnl: 85713269 # GET request latency on next level
   latGETnet: 0 # GET request latency on network to next level
  l2-2: # Cache stats
   hGETS: 1755681 # GETS hits
   hGETX: 237270 # GETX hits
   mGETS: 853665 # GETS misses
   mGETXIM: 321483 # GETX I->M misses
   mGETXSM: 346 # GETX S->M misses (upgrade misses)
   PUTS: 2330765 # Clean evictions (from lower level)
   PUTX: 831222 # Dirty evictions (from lower level)
   INV: 17094 # Invalidates (from upper level)
   INVX: 25888 # Downgrades (from upper level)
   FWD: 0 # Forwards (from upper level)
   latGETnl: 81140915 # GET request latency on next level
   latGETnet: 0 # GET request latency on network to next level
  l2-3: # Cache stats
   hGETS: 1588620 # GETS hits
   hGETX: 301676 # GETX hits
   mGETS: 554786 # GETS misses
   mGETXIM: 380485 # GETX I->M misses
   mGETXSM: 643 # GETX S->M misses (upgrade misses)
   PUTS: 1836538 # Clean evictions (from lower level)
   PUTX: 982210 # Dirty evictions (from lower level)
   INV: 16895 # Invalidates (from upper level)
   INVX: 19338 # Downgrades (from upper level)
   FWD: 0 # Forwards (from upper level)
   latGETnl: 82867877 # GET request latency on next level
   latGETnet: 0 # GET request latency on network to next level
  l2-4: # Cache stats
   hGETS: 1809945 # GETS hits
   hGETX: 219691 # GETX hits
   mGETS: 592107 # GETS misses
   mGETXIM: 306521 # GETX I->M misses
   mGETXSM: 379 # GETX S->M misses (upgrade misses)
   PUTS: 2116406 # Clean evictions (from lower level)
   PUTX: 803903 # Dirty evictions (from lower level)
   INV: 26181 # Invalidates (from upper level)
   INVX: 19642 # Downgrades (from upper level)
   FWD: 0 # Forwards (from upper level)
   latGETnl: 72550725 # GET request latency on next level
   latGETnet: 0 # GET request latency on network to next level
  l2-5: # Cache stats
   hGETS: 1913716 # GETS hits
   hGETX: 161696 # GETX hits
   mGETS: 937456 # GETS misses
   mGETXIM: 239370 # GETX I->M misses
   mGETXSM: 441 # GETX S->M misses (upgrade misses)
   PUTS: 2592148 # Clean evictions (from lower level)
   PUTX: 653924 # Dirty evictions (from lower level)
   INV: 19019 # Invalidates (from upper level)
   INVX: 16688 # Downgrades (from upper level)
   FWD: 0 # Forwards (from upper level)
   latGETnl: 69690063 # GET request latency on next level
   latGETnet: 0 # GET request latency on network to next level
  l2-6: # Cache stats
   hGETS: 1867002 # GETS hits
   hGETX: 206976 # GETX hits
   mGETS: 597424 # GETS misses
   mGETXIM: 281884 # GETX I->M misses
   mGETXSM: 362 # GETX S->M misses (upgrade misses)
   PUTS: 2200398 # Clean evictions (from lower level)
   PUTX: 746141 # Dirty evictions (from lower level)
   INV: 22423 # Invalidates (from upper level)
   INVX: 19371 # Downgrades (from upper level)
   FWD: 0 # Forwards (from upper level)
   latGETnl: 67602282 # GET request latency on next level
   latGETnet: 0 # GET request latency on network to next level
  l2-7: # Cache stats
   hGETS: 2017459 # GETS hits
   hGETX: 213196 # GETX hits
   mGETS: 540892 # GETS misses
   mGETXIM: 289142 # GETX I->M misses
   mGETXSM: 670 # GETX S->M misses (upgrade misses)
   PUTS: 2304123 # Clean evictions (from lower level)
   PUTX: 748748 # Dirty evictions (from lower level)
   INV: 25501 # Invalidates (from upper level)
   INVX: 30473 # Downgrades (from upper level)
   FWD: 0 # Forwards (from upper level)
   latGETnl: 68878636 # GET request latency on next level
   latGETnet: 0 # GET request latency on network to next level
 l3: # Cache stats
  l3-0b0: # Cache stats
   hGETS: 474004 # GETS hits
   hGETX: 43308 # GETX hits
   mGETS: 310761 # GETS misses
   mGETXIM: 356325 # GETX I->M misses
   mGETXSM: 0 # GETX S->M misses (upgrade misses)
   PUTS: 708486 # Clean evictions (from lower level)
   PUTX: 451123 # Dirty evictions (from lower level)
   INV: 0 # Invalidates (from upper level)
   INVX: 0 # Downgrades (from upper level)
   FWD: 0 # Forwards (from upper level)
   latGETnl: 60037740 # GET request latency on next level
   latGETnet: 0 # GET request latency on network to next level
  l3-0b1: # Cache stats
   hGETS: 468318 # GETS hits
   hGETX: 44592 # GETX hits
   mGETS: 311523 # GETS misses
   mGETXIM: 356624 # GETX I->M misses
   mGETXSM: 0 # GETX S->M misses (upgrade misses)
   PUTS: 703846 # Clean evictions (from lower level)
   PUTX: 450091 # Dirty evictions (from lower level)
   INV: 0 # Invalidates (from upper level)
   INVX: 0 # Downgrades (from upper level)
   FWD: 0 # Forwards (from upper level)
   latGETnl: 60133230 # GET request latency on next level
   latGETnet: 0 # GET request latency on network to next level
  l3-0b2: # Cache stats
   hGETS: 451105 # GETS hits
   hGETX: 44007 # GETX hits
   mGETS: 311037 # GETS misses
   mGETXIM: 356403 # GETX I->M misses
   mGETXSM: 0 # GETX S->M misses (upgrade misses)
   PUTS: 688390 # Clean evictions (from lower level)
   PUTX: 449495 # Dirty evictions (from lower level)
   INV: 0 # Invalidates (from upper level)
   INVX: 0 # Downgrades (from upper level)
   FWD: 0 # Forwards (from upper level)
   latGETnl: 60069600 # GET request latency on next level
   latGETnet: 0 # GET request latency on network to next level
  l3-0b3: # Cache stats
   hGETS: 459922 # GETS hits
   hGETX: 43667 # GETX hits
   mGETS: 311349 # GETS misses
   mGETXIM: 356482 # GETX I->M misses
   mGETXSM: 0 # GETX S->M misses (upgrade misses)
   PUTS: 696051 # Clean evictions (from lower level)
   PUTX: 450137 # Dirty evictions (from lower level)
   INV: 0 # Invalidates (from upper level)
   INVX: 0 # Downgrades (from upper level)
   FWD: 0 # Forwards (from upper level)
   latGETnl: 60104790 # GET request latency on next level
   latGETnet: 0 # GET request latency on network to next level
  l3-0b4: # Cache stats
   hGETS: 466404 # GETS hits
   hGETX: 44155 # GETX hits
   mGETS: 311520 # GETS misses
   mGETXIM: 356208 # GETX I->M misses
   mGETXSM: 0 # GETX S->M misses (upgrade misses)
   PUTS: 703673 # Clean evictions (from lower level)
   PUTX: 447948 # Dirty evictions (from lower level)
   INV: 0 # Invalidates (from upper level)
   INVX: 0 # Downgrades (from upper level)
   FWD: 0 # Forwards (from upper level)
   latGETnl: 60095520 # GET request latency on next level
   latGETnet: 0 # GET request latency on network to next level
  l3-0b5: # Cache stats
   hGETS: 456812 # GETS hits
   hGETX: 44257 # GETX hits
   mGETS: 311296 # GETS misses
   mGETXIM: 356282 # GETX I->M misses
   mGETXSM: 0 # GETX S->M misses (upgrade misses)
   PUTS: 695398 # Clean evictions (from lower level)
   PUTX: 447885 # Dirty evictions (from lower level)
   INV: 0 # Invalidates (from upper level)
   INVX: 0 # Downgrades (from upper level)
   FWD: 0 # Forwards (from upper level)
   latGETnl: 60082020 # GET request latency on next level
   latGETnet: 0 # GET request latency on network to next level
  l3-0b6: # Cache stats
   hGETS: 466654 # GETS hits
   hGETX: 43761 # GETX hits
   mGETS: 310926 # GETS misses
   mGETXIM: 356460 # GETX I->M misses
   mGETXSM: 0 # GETX S->M misses (upgrade misses)
   PUTS: 703280 # Clean evictions (from lower level)
   PUTX: 449455 # Dirty evictions (from lower level)
   INV: 0 # Invalidates (from upper level)
   INVX: 0 # Downgrades (from upper level)
   FWD: 0 # Forwards (from upper level)
   latGETnl: 60064740 # GET request latency on next level
   latGETnet: 0 # GET request latency on network to next level
  l3-0b7: # Cache stats
   hGETS: 474587 # GETS hits
   hGETX: 44370 # GETX hits
   mGETS: 311260 # GETS misses
   mGETXIM: 356325 # GETX I->M misses
   mGETXSM: 0 # GETX S->M misses (upgrade misses)
   PUTS: 712531 # Clean evictions (from lower level)
   PUTX: 447597 # Dirty evictions (from lower level)
   INV: 0 # Invalidates (from upper level)
   INVX: 0 # Downgrades (from upper level)
   FWD: 0 # Forwards (from upper level)
   latGETnl: 60082650 # GET request latency on next level
   latGETnet: 0 # GET request latency on network to next level
 mem: # Memory controller stats
  mem-0: # Memory controller stats
   rd: 1335235 # Read requests
   wr: 738480 # Write requests
   rdlat: 189667537 # Total latency experienced by read requests
   wrlat: 136453660 # Total latency experienced by write requests
   rdhits: 1823 # Read row hits
   wrhits: 8363 # Write row hits
   mlh: # latency histogram for memory requests
    0: 0
    1: 0
    2: 0
    3: 0
    4: 0
    5: 0
    6: 0
    7: 0
    8: 0
    9: 0
    10: 3
    11: 184
    12: 214
    13: 1049667
    14: 100336
    15: 61428
    16: 38391
    17: 11201
    18: 7362
    19: 7160
    20: 7328
    21: 6877
    22: 6136
    23: 6071
    24: 6973
    25: 4001
    26: 1264
    27: 1074
    28: 1093
    29: 1027
    30: 1029
    31: 917
    32: 856
    33: 996
    34: 1456
    35: 1945
    36: 881
    37: 889
    38: 859
    39: 862
    40: 871
    41: 815
    42: 832
    43: 600
    44: 443
    45: 1174
    46: 390
    47: 398
    48: 268
    49: 138
    50: 115
    51: 110
    52: 81
    53: 85
    54: 70
    55: 62
    56: 45
    57: 27
    58: 34
    59: 31
    60: 25
    61: 21
    62: 17
    63: 10
    64: 7
    65: 8
    66: 6
    67: 7
    68: 3
    69: 9
    70: 8
    71: 2
    72: 4
    73: 1
    74: 1
    75: 2
    76: 0
    77: 1
    78: 1
    79: 0
    80: 3
    81: 1
    82: 1
    83: 3
    84: 2
    85: 2
    86: 0
    87: 3
    88: 1
    89: 1
    90: 1
    91: 1
    92: 1
    93: 1
    94: 0
    95: 0
    96: 0
    97: 0
    98: 0
    99: 12
  mem-1: # Memory controller stats
   rd: 1334796 # Read requests
   wr: 738082 # Write requests
   rdlat: 189425127 # Total latency experienced by read requests
   wrlat: 136545624 # Total latency experienced by write requests
   rdhits: 1897 # Read row hits
   wrhits: 8939 # Write row hits
   mlh: # latency histogram for memory requests
    0: 0
    1: 0
    2: 0
    3: 0
    4: 0
    5: 0
    6: 0
    7: 0
    8: 0
    9: 2
    10: 3
    11: 214
    12: 222
    13: 1050287
    14: 101340
    15: 61640
    16: 38087
    17: 10713
    18: 6923
    19: 7065
    20: 7338
    21: 6666
    22: 5842
    23: 5965
    24: 6851
    25: 3942
    26: 1306
    27: 1061
    28: 1103
    29: 1009
    30: 1003
    31: 998
    32: 840
    33: 893
    34: 1445
    35: 1926
    36: 880
    37: 890
    38: 886
    39: 852
    40: 847
    41: 814
    42: 864
    43: 618
    44: 452
    45: 1150
    46: 355
    47: 353
    48: 241
    49: 124
    50: 75
    51: 92
    52: 84
    53: 74
    54: 60
    55: 55
    56: 37
    57: 40
    58: 34
    59: 36
    60: 24
    61: 21
    62: 15
    63: 9
    64: 15
    65: 12
    66: 5
    67: 5
    68: 6
    69: 16
    70: 13
    71: 4
    72: 5
    73: 5
    74: 14
    75: 5
    76: 0
    77: 0
    78: 2
    79: 1
    80: 2
    81: 1
    82: 0
    83: 2
    84: 2
    85: 3
    86: 0
    87: 1
    88: 0
    89: 3
    90: 2
    91: 0
    92: 0
    93: 0
    94: 0
    95: 1
    96: 0
    97: 0
    98: 0
    99: 5
  mem-2: # Memory controller stats
   rd: 1334605 # Read requests
   wr: 738006 # Write requests
   rdlat: 189493686 # Total latency experienced by read requests
   wrlat: 136657203 # Total latency experienced by write requests
   rdhits: 1826 # Read row hits
   wrhits: 8402 # Write row hits
   mlh: # latency histogram for memory requests
    0: 0
    1: 0
    2: 0
    3: 0
    4: 0
    5: 0
    6: 0
    7: 0
    8: 0
    9: 4
    10: 2
    11: 176
    12: 227
    13: 1050851
    14: 101254
    15: 60701
    16: 37682
    17: 10566
    18: 7117
    19: 7106
    20: 7297
    21: 6754
    22: 5998
    23: 5995
    24: 6867
    25: 4046
    26: 1313
    27: 1099
    28: 1102
    29: 1048
    30: 956
    31: 952
    32: 902
    33: 936
    34: 1474
    35: 1857
    36: 904
    37: 889
    38: 880
    39: 855
    40: 874
    41: 838
    42: 861
    43: 621
    44: 482
    45: 1139
    46: 354
    47: 338
    48: 262
    49: 130
    50: 117
    51: 90
    52: 103
    53: 67
    54: 67
    55: 46
    56: 43
    57: 53
    58: 52
    59: 37
    60: 39
    61: 27
    62: 20
    63: 18
    64: 12
    65: 13
    66: 6
    67: 1
    68: 7
    69: 18
    70: 9
    71: 7
    72: 3
    73: 4
    74: 3
    75: 3
    76: 3
    77: 3
    78: 1
    79: 0
    80: 0
    81: 0
    82: 1
    83: 0
    84: 0
    85: 0
    86: 0
    87: 1
    88: 0
    89: 0
    90: 2
    91: 2
    92: 1
    93: 1
    94: 0
    95: 0
    96: 0
    97: 1
    98: 2
    99: 13
  mem-3: # Memory controller stats
   rd: 1336145 # Read requests
   wr: 738716 # Write requests
   rdlat: 189585533 # Total latency experienced by read requests
   wrlat: 136510318 # Total latency experienced by write requests
   rdhits: 1984 # Read row hits
   wrhits: 8617 # Write row hits
   mlh: # latency histogram for memory requests
    0: 0
    1: 0
    2: 0
    3: 0
    4: 0
    5: 0
    6: 0
    7: 0
    8: 0
    9: 5
    10: 0
    11: 195
    12: 234
    13: 1050860
    14: 101561
    15: 62036
    16: 38427
    17: 10832
    18: 6987
    19: 7012
    20: 7109
    21: 6774
    22: 5768
    23: 5757
    24: 6928
    25: 4020
    26: 1338
    27: 1083
    28: 1066
    29: 975
    30: 926
    31: 897
    32: 1000
    33: 954
    34: 1438
    35: 1895
    36: 927
    37: 889
    38: 854
    39: 816
    40: 896
    41: 875
    42: 833
    43: 607
    44: 475
    45: 1084
    46: 343
    47: 351
    48: 236
    49: 126
    50: 89
    51: 91
    52: 83
    53: 58
    54: 68
    55: 60
    56: 38
    57: 41
    58: 37
    59: 26
    60: 10
    61: 10
    62: 10
    63: 13
    64: 12
    65: 7
    66: 8
    67: 10
    68: 5
    69: 14
    70: 7
    71: 6
    72: 7
    73: 4
    74: 3
    75: 5
    76: 4
    77: 8
    78: 5
    79: 5
    80: 1
    81: 2
    82: 1
    83: 0
    84: 0
    85: 1
    86: 0
    87: 0
    88: 1
    89: 0
    90: 0
    91: 1
    92: 0
    93: 0
    94: 0
    95: 0
    96: 0
    97: 0
    98: 0
    99: 5
 sched: # Scheduler stats
  thCr: 8 # Threads created
  thFn: 0 # Threads finished
  schedEvs: 8 # Schedule events
  waitEvs: 0 # Wait events
  handoffEvs: 0 # Handoff events
  sleepEvs: 0 # Sleep events
  idlePhases: 0 # Phases with no thread active
  idlePeriods: 0 # Periods with no thread active
  occHist: # Occupancy histogram
   0: 0
   1: 125456
   2: 0
   3: 0
   4: 1
   5: 0
   6: 0
   7: 0
   8: 38605
  rqSzHist: # Run queue size histogram
   0: 164062
   1: 0
   2: 0
   3: 0
   4: 0
   5: 0
   6: 0
   7: 0
   8: 0
   9: 0
   10: 0
   11: 0
   12: 0
   13: 0
   14: 0
   15: 0
   16: 0
 procCycles: # Per-process unhalted core cycles
  0: 4126279982
  1: 0
  2: 0
  3: 0
  4: 0
  5: 0
  6: 0
  7: 0
  8: 0
  9: 0
  10: 0
  11: 0
  12: 0
  13: 0
  14: 0
  15: 0
  16: 0
  17: 0
  18: 0
  19: 0
  20: 0
  21: 0
  22: 0
  23: 0
  24: 0
  25: 0
  26: 0
  27: 0
  28: 0
  29: 0
  30: 0
  31: 0
  32: 0
  33: 0
  34: 0
  35: 0
  36: 0
  37: 0
  38: 0
  39: 0
  40: 0
  41: 0
  42: 0
  43: 0
  44: 0
  45: 0
  46: 0
  47: 0
  48: 0
  49: 0
  50: 0
  51: 0
  52: 0
  53: 0
  54: 0
  55: 0
  56: 0
  57: 0
  58: 0
  59: 0
  60: 0
  61: 0
  62: 0
  63: 0
 procInstrs: # Per-process instructions
  0: 5000065424
  1: 0
  2: 0
  3: 0
  4: 0
  5: 0
  6: 0
  7: 0
  8: 0
  9: 0
  10: 0
  11: 0
  12: 0
  13: 0
  14: 0
  15: 0
  16: 0
  17: 0
  18: 0
  19: 0
  20: 0
  21: 0
  22: 0
  23: 0
  24: 0
  25: 0
  26: 0
  27: 0
  28: 0
  29: 0
  30: 0
  31: 0
  32: 0
  33: 0
  34: 0
  35: 0
  36: 0
  37: 0
  38: 0
  39: 0
  40: 0
  41: 0
  42: 0
  43: 0
  44: 0
  45: 0
  46: 0
  47: 0
  48: 0
  49: 0
  50: 0
  51: 0
  52: 0
  53: 0
  54: 0
  55: 0
  56: 0
  57: 0
  58: 0
  59: 0
  60: 0
  61: 0
  62: 0
  63: 0
 heartbeats: # Per-process heartbeats
  0: 0
  1: 0
  2: 0
  3: 0
  4: 0
  5: 0
  6: 0
  7: 0
  8: 0
  9: 0
  10: 0
  11: 0
  12: 0
  13: 0
  14: 0
  15: 0
  16: 0
  17: 0
  18: 0
  19: 0
  20: 0
  21: 0
  22: 0
  23: 0
  24: 0
  25: 0
  26: 0
  27: 0
  28: 0
  29: 0
  30: 0
  31: 0
  32: 0
  33: 0
  34: 0
  35: 0
  36: 0
  37: 0
  38: 0
  39: 0
  40: 0
  41: 0
  42: 0
  43: 0
  44: 0
  45: 0
  46: 0
  47: 0
  48: 0
  49: 0
  50: 0
  51: 0
  52: 0
  53: 0
  54: 0
  55: 0
  56: 0
  57: 0
  58: 0
  59: 0
  60: 0
  61: 0
  62: 0
  63: 0
===
