[H] Starting zsim, built Tue Dec  4 03:47:22 CST 2018 (rev no git repo)
[H] Creating global segment, 1024 MBs
[H] Global segment shmid = 1013875688
[H] Deadlock detection ON
[S 0] Started instance
[S 0] Started RR scheduler, quantum=10000 phases
[S 0] mem-0: domain 0, 4 ranks/ch 8 banks/rank, tech DDR3-1333-CL10, boundLat 90 rd / 40 wr
[S 0] mem-0: Address mapping rank:col:bank row 63:15 col 12:3 rank 14:13 bank 2:0
[S 0] mem-1: domain 0, 4 ranks/ch 8 banks/rank, tech DDR3-1333-CL10, boundLat 90 rd / 40 wr
[S 0] mem-1: Address mapping rank:col:bank row 63:15 col 12:3 rank 14:13 bank 2:0
[S 0] mem-2: domain 0, 4 ranks/ch 8 banks/rank, tech DDR3-1333-CL10, boundLat 90 rd / 40 wr
[S 0] mem-2: Address mapping rank:col:bank row 63:15 col 12:3 rank 14:13 bank 2:0
[S 0] mem-3: domain 0, 4 ranks/ch 8 banks/rank, tech DDR3-1333-CL10, boundLat 90 rd / 40 wr
[S 0] mem-3: Address mapping rank:col:bank row 63:15 col 12:3 rank 14:13 bank 2:0
[S 0] Hierarchy: [ l1i-0 l1d-0 ] -> l2-0
[S 0] Hierarchy: [ l1i-1 l1d-1 ] -> l2-1
[S 0] Hierarchy: [ l1i-2 l1d-2 ] -> l2-2
[S 0] Hierarchy: [ l1i-3 l1d-3 ] -> l2-3
[S 0] Hierarchy: [ l1i-4 l1d-4 ] -> l2-4
[S 0] Hierarchy: [ l1i-5 l1d-5 ] -> l2-5
[S 0] Hierarchy: [ l1i-6 l1d-6 ] -> l2-6
[S 0] Hierarchy: [ l1i-7 l1d-7 ] -> l2-7
[S 0] Hierarchy: [ l2-0 l2-1 l2-2 l2-3 l2-4 l2-5 l2-6 l2-7 ] -> l3-0b0..l3-0b7
[S 0] Initialized system
[S 0] HDF5 backend: Opening ./outputs/hw4/LIRS/x264_8c_simlarge/zsim.h5
[S 0] HDF5 backend: Created table, 9096 bytes/record, 116 records/write
[S 0] HDF5 backend: Opening ./outputs/hw4/LIRS/x264_8c_simlarge/zsim-ev.h5
[S 0] HDF5 backend: Created table, 9096 bytes/record, 15 records/write
[S 0] HDF5 backend: Opening ./outputs/hw4/LIRS/x264_8c_simlarge/zsim-cmp.h5
[S 0] HDF5 backend: Created table, 3192 bytes/record, 1 records/write
[S 0] Initialization complete
[H] Attached to global heap
[S 0] Started process, PID 27058
[S 0] procMask: 0x0
[S 0] [0] Adjusting clocks, domain 0, de-ffwd 0
[S 0] vDSO info initialized
[S 0] FF control Thread TID 27071
[S 0] FF thread 0 starting
[S 0] Started contention simulation thread 0
[S 0] Started scheduler watchdog thread
PARSEC Benchmark Suite Version 2.1
[HOOKS] PARSEC Hooks Version 1.2
yuv4mpeg: 640x360@25/1fps, 0:0
[HOOKS] Entering ROI
[S 0] ROI_BEGIN, exiting fast-forward
[S 0] [0] Adjusting clocks, domain 0, de-ffwd 1
[S 0] Thread 0 starting
[S 0] Thread 4 starting
[S 0] Thread 4 finished
[S 0] Thread 5 starting
[S 0] Thread 6 starting
[S 0] Thread 6 finished
[S 0] Thread 7 starting
[S 0] Thread 8 starting
[S 0] Detected possible stall due to fake leaves (1 current)
[S 0]  [0/7] futex (202) @ 0x4d36c2
[S 0] Blacklisting from future fake leaves: [0] futex @ 0x4d36c2 | arg0 0x89107c arg1 0x80
[S 0] Thread 8 finished
[S 0] Thread 9 starting
[S 0] Thread 10 starting
[S 0] Thread 10 finished
[S 0] Thread 11 starting
[S 0] Detected possible stall due to fake leaves (1 current)
[S 0]  [0/0] futex (202) @ 0x4d27a2
[S 0] Blacklisting from future fake leaves: [0] futex @ 0x4d27a2 | arg0 0x7fffe0d169d0 arg1 0x0
[S 0] Detected possible stall due to fake leaves (1 current)
[S 0]  [0/11] futex (202) @ 0x4d3f3a
[S 0] Blacklisting from future fake leaves: [0] futex @ 0x4d3f3a | arg0 0x959b90 arg1 0x80
[S 0] Thread 5 finished
[S 0] WARN: External futex wakes? (0/0)
[S 0] Thread 12 starting
[S 0] Thread 12 finished
[S 0] Thread 7 finished
[S 0] Thread 13 starting
[S 0] Thread 9 finished
[S 0] Thread 14 starting
[S 0] Thread 11 finished
[H] WARN: Stalled for 20 secs so far
[H] WARN: Stalled for 30 secs so far
[H] WARN: Stalled for 40 secs so far
[H] WARN: Stalled for 50 secs so far
[H] WARN: Stalled for 60 secs so far
[H] WARN: Stalled for 70 secs so far
[H] WARN: Stalled for 80 secs so far
[H] WARN: Stalled for 90 secs so far
[H] WARN: Stalled for 100 secs so far
[H] WARN: Stalled for 110 secs so far
[H] WARN: Stalled for 120 secs so far
[H] WARN: Stalled for 130 secs so far
[H] WARN: Deadlock detected, killing children
[H] Received interrupt
[H] Attempting graceful termination
[H] Killing process 27057
[H] Done sending kill signals
[H] WARN: Hard death at exit (1 children running), killing the whole process tree
