# zsim stats
===
root: # Stats
 contention: # Contention simulation stats
  domain-0: # Domain stats
   time: 419668003 # Weave simulation time
 time: # Simulator time breakdown
  init: 7117327083390
  bound: 14972170244
  weave: 1172750182
  ff: 0
 trigger: 20000 # Reason for this stats dump
 phase: 6803 # Simulated phases
 westmere: # Core stats
  westmere-0: # Core stats
   cycles: 68032121 # Simulated unhalted cycles
   cCycles: 9597484 # Cycles due to contention stalls
   instrs: 100001814 # Simulated instructions
   uops: 142670548 # Retired micro-ops
   bbls: 4785653 # Basic blocks
   approxInstrs: 432 # Instrs with approx uop decoding
   mispredBranches: 23096 # Mispredicted branches
   condBranches: 4718342 # conditional branches
 l1i: # Cache stats
  l1i-0: # Filter cache stats
   fhGETS: 9440241 # Filtered GETS hits
   fhGETX: 0 # Filtered GETX hits
   hGETS: 20732 # GETS hits
   hGETX: 0 # GETX hits
   mGETS: 1882 # GETS misses
   mGETXIM: 0 # GETX I->M misses
   mGETXSM: 0 # GETX S->M misses (upgrade misses)
   PUTS: 0 # Clean evictions (from lower level)
   PUTX: 0 # Dirty evictions (from lower level)
   INV: 0 # Invalidates (from upper level)
   INVX: 0 # Downgrades (from upper level)
   FWD: 0 # Forwards (from upper level)
   latGETnl: 114772 # GET request latency on next level
   latGETnet: 0 # GET request latency on network to next level
 l1d: # Cache stats
  l1d-0: # Filter cache stats
   fhGETS: 27181551 # Filtered GETS hits
   fhGETX: 9112052 # Filtered GETX hits
   hGETS: 15648443 # GETS hits
   hGETX: 5941419 # GETX hits
   mGETS: 243696 # GETS misses
   mGETXIM: 291771 # GETX I->M misses
   mGETXSM: 0 # GETX S->M misses (upgrade misses)
   PUTS: 0 # Clean evictions (from lower level)
   PUTX: 0 # Dirty evictions (from lower level)
   INV: 0 # Invalidates (from upper level)
   INVX: 0 # Downgrades (from upper level)
   FWD: 0 # Forwards (from upper level)
   latGETnl: 27023316 # GET request latency on next level
   latGETnet: 0 # GET request latency on network to next level
 l2: # Cache stats
  l2-0: # Cache stats
   hGETS: 215011 # GETS hits
   hGETX: 1511 # GETX hits
   mGETS: 30567 # GETS misses
   mGETXIM: 290260 # GETX I->M misses
   mGETXSM: 0 # GETX S->M misses (upgrade misses)
   PUTS: 243891 # Clean evictions (from lower level)
   PUTX: 292511 # Dirty evictions (from lower level)
   INV: 0 # Invalidates (from upper level)
   INVX: 0 # Downgrades (from upper level)
   FWD: 0 # Forwards (from upper level)
   latGETnl: 21764598 # GET request latency on next level
   latGETnet: 0 # GET request latency on network to next level
 l3: # Cache stats
  l3-0: # Cache stats
   hGETS: 25741 # GETS hits
   hGETX: 138811 # GETX hits
   mGETS: 4826 # GETS misses
   mGETXIM: 151449 # GETX I->M misses
   mGETXSM: 0 # GETX S->M misses (upgrade misses)
   PUTS: 28224 # Clean evictions (from lower level)
   PUTX: 288507 # Dirty evictions (from lower level)
   INV: 0 # Invalidates (from upper level)
   INVX: 0 # Downgrades (from upper level)
   FWD: 0 # Forwards (from upper level)
   latGETnl: 14064750 # GET request latency on next level
   latGETnet: 0 # GET request latency on network to next level
 mem: # Memory controller stats
  mem-0: # Memory controller stats
   rd: 39082 # Read requests
   wr: 30310 # Write requests
   rdlat: 7261344 # Total latency experienced by read requests
   wrlat: 4942854 # Total latency experienced by write requests
   rdhits: 5 # Read row hits
   wrhits: 202 # Write row hits
   mlh: # latency histogram for memory requests
    0: 0
    1: 0
    2: 0
    3: 0
    4: 0
    5: 0
    6: 0
    7: 0
    8: 0
    9: 0
    10: 0
    11: 3
    12: 1
    13: 23835
    14: 64
    15: 17
    16: 14
    17: 20
    18: 17
    19: 14
    20: 25
    21: 25
    22: 23
    23: 469
    24: 11015
    25: 106
    26: 20
    27: 27
    28: 22
    29: 15
    30: 20
    31: 33
    32: 46
    33: 38
    34: 25
    35: 2744
    36: 38
    37: 48
    38: 44
    39: 38
    40: 30
    41: 16
    42: 16
    43: 22
    44: 20
    45: 10
    46: 6
    47: 39
    48: 19
    49: 28
    50: 10
    51: 14
    52: 7
    53: 6
    54: 4
    55: 1
    56: 1
    57: 1
    58: 8
    59: 2
    60: 6
    61: 2
    62: 3
    63: 3
    64: 1
    65: 1
    66: 0
    67: 0
    68: 0
    69: 0
    70: 0
    71: 0
    72: 0
    73: 0
    74: 0
    75: 0
    76: 0
    77: 0
    78: 0
    79: 0
    80: 0
    81: 0
    82: 0
    83: 0
    84: 0
    85: 0
    86: 0
    87: 0
    88: 0
    89: 0
    90: 0
    91: 0
    92: 0
    93: 0
    94: 0
    95: 0
    96: 0
    97: 0
    98: 0
    99: 0
  mem-1: # Memory controller stats
   rd: 39086 # Read requests
   wr: 30308 # Write requests
   rdlat: 7254622 # Total latency experienced by read requests
   wrlat: 4953980 # Total latency experienced by write requests
   rdhits: 4 # Read row hits
   wrhits: 212 # Write row hits
   mlh: # latency histogram for memory requests
    0: 0
    1: 0
    2: 0
    3: 0
    4: 0
    5: 0
    6: 0
    7: 0
    8: 0
    9: 0
    10: 0
    11: 2
    12: 1
    13: 23905
    14: 50
    15: 25
    16: 24
    17: 15
    18: 17
    19: 24
    20: 23
    21: 22
    22: 20
    23: 458
    24: 10986
    25: 93
    26: 23
    27: 23
    28: 19
    29: 26
    30: 26
    31: 24
    32: 28
    33: 32
    34: 25
    35: 2744
    36: 32
    37: 43
    38: 47
    39: 53
    40: 29
    41: 11
    42: 18
    43: 19
    44: 7
    45: 12
    46: 18
    47: 36
    48: 29
    49: 25
    50: 26
    51: 8
    52: 5
    53: 6
    54: 3
    55: 1
    56: 0
    57: 0
    58: 6
    59: 3
    60: 0
    61: 2
    62: 5
    63: 3
    64: 2
    65: 2
    66: 0
    67: 0
    68: 0
    69: 0
    70: 0
    71: 0
    72: 0
    73: 0
    74: 0
    75: 0
    76: 0
    77: 0
    78: 0
    79: 0
    80: 0
    81: 0
    82: 0
    83: 0
    84: 0
    85: 0
    86: 0
    87: 0
    88: 0
    89: 0
    90: 0
    91: 0
    92: 0
    93: 0
    94: 0
    95: 0
    96: 0
    97: 0
    98: 0
    99: 0
  mem-2: # Memory controller stats
   rd: 39057 # Read requests
   wr: 30290 # Write requests
   rdlat: 7248968 # Total latency experienced by read requests
   wrlat: 4950156 # Total latency experienced by write requests
   rdhits: 3 # Read row hits
   wrhits: 213 # Write row hits
   mlh: # latency histogram for memory requests
    0: 0
    1: 0
    2: 0
    3: 0
    4: 0
    5: 0
    6: 0
    7: 0
    8: 0
    9: 0
    10: 0
    11: 1
    12: 0
    13: 23887
    14: 55
    15: 16
    16: 13
    17: 15
    18: 13
    19: 15
    20: 16
    21: 33
    22: 22
    23: 449
    24: 11031
    25: 92
    26: 23
    27: 17
    28: 17
    29: 26
    30: 19
    31: 27
    32: 23
    33: 33
    34: 32
    35: 2763
    36: 30
    37: 41
    38: 47
    39: 33
    40: 29
    41: 17
    42: 11
    43: 12
    44: 13
    45: 14
    46: 18
    47: 36
    48: 21
    49: 27
    50: 15
    51: 11
    52: 10
    53: 1
    54: 1
    55: 0
    56: 0
    57: 2
    58: 10
    59: 1
    60: 0
    61: 3
    62: 7
    63: 6
    64: 2
    65: 1
    66: 0
    67: 0
    68: 0
    69: 0
    70: 0
    71: 0
    72: 0
    73: 0
    74: 0
    75: 0
    76: 0
    77: 0
    78: 0
    79: 0
    80: 0
    81: 0
    82: 0
    83: 0
    84: 0
    85: 0
    86: 0
    87: 0
    88: 0
    89: 0
    90: 0
    91: 0
    92: 0
    93: 0
    94: 0
    95: 0
    96: 0
    97: 0
    98: 0
    99: 0
  mem-3: # Memory controller stats
   rd: 39043 # Read requests
   wr: 30279 # Write requests
   rdlat: 7253612 # Total latency experienced by read requests
   wrlat: 4954606 # Total latency experienced by write requests
   rdhits: 2 # Read row hits
   wrhits: 222 # Write row hits
   mlh: # latency histogram for memory requests
    0: 0
    1: 0
    2: 0
    3: 0
    4: 0
    5: 0
    6: 0
    7: 0
    8: 0
    9: 0
    10: 0
    11: 0
    12: 1
    13: 23870
    14: 54
    15: 21
    16: 25
    17: 14
    18: 25
    19: 12
    20: 24
    21: 28
    22: 24
    23: 448
    24: 10956
    25: 104
    26: 21
    27: 19
    28: 29
    29: 17
    30: 15
    31: 26
    32: 25
    33: 31
    34: 31
    35: 2750
    36: 51
    37: 48
    38: 39
    39: 43
    40: 15
    41: 15
    42: 18
    43: 16
    44: 15
    45: 12
    46: 23
    47: 47
    48: 29
    49: 27
    50: 9
    51: 13
    52: 13
    53: 6
    54: 3
    55: 0
    56: 0
    57: 2
    58: 9
    59: 2
    60: 1
    61: 5
    62: 5
    63: 4
    64: 2
    65: 1
    66: 0
    67: 0
    68: 0
    69: 0
    70: 0
    71: 0
    72: 0
    73: 0
    74: 0
    75: 0
    76: 0
    77: 0
    78: 0
    79: 0
    80: 0
    81: 0
    82: 0
    83: 0
    84: 0
    85: 0
    86: 0
    87: 0
    88: 0
    89: 0
    90: 0
    91: 0
    92: 0
    93: 0
    94: 0
    95: 0
    96: 0
    97: 0
    98: 0
    99: 0
 sched: # Scheduler stats
  thCr: 1 # Threads created
  thFn: 1 # Threads finished
  schedEvs: 1 # Schedule events
  waitEvs: 0 # Wait events
  handoffEvs: 0 # Handoff events
  sleepEvs: 0 # Sleep events
  idlePhases: 0 # Phases with no thread active
  idlePeriods: 0 # Periods with no thread active
  occHist: # Occupancy histogram
   0: 0
   1: 6803
  rqSzHist: # Run queue size histogram
   0: 6803
   1: 0
   2: 0
   3: 0
   4: 0
   5: 0
   6: 0
   7: 0
   8: 0
   9: 0
   10: 0
   11: 0
   12: 0
   13: 0
   14: 0
   15: 0
   16: 0
 procCycles: # Per-process unhalted core cycles
  0: 68032121
  1: 0
  2: 0
  3: 0
  4: 0
  5: 0
  6: 0
  7: 0
  8: 0
  9: 0
  10: 0
  11: 0
  12: 0
  13: 0
  14: 0
  15: 0
  16: 0
  17: 0
  18: 0
  19: 0
  20: 0
  21: 0
  22: 0
  23: 0
  24: 0
  25: 0
  26: 0
  27: 0
  28: 0
  29: 0
  30: 0
  31: 0
  32: 0
  33: 0
  34: 0
  35: 0
  36: 0
  37: 0
  38: 0
  39: 0
  40: 0
  41: 0
  42: 0
  43: 0
  44: 0
  45: 0
  46: 0
  47: 0
  48: 0
  49: 0
  50: 0
  51: 0
  52: 0
  53: 0
  54: 0
  55: 0
  56: 0
  57: 0
  58: 0
  59: 0
  60: 0
  61: 0
  62: 0
  63: 0
 procInstrs: # Per-process instructions
  0: 100001814
  1: 0
  2: 0
  3: 0
  4: 0
  5: 0
  6: 0
  7: 0
  8: 0
  9: 0
  10: 0
  11: 0
  12: 0
  13: 0
  14: 0
  15: 0
  16: 0
  17: 0
  18: 0
  19: 0
  20: 0
  21: 0
  22: 0
  23: 0
  24: 0
  25: 0
  26: 0
  27: 0
  28: 0
  29: 0
  30: 0
  31: 0
  32: 0
  33: 0
  34: 0
  35: 0
  36: 0
  37: 0
  38: 0
  39: 0
  40: 0
  41: 0
  42: 0
  43: 0
  44: 0
  45: 0
  46: 0
  47: 0
  48: 0
  49: 0
  50: 0
  51: 0
  52: 0
  53: 0
  54: 0
  55: 0
  56: 0
  57: 0
  58: 0
  59: 0
  60: 0
  61: 0
  62: 0
  63: 0
 heartbeats: # Per-process heartbeats
  0: 0
  1: 0
  2: 0
  3: 0
  4: 0
  5: 0
  6: 0
  7: 0
  8: 0
  9: 0
  10: 0
  11: 0
  12: 0
  13: 0
  14: 0
  15: 0
  16: 0
  17: 0
  18: 0
  19: 0
  20: 0
  21: 0
  22: 0
  23: 0
  24: 0
  25: 0
  26: 0
  27: 0
  28: 0
  29: 0
  30: 0
  31: 0
  32: 0
  33: 0
  34: 0
  35: 0
  36: 0
  37: 0
  38: 0
  39: 0
  40: 0
  41: 0
  42: 0
  43: 0
  44: 0
  45: 0
  46: 0
  47: 0
  48: 0
  49: 0
  50: 0
  51: 0
  52: 0
  53: 0
  54: 0
  55: 0
  56: 0
  57: 0
  58: 0
  59: 0
  60: 0
  61: 0
  62: 0
  63: 0
===
