# zsim stats
===
root: # Stats
 contention: # Contention simulation stats
  domain-0: # Domain stats
   time: 126927564 # Weave simulation time
 time: # Simulator time breakdown
  init: 3247673329139
  bound: 8916005533
  weave: 248045174
  ff: 0
 trigger: 20000 # Reason for this stats dump
 phase: 6037 # Simulated phases
 westmere: # Core stats
  westmere-0: # Core stats
   cycles: 60370233 # Simulated unhalted cycles
   cCycles: 2709945 # Cycles due to contention stalls
   instrs: 100004470 # Simulated instructions
   uops: 109813501 # Retired micro-ops
   bbls: 33479768 # Basic blocks
   approxInstrs: 168500 # Instrs with approx uop decoding
   mispredBranches: 155258 # Mispredicted branches
   condBranches: 28675330 # conditional branches
 l1i: # Cache stats
  l1i-0: # Filter cache stats
   fhGETS: 32454297 # Filtered GETS hits
   fhGETX: 0 # Filtered GETX hits
   hGETS: 1640186 # GETS hits
   hGETX: 0 # GETX hits
   mGETS: 203453 # GETS misses
   mGETXIM: 0 # GETX I->M misses
   mGETXSM: 0 # GETX S->M misses (upgrade misses)
   PUTS: 0 # Clean evictions (from lower level)
   PUTX: 0 # Dirty evictions (from lower level)
   INV: 1398 # Invalidates (from upper level)
   INVX: 0 # Downgrades (from upper level)
   FWD: 0 # Forwards (from upper level)
   latGETnl: 2804120 # GET request latency on next level
   latGETnet: 0 # GET request latency on network to next level
 l1d: # Cache stats
  l1d-0: # Filter cache stats
   fhGETS: 25663760 # Filtered GETS hits
   fhGETX: 5393460 # Filtered GETX hits
   hGETS: 3194398 # GETS hits
   hGETX: 812703 # GETX hits
   mGETS: 2176288 # GETS misses
   mGETXIM: 121543 # GETX I->M misses
   mGETXSM: 0 # GETX S->M misses (upgrade misses)
   PUTS: 0 # Clean evictions (from lower level)
   PUTX: 0 # Dirty evictions (from lower level)
   INV: 1016 # Invalidates (from upper level)
   INVX: 0 # Downgrades (from upper level)
   FWD: 0 # Forwards (from upper level)
   latGETnl: 39935348 # GET request latency on next level
   latGETnet: 0 # GET request latency on network to next level
 l2: # Cache stats
  l2-0: # Cache stats
   hGETS: 2221643 # GETS hits
   hGETX: 21669 # GETX hits
   mGETS: 158098 # GETS misses
   mGETXIM: 99874 # GETX I->M misses
   mGETXSM: 0 # GETX S->M misses (upgrade misses)
   PUTS: 2241999 # Clean evictions (from lower level)
   PUTX: 255851 # Dirty evictions (from lower level)
   INV: 3570 # Invalidates (from upper level)
   INVX: 0 # Downgrades (from upper level)
   FWD: 0 # Forwards (from upper level)
   latGETnl: 17726628 # GET request latency on next level
   latGETnet: 0 # GET request latency on network to next level
 l3: # Cache stats
  l3-0: # Cache stats
   hGETS: 88888 # GETS hits
   hGETX: 40914 # GETX hits
   mGETS: 69210 # GETS misses
   mGETXIM: 58960 # GETX I->M misses
   mGETXSM: 0 # GETX S->M misses (upgrade misses)
   PUTS: 69194 # Clean evictions (from lower level)
   PUTX: 181112 # Dirty evictions (from lower level)
   INV: 0 # Invalidates (from upper level)
   INVX: 0 # Downgrades (from upper level)
   FWD: 0 # Forwards (from upper level)
   latGETnl: 11535300 # GET request latency on next level
   latGETnet: 0 # GET request latency on network to next level
 mem: # Memory controller stats
  mem-0: # Memory controller stats
   rd: 32077 # Read requests
   wr: 18364 # Write requests
   rdlat: 4325259 # Total latency experienced by read requests
   wrlat: 2811351 # Total latency experienced by write requests
   rdhits: 27 # Read row hits
   wrhits: 23 # Write row hits
   mlh: # latency histogram for memory requests
    0: 0
    1: 0
    2: 0
    3: 0
    4: 0
    5: 0
    6: 0
    7: 0
    8: 0
    9: 0
    10: 0
    11: 8
    12: 4
    13: 30365
    14: 641
    15: 351
    16: 212
    17: 17
    18: 17
    19: 19
    20: 20
    21: 24
    22: 15
    23: 27
    24: 16
    25: 21
    26: 12
    27: 12
    28: 15
    29: 14
    30: 11
    31: 15
    32: 22
    33: 23
    34: 20
    35: 24
    36: 11
    37: 13
    38: 25
    39: 22
    40: 27
    41: 14
    42: 21
    43: 10
    44: 3
    45: 0
    46: 1
    47: 1
    48: 4
    49: 0
    50: 0
    51: 0
    52: 0
    53: 0
    54: 0
    55: 0
    56: 0
    57: 0
    58: 0
    59: 0
    60: 0
    61: 0
    62: 0
    63: 0
    64: 0
    65: 0
    66: 0
    67: 0
    68: 0
    69: 0
    70: 0
    71: 0
    72: 0
    73: 0
    74: 0
    75: 0
    76: 0
    77: 0
    78: 0
    79: 0
    80: 0
    81: 0
    82: 0
    83: 0
    84: 0
    85: 0
    86: 0
    87: 0
    88: 0
    89: 0
    90: 0
    91: 0
    92: 0
    93: 0
    94: 0
    95: 0
    96: 0
    97: 0
    98: 0
    99: 0
  mem-1: # Memory controller stats
   rd: 31795 # Read requests
   wr: 18370 # Write requests
   rdlat: 4277707 # Total latency experienced by read requests
   wrlat: 2823012 # Total latency experienced by write requests
   rdhits: 23 # Read row hits
   wrhits: 32 # Write row hits
   mlh: # latency histogram for memory requests
    0: 0
    1: 0
    2: 0
    3: 0
    4: 0
    5: 0
    6: 0
    7: 0
    8: 0
    9: 0
    10: 0
    11: 0
    12: 3
    13: 30332
    14: 474
    15: 330
    16: 217
    17: 12
    18: 12
    19: 9
    20: 15
    21: 18
    22: 10
    23: 18
    24: 17
    25: 28
    26: 11
    27: 10
    28: 12
    29: 16
    30: 21
    31: 17
    32: 20
    33: 16
    34: 17
    35: 26
    36: 13
    37: 21
    38: 15
    39: 16
    40: 13
    41: 22
    42: 18
    43: 8
    44: 4
    45: 2
    46: 0
    47: 0
    48: 1
    49: 0
    50: 0
    51: 1
    52: 0
    53: 0
    54: 0
    55: 0
    56: 0
    57: 0
    58: 0
    59: 0
    60: 0
    61: 0
    62: 0
    63: 0
    64: 0
    65: 0
    66: 0
    67: 0
    68: 0
    69: 0
    70: 0
    71: 0
    72: 0
    73: 0
    74: 0
    75: 0
    76: 0
    77: 0
    78: 0
    79: 0
    80: 0
    81: 0
    82: 0
    83: 0
    84: 0
    85: 0
    86: 0
    87: 0
    88: 0
    89: 0
    90: 0
    91: 0
    92: 0
    93: 0
    94: 0
    95: 0
    96: 0
    97: 0
    98: 0
    99: 0
  mem-2: # Memory controller stats
   rd: 32235 # Read requests
   wr: 18584 # Write requests
   rdlat: 4342586 # Total latency experienced by read requests
   wrlat: 2847157 # Total latency experienced by write requests
   rdhits: 41 # Read row hits
   wrhits: 34 # Write row hits
   mlh: # latency histogram for memory requests
    0: 0
    1: 0
    2: 0
    3: 0
    4: 0
    5: 0
    6: 0
    7: 0
    8: 0
    9: 0
    10: 0
    11: 9
    12: 6
    13: 30464
    14: 689
    15: 332
    16: 251
    17: 21
    18: 21
    19: 10
    20: 17
    21: 34
    22: 17
    23: 16
    24: 22
    25: 24
    26: 11
    27: 8
    28: 14
    29: 15
    30: 20
    31: 14
    32: 19
    33: 16
    34: 19
    35: 26
    36: 22
    37: 18
    38: 23
    39: 20
    40: 25
    41: 11
    42: 11
    43: 6
    44: 0
    45: 0
    46: 1
    47: 2
    48: 1
    49: 0
    50: 0
    51: 0
    52: 0
    53: 0
    54: 0
    55: 0
    56: 0
    57: 0
    58: 0
    59: 0
    60: 0
    61: 0
    62: 0
    63: 0
    64: 0
    65: 0
    66: 0
    67: 0
    68: 0
    69: 0
    70: 0
    71: 0
    72: 0
    73: 0
    74: 0
    75: 0
    76: 0
    77: 0
    78: 0
    79: 0
    80: 0
    81: 0
    82: 0
    83: 0
    84: 0
    85: 0
    86: 0
    87: 0
    88: 0
    89: 0
    90: 0
    91: 0
    92: 0
    93: 0
    94: 0
    95: 0
    96: 0
    97: 0
    98: 0
    99: 0
  mem-3: # Memory controller stats
   rd: 32063 # Read requests
   wr: 18462 # Write requests
   rdlat: 4316985 # Total latency experienced by read requests
   wrlat: 2828051 # Total latency experienced by write requests
   rdhits: 28 # Read row hits
   wrhits: 28 # Write row hits
   mlh: # latency histogram for memory requests
    0: 0
    1: 0
    2: 0
    3: 0
    4: 0
    5: 0
    6: 0
    7: 0
    8: 0
    9: 0
    10: 0
    11: 1
    12: 7
    13: 30519
    14: 488
    15: 331
    16: 229
    17: 31
    18: 21
    19: 11
    20: 13
    21: 18
    22: 16
    23: 17
    24: 33
    25: 14
    26: 17
    27: 14
    28: 10
    29: 27
    30: 22
    31: 16
    32: 19
    33: 12
    34: 26
    35: 18
    36: 15
    37: 15
    38: 15
    39: 29
    40: 18
    41: 14
    42: 13
    43: 6
    44: 2
    45: 2
    46: 1
    47: 0
    48: 2
    49: 1
    50: 0
    51: 0
    52: 0
    53: 0
    54: 0
    55: 0
    56: 0
    57: 0
    58: 0
    59: 0
    60: 0
    61: 0
    62: 0
    63: 0
    64: 0
    65: 0
    66: 0
    67: 0
    68: 0
    69: 0
    70: 0
    71: 0
    72: 0
    73: 0
    74: 0
    75: 0
    76: 0
    77: 0
    78: 0
    79: 0
    80: 0
    81: 0
    82: 0
    83: 0
    84: 0
    85: 0
    86: 0
    87: 0
    88: 0
    89: 0
    90: 0
    91: 0
    92: 0
    93: 0
    94: 0
    95: 0
    96: 0
    97: 0
    98: 0
    99: 0
 sched: # Scheduler stats
  thCr: 1 # Threads created
  thFn: 1 # Threads finished
  schedEvs: 1 # Schedule events
  waitEvs: 0 # Wait events
  handoffEvs: 0 # Handoff events
  sleepEvs: 0 # Sleep events
  idlePhases: 0 # Phases with no thread active
  idlePeriods: 0 # Periods with no thread active
  occHist: # Occupancy histogram
   0: 0
   1: 6037
  rqSzHist: # Run queue size histogram
   0: 6037
   1: 0
   2: 0
   3: 0
   4: 0
   5: 0
   6: 0
   7: 0
   8: 0
   9: 0
   10: 0
   11: 0
   12: 0
   13: 0
   14: 0
   15: 0
   16: 0
 procCycles: # Per-process unhalted core cycles
  0: 60370233
  1: 0
  2: 0
  3: 0
  4: 0
  5: 0
  6: 0
  7: 0
  8: 0
  9: 0
  10: 0
  11: 0
  12: 0
  13: 0
  14: 0
  15: 0
  16: 0
  17: 0
  18: 0
  19: 0
  20: 0
  21: 0
  22: 0
  23: 0
  24: 0
  25: 0
  26: 0
  27: 0
  28: 0
  29: 0
  30: 0
  31: 0
  32: 0
  33: 0
  34: 0
  35: 0
  36: 0
  37: 0
  38: 0
  39: 0
  40: 0
  41: 0
  42: 0
  43: 0
  44: 0
  45: 0
  46: 0
  47: 0
  48: 0
  49: 0
  50: 0
  51: 0
  52: 0
  53: 0
  54: 0
  55: 0
  56: 0
  57: 0
  58: 0
  59: 0
  60: 0
  61: 0
  62: 0
  63: 0
 procInstrs: # Per-process instructions
  0: 100004470
  1: 0
  2: 0
  3: 0
  4: 0
  5: 0
  6: 0
  7: 0
  8: 0
  9: 0
  10: 0
  11: 0
  12: 0
  13: 0
  14: 0
  15: 0
  16: 0
  17: 0
  18: 0
  19: 0
  20: 0
  21: 0
  22: 0
  23: 0
  24: 0
  25: 0
  26: 0
  27: 0
  28: 0
  29: 0
  30: 0
  31: 0
  32: 0
  33: 0
  34: 0
  35: 0
  36: 0
  37: 0
  38: 0
  39: 0
  40: 0
  41: 0
  42: 0
  43: 0
  44: 0
  45: 0
  46: 0
  47: 0
  48: 0
  49: 0
  50: 0
  51: 0
  52: 0
  53: 0
  54: 0
  55: 0
  56: 0
  57: 0
  58: 0
  59: 0
  60: 0
  61: 0
  62: 0
  63: 0
 heartbeats: # Per-process heartbeats
  0: 0
  1: 0
  2: 0
  3: 0
  4: 0
  5: 0
  6: 0
  7: 0
  8: 0
  9: 0
  10: 0
  11: 0
  12: 0
  13: 0
  14: 0
  15: 0
  16: 0
  17: 0
  18: 0
  19: 0
  20: 0
  21: 0
  22: 0
  23: 0
  24: 0
  25: 0
  26: 0
  27: 0
  28: 0
  29: 0
  30: 0
  31: 0
  32: 0
  33: 0
  34: 0
  35: 0
  36: 0
  37: 0
  38: 0
  39: 0
  40: 0
  41: 0
  42: 0
  43: 0
  44: 0
  45: 0
  46: 0
  47: 0
  48: 0
  49: 0
  50: 0
  51: 0
  52: 0
  53: 0
  54: 0
  55: 0
  56: 0
  57: 0
  58: 0
  59: 0
  60: 0
  61: 0
  62: 0
  63: 0
===
