# zsim stats
===
root: # Stats
 contention: # Contention simulation stats
  domain-0: # Domain stats
   time: 2126703299 # Weave simulation time
 time: # Simulator time breakdown
  init: 710084505772
  bound: 9861983295
  weave: 2490984671
  ff: 0
 trigger: 20000 # Reason for this stats dump
 phase: 14724 # Simulated phases
 westmere: # Core stats
  westmere-0: # Core stats
   cycles: 147242627 # Simulated unhalted cycles
   cCycles: 26988117 # Cycles due to contention stalls
   instrs: 100001714 # Simulated instructions
   uops: 114164527 # Retired micro-ops
   bbls: 2330455 # Basic blocks
   approxInstrs: 553212 # Instrs with approx uop decoding
   mispredBranches: 3146 # Mispredicted branches
   condBranches: 916826 # conditional branches
 l1i: # Cache stats
  l1i-0: # Filter cache stats
   fhGETS: 9222759 # Filtered GETS hits
   fhGETX: 0 # Filtered GETX hits
   hGETS: 6 # GETS hits
   hGETX: 0 # GETX hits
   mGETS: 3096 # GETS misses
   mGETXIM: 0 # GETX I->M misses
   mGETXSM: 0 # GETX S->M misses (upgrade misses)
   PUTS: 0 # Clean evictions (from lower level)
   PUTX: 0 # Dirty evictions (from lower level)
   INV: 3008 # Invalidates (from upper level)
   INVX: 0 # Downgrades (from upper level)
   FWD: 0 # Forwards (from upper level)
   latGETnl: 383904 # GET request latency on next level
   latGETnet: 0 # GET request latency on network to next level
 l1d: # Cache stats
  l1d-0: # Filter cache stats
   fhGETS: 18031778 # Filtered GETS hits
   fhGETX: 5400415 # Filtered GETX hits
   hGETS: 951053 # GETS hits
   hGETX: 756577 # GETX hits
   mGETS: 788956 # GETS misses
   mGETXIM: 4305883 # GETX I->M misses
   mGETXSM: 0 # GETX S->M misses (upgrade misses)
   PUTS: 0 # Clean evictions (from lower level)
   PUTX: 0 # Dirty evictions (from lower level)
   INV: 148 # Invalidates (from upper level)
   INVX: 0 # Downgrades (from upper level)
   FWD: 0 # Forwards (from upper level)
   latGETnl: 403924592 # GET request latency on next level
   latGETnet: 0 # GET request latency on network to next level
 l2: # Cache stats
  l2-0: # Cache stats
   hGETS: 97 # GETS hits
   hGETX: 1998364 # GETX hits
   mGETS: 791955 # GETS misses
   mGETXIM: 2307519 # GETX I->M misses
   mGETXSM: 0 # GETX S->M misses (upgrade misses)
   PUTS: 788326 # Clean evictions (from lower level)
   PUTX: 4305853 # Dirty evictions (from lower level)
   INV: 3167 # Invalidates (from upper level)
   INVX: 0 # Downgrades (from upper level)
   FWD: 0 # Forwards (from upper level)
   latGETnl: 353329146 # GET request latency on next level
   latGETnet: 0 # GET request latency on network to next level
 l3: # Cache stats
  l3-0: # Cache stats
   hGETS: 65 # GETS hits
   hGETX: 56 # GETX hits
   mGETS: 791890 # GETS misses
   mGETXIM: 2307463 # GETX I->M misses
   mGETXSM: 0 # GETX S->M misses (upgrade misses)
   PUTS: 784728 # Clean evictions (from lower level)
   PUTX: 2307483 # Dirty evictions (from lower level)
   INV: 0 # Invalidates (from upper level)
   INVX: 0 # Downgrades (from upper level)
   FWD: 0 # Forwards (from upper level)
   latGETnl: 278941770 # GET request latency on next level
   latGETnet: 0 # GET request latency on network to next level
 mem: # Memory controller stats
  mem-0: # Memory controller stats
   rd: 774815 # Read requests
   wr: 574713 # Write requests
   rdlat: 110629251 # Total latency experienced by read requests
   wrlat: 101462677 # Total latency experienced by write requests
   rdhits: 58 # Read row hits
   wrhits: 12061 # Write row hits
   mlh: # latency histogram for memory requests
    0: 0
    1: 0
    2: 0
    3: 0
    4: 0
    5: 0
    6: 0
    7: 0
    8: 0
    9: 0
    10: 0
    11: 2
    12: 0
    13: 452327
    14: 156949
    15: 107996
    16: 6661
    17: 30596
    18: 1088
    19: 1586
    20: 2398
    21: 3428
    22: 2169
    23: 1594
    24: 875
    25: 562
    26: 379
    27: 503
    28: 502
    29: 394
    30: 355
    31: 331
    32: 315
    33: 363
    34: 361
    35: 269
    36: 258
    37: 246
    38: 239
    39: 386
    40: 273
    41: 321
    42: 311
    43: 167
    44: 107
    45: 51
    46: 91
    47: 78
    48: 154
    49: 69
    50: 15
    51: 9
    52: 7
    53: 13
    54: 12
    55: 5
    56: 0
    57: 0
    58: 0
    59: 0
    60: 0
    61: 0
    62: 0
    63: 0
    64: 0
    65: 0
    66: 0
    67: 0
    68: 0
    69: 0
    70: 0
    71: 0
    72: 0
    73: 0
    74: 0
    75: 0
    76: 0
    77: 0
    78: 0
    79: 0
    80: 0
    81: 0
    82: 0
    83: 0
    84: 0
    85: 0
    86: 0
    87: 0
    88: 0
    89: 0
    90: 0
    91: 0
    92: 0
    93: 0
    94: 0
    95: 0
    96: 0
    97: 0
    98: 0
    99: 0
  mem-1: # Memory controller stats
   rd: 774854 # Read requests
   wr: 574750 # Write requests
   rdlat: 110562538 # Total latency experienced by read requests
   wrlat: 100741932 # Total latency experienced by write requests
   rdhits: 70 # Read row hits
   wrhits: 13082 # Write row hits
   mlh: # latency histogram for memory requests
    0: 0
    1: 0
    2: 0
    3: 0
    4: 0
    5: 0
    6: 0
    7: 0
    8: 0
    9: 0
    10: 0
    11: 3
    12: 4
    13: 453007
    14: 157154
    15: 106428
    16: 8553
    17: 30988
    18: 877
    19: 1546
    20: 2006
    21: 2919
    22: 1871
    23: 1494
    24: 812
    25: 652
    26: 374
    27: 509
    28: 439
    29: 410
    30: 377
    31: 355
    32: 339
    33: 347
    34: 358
    35: 285
    36: 243
    37: 225
    38: 236
    39: 416
    40: 276
    41: 298
    42: 284
    43: 171
    44: 115
    45: 45
    46: 83
    47: 71
    48: 146
    49: 62
    50: 19
    51: 11
    52: 13
    53: 15
    54: 9
    55: 4
    56: 0
    57: 0
    58: 1
    59: 0
    60: 2
    61: 1
    62: 1
    63: 0
    64: 0
    65: 0
    66: 0
    67: 0
    68: 0
    69: 0
    70: 0
    71: 0
    72: 0
    73: 0
    74: 0
    75: 0
    76: 0
    77: 0
    78: 0
    79: 0
    80: 0
    81: 0
    82: 0
    83: 0
    84: 0
    85: 0
    86: 0
    87: 0
    88: 0
    89: 0
    90: 0
    91: 0
    92: 0
    93: 0
    94: 0
    95: 0
    96: 0
    97: 0
    98: 0
    99: 0
  mem-2: # Memory controller stats
   rd: 774839 # Read requests
   wr: 574735 # Write requests
   rdlat: 110631619 # Total latency experienced by read requests
   wrlat: 101452205 # Total latency experienced by write requests
   rdhits: 56 # Read row hits
   wrhits: 12609 # Write row hits
   mlh: # latency histogram for memory requests
    0: 0
    1: 0
    2: 0
    3: 0
    4: 0
    5: 0
    6: 0
    7: 0
    8: 0
    9: 0
    10: 0
    11: 1
    12: 1
    13: 452093
    14: 156602
    15: 108541
    16: 7035
    17: 30271
    18: 1049
    19: 1607
    20: 2429
    21: 3461
    22: 2148
    23: 1654
    24: 845
    25: 531
    26: 384
    27: 536
    28: 508
    29: 384
    30: 351
    31: 352
    32: 353
    33: 355
    34: 313
    35: 286
    36: 271
    37: 233
    38: 226
    39: 374
    40: 274
    41: 294
    42: 301
    43: 156
    44: 107
    45: 43
    46: 72
    47: 89
    48: 164
    49: 74
    50: 21
    51: 12
    52: 10
    53: 13
    54: 8
    55: 6
    56: 0
    57: 1
    58: 0
    59: 0
    60: 0
    61: 0
    62: 0
    63: 0
    64: 0
    65: 0
    66: 0
    67: 0
    68: 0
    69: 0
    70: 0
    71: 0
    72: 0
    73: 0
    74: 0
    75: 0
    76: 0
    77: 0
    78: 0
    79: 0
    80: 0
    81: 0
    82: 0
    83: 0
    84: 0
    85: 0
    86: 0
    87: 0
    88: 0
    89: 0
    90: 0
    91: 0
    92: 0
    93: 0
    94: 0
    95: 0
    96: 0
    97: 0
    98: 0
    99: 0
  mem-3: # Memory controller stats
   rd: 774780 # Read requests
   wr: 574724 # Write requests
   rdlat: 110581445 # Total latency experienced by read requests
   wrlat: 100795449 # Total latency experienced by write requests
   rdhits: 37 # Read row hits
   wrhits: 12503 # Write row hits
   mlh: # latency histogram for memory requests
    0: 0
    1: 0
    2: 0
    3: 0
    4: 0
    5: 0
    6: 0
    7: 0
    8: 0
    9: 0
    10: 0
    11: 3
    12: 0
    13: 452335
    14: 156716
    15: 107301
    16: 8472
    17: 30975
    18: 848
    19: 1540
    20: 2106
    21: 3015
    22: 1986
    23: 1491
    24: 829
    25: 620
    26: 406
    27: 516
    28: 468
    29: 360
    30: 325
    31: 342
    32: 363
    33: 381
    34: 355
    35: 286
    36: 239
    37: 238
    38: 220
    39: 436
    40: 291
    41: 271
    42: 306
    43: 173
    44: 121
    45: 47
    46: 70
    47: 66
    48: 133
    49: 72
    50: 21
    51: 6
    52: 12
    53: 8
    54: 9
    55: 2
    56: 0
    57: 0
    58: 0
    59: 0
    60: 0
    61: 0
    62: 0
    63: 0
    64: 0
    65: 0
    66: 0
    67: 0
    68: 0
    69: 0
    70: 0
    71: 0
    72: 0
    73: 0
    74: 0
    75: 0
    76: 0
    77: 0
    78: 0
    79: 0
    80: 0
    81: 0
    82: 0
    83: 0
    84: 0
    85: 0
    86: 0
    87: 0
    88: 0
    89: 0
    90: 0
    91: 0
    92: 0
    93: 0
    94: 0
    95: 0
    96: 0
    97: 0
    98: 0
    99: 0
 sched: # Scheduler stats
  thCr: 1 # Threads created
  thFn: 1 # Threads finished
  schedEvs: 1 # Schedule events
  waitEvs: 0 # Wait events
  handoffEvs: 0 # Handoff events
  sleepEvs: 0 # Sleep events
  idlePhases: 0 # Phases with no thread active
  idlePeriods: 0 # Periods with no thread active
  occHist: # Occupancy histogram
   0: 0
   1: 14724
  rqSzHist: # Run queue size histogram
   0: 14724
   1: 0
   2: 0
   3: 0
   4: 0
   5: 0
   6: 0
   7: 0
   8: 0
   9: 0
   10: 0
   11: 0
   12: 0
   13: 0
   14: 0
   15: 0
   16: 0
 procCycles: # Per-process unhalted core cycles
  0: 147242627
  1: 0
  2: 0
  3: 0
  4: 0
  5: 0
  6: 0
  7: 0
  8: 0
  9: 0
  10: 0
  11: 0
  12: 0
  13: 0
  14: 0
  15: 0
  16: 0
  17: 0
  18: 0
  19: 0
  20: 0
  21: 0
  22: 0
  23: 0
  24: 0
  25: 0
  26: 0
  27: 0
  28: 0
  29: 0
  30: 0
  31: 0
  32: 0
  33: 0
  34: 0
  35: 0
  36: 0
  37: 0
  38: 0
  39: 0
  40: 0
  41: 0
  42: 0
  43: 0
  44: 0
  45: 0
  46: 0
  47: 0
  48: 0
  49: 0
  50: 0
  51: 0
  52: 0
  53: 0
  54: 0
  55: 0
  56: 0
  57: 0
  58: 0
  59: 0
  60: 0
  61: 0
  62: 0
  63: 0
 procInstrs: # Per-process instructions
  0: 100001714
  1: 0
  2: 0
  3: 0
  4: 0
  5: 0
  6: 0
  7: 0
  8: 0
  9: 0
  10: 0
  11: 0
  12: 0
  13: 0
  14: 0
  15: 0
  16: 0
  17: 0
  18: 0
  19: 0
  20: 0
  21: 0
  22: 0
  23: 0
  24: 0
  25: 0
  26: 0
  27: 0
  28: 0
  29: 0
  30: 0
  31: 0
  32: 0
  33: 0
  34: 0
  35: 0
  36: 0
  37: 0
  38: 0
  39: 0
  40: 0
  41: 0
  42: 0
  43: 0
  44: 0
  45: 0
  46: 0
  47: 0
  48: 0
  49: 0
  50: 0
  51: 0
  52: 0
  53: 0
  54: 0
  55: 0
  56: 0
  57: 0
  58: 0
  59: 0
  60: 0
  61: 0
  62: 0
  63: 0
 heartbeats: # Per-process heartbeats
  0: 0
  1: 0
  2: 0
  3: 0
  4: 0
  5: 0
  6: 0
  7: 0
  8: 0
  9: 0
  10: 0
  11: 0
  12: 0
  13: 0
  14: 0
  15: 0
  16: 0
  17: 0
  18: 0
  19: 0
  20: 0
  21: 0
  22: 0
  23: 0
  24: 0
  25: 0
  26: 0
  27: 0
  28: 0
  29: 0
  30: 0
  31: 0
  32: 0
  33: 0
  34: 0
  35: 0
  36: 0
  37: 0
  38: 0
  39: 0
  40: 0
  41: 0
  42: 0
  43: 0
  44: 0
  45: 0
  46: 0
  47: 0
  48: 0
  49: 0
  50: 0
  51: 0
  52: 0
  53: 0
  54: 0
  55: 0
  56: 0
  57: 0
  58: 0
  59: 0
  60: 0
  61: 0
  62: 0
  63: 0
===
