# zsim stats
===
root: # Stats
 contention: # Contention simulation stats
  domain-0: # Domain stats
   time: 866446482 # Weave simulation time
 time: # Simulator time breakdown
  init: 950124036
  bound: 175139638288
  weave: 6368352046
  ff: 0
 trigger: 20000 # Reason for this stats dump
 phase: 78830 # Simulated phases
 westmere: # Core stats
  westmere-0: # Core stats
   cycles: 22683 # Simulated unhalted cycles
   cCycles: 4365 # Cycles due to contention stalls
   instrs: 6175 # Simulated instructions
   uops: 7923 # Retired micro-ops
   bbls: 1280 # Basic blocks
   approxInstrs: 49 # Instrs with approx uop decoding
   mispredBranches: 102 # Mispredicted branches
   condBranches: 947 # conditional branches
  westmere-1: # Core stats
   cycles: 788300016 # Simulated unhalted cycles
   cCycles: 1072985 # Cycles due to contention stalls
   instrs: 1250029509 # Simulated instructions
   uops: 1500773022 # Retired micro-ops
   bbls: 167581018 # Basic blocks
   approxInstrs: 13749472 # Instrs with approx uop decoding
   mispredBranches: 3597602 # Mispredicted branches
   condBranches: 129685815 # conditional branches
  westmere-2: # Core stats
   cycles: 788290002 # Simulated unhalted cycles
   cCycles: 1078916 # Cycles due to contention stalls
   instrs: 1249982646 # Simulated instructions
   uops: 1500714471 # Retired micro-ops
   bbls: 167574730 # Basic blocks
   approxInstrs: 13749000 # Instrs with approx uop decoding
   mispredBranches: 3597468 # Mispredicted branches
   condBranches: 129681390 # conditional branches
  westmere-3: # Core stats
   cycles: 788290010 # Simulated unhalted cycles
   cCycles: 1078075 # Cycles due to contention stalls
   instrs: 1249971545 # Simulated instructions
   uops: 1500701502 # Retired micro-ops
   bbls: 167573314 # Basic blocks
   approxInstrs: 13748921 # Instrs with approx uop decoding
   mispredBranches: 3597453 # Mispredicted branches
   condBranches: 129680452 # conditional branches
  westmere-4: # Core stats
   cycles: 788290020 # Simulated unhalted cycles
   cCycles: 1077114 # Cycles due to contention stalls
   instrs: 1250018917 # Simulated instructions
   uops: 1500759949 # Retired micro-ops
   bbls: 167579585 # Basic blocks
   approxInstrs: 13749101 # Instrs with approx uop decoding
   mispredBranches: 3597502 # Mispredicted branches
   condBranches: 129684978 # conditional branches
  westmere-5: # Core stats
   cycles: 0 # Simulated unhalted cycles
   cCycles: 0 # Cycles due to contention stalls
   instrs: 0 # Simulated instructions
   uops: 0 # Retired micro-ops
   bbls: 0 # Basic blocks
   approxInstrs: 0 # Instrs with approx uop decoding
   mispredBranches: 0 # Mispredicted branches
   condBranches: 0 # conditional branches
  westmere-6: # Core stats
   cycles: 0 # Simulated unhalted cycles
   cCycles: 0 # Cycles due to contention stalls
   instrs: 0 # Simulated instructions
   uops: 0 # Retired micro-ops
   bbls: 0 # Basic blocks
   approxInstrs: 0 # Instrs with approx uop decoding
   mispredBranches: 0 # Mispredicted branches
   condBranches: 0 # conditional branches
  westmere-7: # Core stats
   cycles: 0 # Simulated unhalted cycles
   cCycles: 0 # Cycles due to contention stalls
   instrs: 0 # Simulated instructions
   uops: 0 # Retired micro-ops
   bbls: 0 # Basic blocks
   approxInstrs: 0 # Instrs with approx uop decoding
   mispredBranches: 0 # Mispredicted branches
   condBranches: 0 # conditional branches
 l1i: # Cache stats
  l1i-0: # Filter cache stats
   fhGETS: 1438 # Filtered GETS hits
   fhGETX: 0 # Filtered GETX hits
   hGETS: 174 # GETS hits
   hGETX: 0 # GETX hits
   mGETS: 114 # GETS misses
   mGETXIM: 0 # GETX I->M misses
   mGETXSM: 0 # GETX S->M misses (upgrade misses)
   PUTS: 0 # Clean evictions (from lower level)
   PUTX: 0 # Dirty evictions (from lower level)
   INV: 54 # Invalidates (from upper level)
   INVX: 0 # Downgrades (from upper level)
   FWD: 0 # Forwards (from upper level)
   latGETnl: 14046 # GET request latency on next level
   latGETnet: 0 # GET request latency on network to next level
  l1i-1: # Filter cache stats
   fhGETS: 224017560 # Filtered GETS hits
   fhGETX: 0 # Filtered GETX hits
   hGETS: 2424897 # GETS hits
   hGETX: 0 # GETX hits
   mGETS: 90622 # GETS misses
   mGETXIM: 0 # GETX I->M misses
   mGETXSM: 0 # GETX S->M misses (upgrade misses)
   PUTS: 0 # Clean evictions (from lower level)
   PUTX: 0 # Dirty evictions (from lower level)
   INV: 2 # Invalidates (from upper level)
   INVX: 0 # Downgrades (from upper level)
   FWD: 0 # Forwards (from upper level)
   latGETnl: 942610 # GET request latency on next level
   latGETnet: 0 # GET request latency on network to next level
  l1i-2: # Filter cache stats
   fhGETS: 224009188 # Filtered GETS hits
   fhGETX: 0 # Filtered GETX hits
   hGETS: 2424778 # GETS hits
   hGETX: 0 # GETX hits
   mGETS: 90614 # GETS misses
   mGETXIM: 0 # GETX I->M misses
   mGETXSM: 0 # GETX S->M misses (upgrade misses)
   PUTS: 0 # Clean evictions (from lower level)
   PUTX: 0 # Dirty evictions (from lower level)
   INV: 1 # Invalidates (from upper level)
   INVX: 0 # Downgrades (from upper level)
   FWD: 0 # Forwards (from upper level)
   latGETnl: 934592 # GET request latency on next level
   latGETnet: 0 # GET request latency on network to next level
  l1i-3: # Filter cache stats
   fhGETS: 224007540 # Filtered GETS hits
   fhGETX: 0 # Filtered GETX hits
   hGETS: 2424763 # GETS hits
   hGETX: 0 # GETX hits
   mGETS: 90621 # GETS misses
   mGETXIM: 0 # GETX I->M misses
   mGETXSM: 0 # GETX S->M misses (upgrade misses)
   PUTS: 0 # Clean evictions (from lower level)
   PUTX: 0 # Dirty evictions (from lower level)
   INV: 2 # Invalidates (from upper level)
   INVX: 0 # Downgrades (from upper level)
   FWD: 0 # Forwards (from upper level)
   latGETnl: 927732 # GET request latency on next level
   latGETnet: 0 # GET request latency on network to next level
  l1i-4: # Filter cache stats
   fhGETS: 224015224 # Filtered GETS hits
   fhGETX: 0 # Filtered GETX hits
   hGETS: 2424893 # GETS hits
   hGETX: 0 # GETX hits
   mGETS: 90625 # GETS misses
   mGETXIM: 0 # GETX I->M misses
   mGETXSM: 0 # GETX S->M misses (upgrade misses)
   PUTS: 0 # Clean evictions (from lower level)
   PUTX: 0 # Dirty evictions (from lower level)
   INV: 1 # Invalidates (from upper level)
   INVX: 0 # Downgrades (from upper level)
   FWD: 0 # Forwards (from upper level)
   latGETnl: 933418 # GET request latency on next level
   latGETnet: 0 # GET request latency on network to next level
  l1i-5: # Filter cache stats
   fhGETS: 0 # Filtered GETS hits
   fhGETX: 0 # Filtered GETX hits
   hGETS: 0 # GETS hits
   hGETX: 0 # GETX hits
   mGETS: 0 # GETS misses
   mGETXIM: 0 # GETX I->M misses
   mGETXSM: 0 # GETX S->M misses (upgrade misses)
   PUTS: 0 # Clean evictions (from lower level)
   PUTX: 0 # Dirty evictions (from lower level)
   INV: 0 # Invalidates (from upper level)
   INVX: 0 # Downgrades (from upper level)
   FWD: 0 # Forwards (from upper level)
   latGETnl: 0 # GET request latency on next level
   latGETnet: 0 # GET request latency on network to next level
  l1i-6: # Filter cache stats
   fhGETS: 0 # Filtered GETS hits
   fhGETX: 0 # Filtered GETX hits
   hGETS: 0 # GETS hits
   hGETX: 0 # GETX hits
   mGETS: 0 # GETS misses
   mGETXIM: 0 # GETX I->M misses
   mGETXSM: 0 # GETX S->M misses (upgrade misses)
   PUTS: 0 # Clean evictions (from lower level)
   PUTX: 0 # Dirty evictions (from lower level)
   INV: 0 # Invalidates (from upper level)
   INVX: 0 # Downgrades (from upper level)
   FWD: 0 # Forwards (from upper level)
   latGETnl: 0 # GET request latency on next level
   latGETnet: 0 # GET request latency on network to next level
  l1i-7: # Filter cache stats
   fhGETS: 0 # Filtered GETS hits
   fhGETX: 0 # Filtered GETX hits
   hGETS: 0 # GETS hits
   hGETX: 0 # GETX hits
   mGETS: 0 # GETS misses
   mGETXIM: 0 # GETX I->M misses
   mGETXSM: 0 # GETX S->M misses (upgrade misses)
   PUTS: 0 # Clean evictions (from lower level)
   PUTX: 0 # Dirty evictions (from lower level)
   INV: 0 # Invalidates (from upper level)
   INVX: 0 # Downgrades (from upper level)
   FWD: 0 # Forwards (from upper level)
   latGETnl: 0 # GET request latency on next level
   latGETnet: 0 # GET request latency on network to next level
 l1d: # Cache stats
  l1d-0: # Filter cache stats
   fhGETS: 1147 # Filtered GETS hits
   fhGETX: 1053 # Filtered GETX hits
   hGETS: 165 # GETS hits
   hGETX: 155 # GETX hits
   mGETS: 34 # GETS misses
   mGETXIM: 87 # GETX I->M misses
   mGETXSM: 7 # GETX S->M misses (upgrade misses)
   PUTS: 0 # Clean evictions (from lower level)
   PUTX: 0 # Dirty evictions (from lower level)
   INV: 40 # Invalidates (from upper level)
   INVX: 25 # Downgrades (from upper level)
   FWD: 0 # Forwards (from upper level)
   latGETnl: 15082 # GET request latency on next level
   latGETnet: 0 # GET request latency on network to next level
  l1d-1: # Filter cache stats
   fhGETS: 316430012 # Filtered GETS hits
   fhGETX: 75426361 # Filtered GETX hits
   hGETS: 27745424 # GETS hits
   hGETX: 23945778 # GETX hits
   mGETS: 2670944 # GETS misses
   mGETXIM: 2200216 # GETX I->M misses
   mGETXSM: 4 # GETX S->M misses (upgrade misses)
   PUTS: 0 # Clean evictions (from lower level)
   PUTX: 0 # Dirty evictions (from lower level)
   INV: 16991 # Invalidates (from upper level)
   INVX: 137 # Downgrades (from upper level)
   FWD: 0 # Forwards (from upper level)
   latGETnl: 51550231 # GET request latency on next level
   latGETnet: 0 # GET request latency on network to next level
  l1d-2: # Filter cache stats
   fhGETS: 318280316 # Filtered GETS hits
   fhGETX: 75634966 # Filtered GETX hits
   hGETS: 25880793 # GETS hits
   hGETX: 23719420 # GETX hits
   mGETS: 2674778 # GETS misses
   mGETXIM: 2212339 # GETX I->M misses
   mGETXSM: 6 # GETX S->M misses (upgrade misses)
   PUTS: 0 # Clean evictions (from lower level)
   PUTX: 0 # Dirty evictions (from lower level)
   INV: 17555 # Invalidates (from upper level)
   INVX: 120 # Downgrades (from upper level)
   FWD: 0 # Forwards (from upper level)
   latGETnl: 51741313 # GET request latency on next level
   latGETnet: 0 # GET request latency on network to next level
  l1d-3: # Filter cache stats
   fhGETS: 319234491 # Filtered GETS hits
   fhGETX: 75763189 # Filtered GETX hits
   hGETS: 24929482 # GETS hits
   hGETX: 23592368 # GETX hits
   mGETS: 2669719 # GETS misses
   mGETXIM: 2210020 # GETX I->M misses
   mGETXSM: 6 # GETX S->M misses (upgrade misses)
   PUTS: 0 # Clean evictions (from lower level)
   PUTX: 0 # Dirty evictions (from lower level)
   INV: 17977 # Invalidates (from upper level)
   INVX: 43 # Downgrades (from upper level)
   FWD: 0 # Forwards (from upper level)
   latGETnl: 51709062 # GET request latency on next level
   latGETnet: 0 # GET request latency on network to next level
  l1d-4: # Filter cache stats
   fhGETS: 318920668 # Filtered GETS hits
   fhGETX: 75806448 # Filtered GETX hits
   hGETS: 25252052 # GETS hits
   hGETX: 23552647 # GETX hits
   mGETS: 2670484 # GETS misses
   mGETXIM: 2212667 # GETX I->M misses
   mGETXSM: 6 # GETX S->M misses (upgrade misses)
   PUTS: 0 # Clean evictions (from lower level)
   PUTX: 0 # Dirty evictions (from lower level)
   INV: 17415 # Invalidates (from upper level)
   INVX: 99 # Downgrades (from upper level)
   FWD: 0 # Forwards (from upper level)
   latGETnl: 51679420 # GET request latency on next level
   latGETnet: 0 # GET request latency on network to next level
  l1d-5: # Filter cache stats
   fhGETS: 0 # Filtered GETS hits
   fhGETX: 0 # Filtered GETX hits
   hGETS: 0 # GETS hits
   hGETX: 0 # GETX hits
   mGETS: 0 # GETS misses
   mGETXIM: 0 # GETX I->M misses
   mGETXSM: 0 # GETX S->M misses (upgrade misses)
   PUTS: 0 # Clean evictions (from lower level)
   PUTX: 0 # Dirty evictions (from lower level)
   INV: 0 # Invalidates (from upper level)
   INVX: 0 # Downgrades (from upper level)
   FWD: 0 # Forwards (from upper level)
   latGETnl: 0 # GET request latency on next level
   latGETnet: 0 # GET request latency on network to next level
  l1d-6: # Filter cache stats
   fhGETS: 0 # Filtered GETS hits
   fhGETX: 0 # Filtered GETX hits
   hGETS: 0 # GETS hits
   hGETX: 0 # GETX hits
   mGETS: 0 # GETS misses
   mGETXIM: 0 # GETX I->M misses
   mGETXSM: 0 # GETX S->M misses (upgrade misses)
   PUTS: 0 # Clean evictions (from lower level)
   PUTX: 0 # Dirty evictions (from lower level)
   INV: 0 # Invalidates (from upper level)
   INVX: 0 # Downgrades (from upper level)
   FWD: 0 # Forwards (from upper level)
   latGETnl: 0 # GET request latency on next level
   latGETnet: 0 # GET request latency on network to next level
  l1d-7: # Filter cache stats
   fhGETS: 0 # Filtered GETS hits
   fhGETX: 0 # Filtered GETX hits
   hGETS: 0 # GETS hits
   hGETX: 0 # GETX hits
   mGETS: 0 # GETS misses
   mGETXIM: 0 # GETX I->M misses
   mGETXSM: 0 # GETX S->M misses (upgrade misses)
   PUTS: 0 # Clean evictions (from lower level)
   PUTX: 0 # Dirty evictions (from lower level)
   INV: 0 # Invalidates (from upper level)
   INVX: 0 # Downgrades (from upper level)
   FWD: 0 # Forwards (from upper level)
   latGETnl: 0 # GET request latency on next level
   latGETnet: 0 # GET request latency on network to next level
 l2: # Cache stats
  l2-0: # Cache stats
   hGETS: 0 # GETS hits
   hGETX: 0 # GETX hits
   mGETS: 148 # GETS misses
   mGETXIM: 87 # GETX I->M misses
   mGETXSM: 7 # GETX S->M misses (upgrade misses)
   PUTS: 0 # Clean evictions (from lower level)
   PUTX: 0 # Dirty evictions (from lower level)
   INV: 94 # Invalidates (from upper level)
   INVX: 25 # Downgrades (from upper level)
   FWD: 0 # Forwards (from upper level)
   latGETnl: 26708 # GET request latency on next level
   latGETnet: 0 # GET request latency on network to next level
  l2-1: # Cache stats
   hGETS: 2749215 # GETS hits
   hGETX: 2186852 # GETX hits
   mGETS: 12351 # GETS misses
   mGETXIM: 13364 # GETX I->M misses
   mGETXSM: 4 # GETX S->M misses (upgrade misses)
   PUTS: 2374424 # Clean evictions (from lower level)
   PUTX: 2569364 # Dirty evictions (from lower level)
   INV: 23574 # Invalidates (from upper level)
   INVX: 137 # Downgrades (from upper level)
   FWD: 0 # Forwards (from upper level)
   latGETnl: 2874981 # GET request latency on next level
   latGETnet: 0 # GET request latency on network to next level
  l2-2: # Cache stats
   hGETS: 2753056 # GETS hits
   hGETX: 2198663 # GETX hits
   mGETS: 12336 # GETS misses
   mGETXIM: 13676 # GETX I->M misses
   mGETXSM: 6 # GETX S->M misses (upgrade misses)
   PUTS: 2375053 # Clean evictions (from lower level)
   PUTX: 2584121 # Dirty evictions (from lower level)
   INV: 23865 # Invalidates (from upper level)
   INVX: 120 # Downgrades (from upper level)
   FWD: 0 # Forwards (from upper level)
   latGETnl: 2898535 # GET request latency on next level
   latGETnet: 0 # GET request latency on network to next level
  l2-3: # Cache stats
   hGETS: 2747331 # GETS hits
   hGETX: 2196586 # GETX hits
   mGETS: 13009 # GETS misses
   mGETXIM: 13434 # GETX I->M misses
   mGETXSM: 6 # GETX S->M misses (upgrade misses)
   PUTS: 2372714 # Clean evictions (from lower level)
   PUTX: 2578666 # Dirty evictions (from lower level)
   INV: 24298 # Invalidates (from upper level)
   INVX: 43 # Downgrades (from upper level)
   FWD: 0 # Forwards (from upper level)
   latGETnl: 2933134 # GET request latency on next level
   latGETnet: 0 # GET request latency on network to next level
  l2-4: # Cache stats
   hGETS: 2748453 # GETS hits
   hGETX: 2199490 # GETX hits
   mGETS: 12656 # GETS misses
   mGETXIM: 13177 # GETX I->M misses
   mGETXSM: 6 # GETX S->M misses (upgrade misses)
   PUTS: 2373602 # Clean evictions (from lower level)
   PUTX: 2581757 # Dirty evictions (from lower level)
   INV: 23704 # Invalidates (from upper level)
   INVX: 100 # Downgrades (from upper level)
   FWD: 0 # Forwards (from upper level)
   latGETnl: 2875018 # GET request latency on next level
   latGETnet: 0 # GET request latency on network to next level
  l2-5: # Cache stats
   hGETS: 0 # GETS hits
   hGETX: 0 # GETX hits
   mGETS: 0 # GETS misses
   mGETXIM: 0 # GETX I->M misses
   mGETXSM: 0 # GETX S->M misses (upgrade misses)
   PUTS: 0 # Clean evictions (from lower level)
   PUTX: 0 # Dirty evictions (from lower level)
   INV: 0 # Invalidates (from upper level)
   INVX: 0 # Downgrades (from upper level)
   FWD: 0 # Forwards (from upper level)
   latGETnl: 0 # GET request latency on next level
   latGETnet: 0 # GET request latency on network to next level
  l2-6: # Cache stats
   hGETS: 0 # GETS hits
   hGETX: 0 # GETX hits
   mGETS: 0 # GETS misses
   mGETXIM: 0 # GETX I->M misses
   mGETXSM: 0 # GETX S->M misses (upgrade misses)
   PUTS: 0 # Clean evictions (from lower level)
   PUTX: 0 # Dirty evictions (from lower level)
   INV: 0 # Invalidates (from upper level)
   INVX: 0 # Downgrades (from upper level)
   FWD: 0 # Forwards (from upper level)
   latGETnl: 0 # GET request latency on next level
   latGETnet: 0 # GET request latency on network to next level
  l2-7: # Cache stats
   hGETS: 0 # GETS hits
   hGETX: 0 # GETX hits
   mGETS: 0 # GETS misses
   mGETXIM: 0 # GETX I->M misses
   mGETXSM: 0 # GETX S->M misses (upgrade misses)
   PUTS: 0 # Clean evictions (from lower level)
   PUTX: 0 # Dirty evictions (from lower level)
   INV: 0 # Invalidates (from upper level)
   INVX: 0 # Downgrades (from upper level)
   FWD: 0 # Forwards (from upper level)
   latGETnl: 0 # GET request latency on next level
   latGETnet: 0 # GET request latency on network to next level
 l3: # Cache stats
  l3-0b0: # Cache stats
   hGETS: 377 # GETS hits
   hGETX: 3 # GETX hits
   mGETS: 315 # GETS misses
   mGETXIM: 1057 # GETX I->M misses
   mGETXSM: 0 # GETX S->M misses (upgrade misses)
   PUTS: 0 # Clean evictions (from lower level)
   PUTX: 0 # Dirty evictions (from lower level)
   INV: 0 # Invalidates (from upper level)
   INVX: 0 # Downgrades (from upper level)
   FWD: 0 # Forwards (from upper level)
   latGETnl: 123480 # GET request latency on next level
   latGETnet: 0 # GET request latency on network to next level
  l3-0b1: # Cache stats
   hGETS: 391 # GETS hits
   hGETX: 7 # GETX hits
   mGETS: 325 # GETS misses
   mGETXIM: 1055 # GETX I->M misses
   mGETXSM: 0 # GETX S->M misses (upgrade misses)
   PUTS: 0 # Clean evictions (from lower level)
   PUTX: 0 # Dirty evictions (from lower level)
   INV: 0 # Invalidates (from upper level)
   INVX: 0 # Downgrades (from upper level)
   FWD: 0 # Forwards (from upper level)
   latGETnl: 124200 # GET request latency on next level
   latGETnet: 0 # GET request latency on network to next level
  l3-0b2: # Cache stats
   hGETS: 402 # GETS hits
   hGETX: 7 # GETX hits
   mGETS: 308 # GETS misses
   mGETXIM: 1080 # GETX I->M misses
   mGETXSM: 0 # GETX S->M misses (upgrade misses)
   PUTS: 0 # Clean evictions (from lower level)
   PUTX: 0 # Dirty evictions (from lower level)
   INV: 0 # Invalidates (from upper level)
   INVX: 0 # Downgrades (from upper level)
   FWD: 0 # Forwards (from upper level)
   latGETnl: 124920 # GET request latency on next level
   latGETnet: 0 # GET request latency on network to next level
  l3-0b3: # Cache stats
   hGETS: 374 # GETS hits
   hGETX: 3 # GETX hits
   mGETS: 325 # GETS misses
   mGETXIM: 1059 # GETX I->M misses
   mGETXSM: 0 # GETX S->M misses (upgrade misses)
   PUTS: 0 # Clean evictions (from lower level)
   PUTX: 0 # Dirty evictions (from lower level)
   INV: 0 # Invalidates (from upper level)
   INVX: 0 # Downgrades (from upper level)
   FWD: 0 # Forwards (from upper level)
   latGETnl: 124560 # GET request latency on next level
   latGETnet: 0 # GET request latency on network to next level
  l3-0b4: # Cache stats
   hGETS: 377 # GETS hits
   hGETX: 2 # GETX hits
   mGETS: 323 # GETS misses
   mGETXIM: 1080 # GETX I->M misses
   mGETXSM: 0 # GETX S->M misses (upgrade misses)
   PUTS: 0 # Clean evictions (from lower level)
   PUTX: 0 # Dirty evictions (from lower level)
   INV: 0 # Invalidates (from upper level)
   INVX: 0 # Downgrades (from upper level)
   FWD: 0 # Forwards (from upper level)
   latGETnl: 126270 # GET request latency on next level
   latGETnet: 0 # GET request latency on network to next level
  l3-0b5: # Cache stats
   hGETS: 400 # GETS hits
   hGETX: 7 # GETX hits
   mGETS: 21228 # GETS misses
   mGETXIM: 21956 # GETX I->M misses
   mGETXSM: 0 # GETX S->M misses (upgrade misses)
   PUTS: 0 # Clean evictions (from lower level)
   PUTX: 0 # Dirty evictions (from lower level)
   INV: 0 # Invalidates (from upper level)
   INVX: 0 # Downgrades (from upper level)
   FWD: 0 # Forwards (from upper level)
   latGETnl: 3886560 # GET request latency on next level
   latGETnet: 0 # GET request latency on network to next level
  l3-0b6: # Cache stats
   hGETS: 380 # GETS hits
   hGETX: 7 # GETX hits
   mGETS: 18698 # GETS misses
   mGETXIM: 19803 # GETX I->M misses
   mGETXSM: 0 # GETX S->M misses (upgrade misses)
   PUTS: 0 # Clean evictions (from lower level)
   PUTX: 0 # Dirty evictions (from lower level)
   INV: 0 # Invalidates (from upper level)
   INVX: 0 # Downgrades (from upper level)
   FWD: 0 # Forwards (from upper level)
   latGETnl: 3465090 # GET request latency on next level
   latGETnet: 0 # GET request latency on network to next level
  l3-0b7: # Cache stats
   hGETS: 401 # GETS hits
   hGETX: 9 # GETX hits
   mGETS: 5876 # GETS misses
   mGETXIM: 6632 # GETX I->M misses
   mGETXSM: 0 # GETX S->M misses (upgrade misses)
   PUTS: 0 # Clean evictions (from lower level)
   PUTX: 0 # Dirty evictions (from lower level)
   INV: 0 # Invalidates (from upper level)
   INVX: 0 # Downgrades (from upper level)
   FWD: 0 # Forwards (from upper level)
   latGETnl: 1125720 # GET request latency on next level
   latGETnet: 0 # GET request latency on network to next level
 mem: # Memory controller stats
  mem-0: # Memory controller stats
   rd: 13911 # Read requests
   wr: 12371 # Write requests
   rdlat: 1965700 # Total latency experienced by read requests
   wrlat: 3263947 # Total latency experienced by write requests
   rdhits: 287 # Read row hits
   wrhits: 187 # Write row hits
   mlh: # latency histogram for memory requests
    0: 0
    1: 0
    2: 0
    3: 0
    4: 0
    5: 0
    6: 0
    7: 0
    8: 0
    9: 0
    10: 0
    11: 10
    12: 23
    13: 12132
    14: 326
    15: 200
    16: 183
    17: 86
    18: 50
    19: 65
    20: 101
    21: 94
    22: 116
    23: 78
    24: 63
    25: 38
    26: 19
    27: 24
    28: 23
    29: 23
    30: 20
    31: 20
    32: 20
    33: 21
    34: 22
    35: 26
    36: 17
    37: 25
    38: 16
    39: 11
    40: 12
    41: 15
    42: 8
    43: 7
    44: 4
    45: 2
    46: 6
    47: 2
    48: 2
    49: 0
    50: 0
    51: 1
    52: 0
    53: 0
    54: 0
    55: 0
    56: 0
    57: 0
    58: 0
    59: 0
    60: 0
    61: 0
    62: 0
    63: 0
    64: 0
    65: 0
    66: 0
    67: 0
    68: 0
    69: 0
    70: 0
    71: 0
    72: 0
    73: 0
    74: 0
    75: 0
    76: 0
    77: 0
    78: 0
    79: 0
    80: 0
    81: 0
    82: 0
    83: 0
    84: 0
    85: 0
    86: 0
    87: 0
    88: 0
    89: 0
    90: 0
    91: 0
    92: 0
    93: 0
    94: 0
    95: 0
    96: 0
    97: 0
    98: 0
    99: 0
  mem-1: # Memory controller stats
   rd: 39891 # Read requests
   wr: 26801 # Write requests
   rdlat: 5972425 # Total latency experienced by read requests
   wrlat: 8782446 # Total latency experienced by write requests
   rdhits: 1310 # Read row hits
   wrhits: 2029 # Write row hits
   mlh: # latency histogram for memory requests
    0: 0
    1: 0
    2: 0
    3: 0
    4: 0
    5: 0
    6: 0
    7: 0
    8: 0
    9: 0
    10: 0
    11: 11
    12: 91
    13: 29787
    14: 1785
    15: 1163
    16: 955
    17: 524
    18: 592
    19: 531
    20: 562
    21: 465
    22: 468
    23: 377
    24: 1108
    25: 357
    26: 74
    27: 187
    28: 122
    29: 58
    30: 80
    31: 56
    32: 74
    33: 47
    34: 48
    35: 35
    36: 26
    37: 49
    38: 35
    39: 27
    40: 33
    41: 25
    42: 25
    43: 22
    44: 7
    45: 16
    46: 11
    47: 15
    48: 6
    49: 2
    50: 6
    51: 4
    52: 6
    53: 1
    54: 2
    55: 1
    56: 4
    57: 3
    58: 2
    59: 1
    60: 2
    61: 0
    62: 0
    63: 1
    64: 0
    65: 0
    66: 0
    67: 1
    68: 1
    69: 0
    70: 0
    71: 0
    72: 0
    73: 0
    74: 0
    75: 0
    76: 0
    77: 0
    78: 0
    79: 0
    80: 0
    81: 0
    82: 0
    83: 0
    84: 0
    85: 0
    86: 0
    87: 0
    88: 0
    89: 0
    90: 0
    91: 0
    92: 0
    93: 0
    94: 0
    95: 0
    96: 0
    97: 0
    98: 0
    99: 0
  mem-2: # Memory controller stats
   rd: 44558 # Read requests
   wr: 27215 # Write requests
   rdlat: 6367514 # Total latency experienced by read requests
   wrlat: 7513800 # Total latency experienced by write requests
   rdhits: 3746 # Read row hits
   wrhits: 3822 # Write row hits
   mlh: # latency histogram for memory requests
    0: 0
    1: 0
    2: 0
    3: 0
    4: 0
    5: 0
    6: 0
    7: 0
    8: 0
    9: 0
    10: 0
    11: 10
    12: 27
    13: 35306
    14: 4370
    15: 710
    16: 382
    17: 256
    18: 204
    19: 244
    20: 189
    21: 138
    22: 1537
    23: 148
    24: 158
    25: 139
    26: 37
    27: 46
    28: 43
    29: 39
    30: 44
    31: 39
    32: 46
    33: 38
    34: 42
    35: 40
    36: 49
    37: 37
    38: 51
    39: 28
    40: 25
    41: 27
    42: 29
    43: 17
    44: 10
    45: 17
    46: 10
    47: 6
    48: 9
    49: 3
    50: 2
    51: 1
    52: 3
    53: 2
    54: 0
    55: 0
    56: 0
    57: 0
    58: 0
    59: 0
    60: 0
    61: 0
    62: 0
    63: 0
    64: 0
    65: 0
    66: 0
    67: 0
    68: 0
    69: 0
    70: 0
    71: 0
    72: 0
    73: 0
    74: 0
    75: 0
    76: 0
    77: 0
    78: 0
    79: 0
    80: 0
    81: 0
    82: 0
    83: 0
    84: 0
    85: 0
    86: 0
    87: 0
    88: 0
    89: 0
    90: 0
    91: 0
    92: 0
    93: 0
    94: 0
    95: 0
    96: 0
    97: 0
    98: 0
    99: 0
  mem-3: # Memory controller stats
   rd: 2760 # Read requests
   wr: 1313 # Write requests
   rdlat: 440378 # Total latency experienced by read requests
   wrlat: 349547 # Total latency experienced by write requests
   rdhits: 263 # Read row hits
   wrhits: 107 # Write row hits
   mlh: # latency histogram for memory requests
    0: 0
    1: 0
    2: 0
    3: 0
    4: 0
    5: 0
    6: 0
    7: 0
    8: 0
    9: 0
    10: 0
    11: 8
    12: 18
    13: 1716
    14: 271
    15: 190
    16: 103
    17: 23
    18: 19
    19: 24
    20: 32
    21: 23
    22: 35
    23: 28
    24: 31
    25: 18
    26: 22
    27: 32
    28: 15
    29: 18
    30: 11
    31: 13
    32: 13
    33: 10
    34: 9
    35: 7
    36: 8
    37: 6
    38: 2
    39: 8
    40: 6
    41: 6
    42: 6
    43: 1
    44: 3
    45: 2
    46: 6
    47: 3
    48: 4
    49: 0
    50: 1
    51: 1
    52: 2
    53: 0
    54: 0
    55: 1
    56: 2
    57: 0
    58: 0
    59: 0
    60: 0
    61: 0
    62: 0
    63: 0
    64: 0
    65: 0
    66: 1
    67: 0
    68: 2
    69: 0
    70: 0
    71: 0
    72: 0
    73: 0
    74: 0
    75: 0
    76: 0
    77: 0
    78: 0
    79: 0
    80: 0
    81: 0
    82: 0
    83: 0
    84: 0
    85: 0
    86: 0
    87: 0
    88: 0
    89: 0
    90: 0
    91: 0
    92: 0
    93: 0
    94: 0
    95: 0
    96: 0
    97: 0
    98: 0
    99: 0
 sched: # Scheduler stats
  thCr: 5 # Threads created
  thFn: 0 # Threads finished
  schedEvs: 5 # Schedule events
  waitEvs: 0 # Wait events
  handoffEvs: 0 # Handoff events
  sleepEvs: 0 # Sleep events
  idlePhases: 0 # Phases with no thread active
  idlePeriods: 0 # Periods with no thread active
  occHist: # Occupancy histogram
   0: 0
   1: 0
   2: 1
   3: 0
   4: 0
   5: 78829
   6: 0
   7: 0
   8: 0
  rqSzHist: # Run queue size histogram
   0: 78830
   1: 0
   2: 0
   3: 0
   4: 0
   5: 0
   6: 0
   7: 0
   8: 0
   9: 0
   10: 0
   11: 0
   12: 0
   13: 0
   14: 0
   15: 0
   16: 0
 procCycles: # Per-process unhalted core cycles
  0: 3153192731
  1: 0
  2: 0
  3: 0
  4: 0
  5: 0
  6: 0
  7: 0
  8: 0
  9: 0
  10: 0
  11: 0
  12: 0
  13: 0
  14: 0
  15: 0
  16: 0
  17: 0
  18: 0
  19: 0
  20: 0
  21: 0
  22: 0
  23: 0
  24: 0
  25: 0
  26: 0
  27: 0
  28: 0
  29: 0
  30: 0
  31: 0
  32: 0
  33: 0
  34: 0
  35: 0
  36: 0
  37: 0
  38: 0
  39: 0
  40: 0
  41: 0
  42: 0
  43: 0
  44: 0
  45: 0
  46: 0
  47: 0
  48: 0
  49: 0
  50: 0
  51: 0
  52: 0
  53: 0
  54: 0
  55: 0
  56: 0
  57: 0
  58: 0
  59: 0
  60: 0
  61: 0
  62: 0
  63: 0
 procInstrs: # Per-process instructions
  0: 5000008792
  1: 0
  2: 0
  3: 0
  4: 0
  5: 0
  6: 0
  7: 0
  8: 0
  9: 0
  10: 0
  11: 0
  12: 0
  13: 0
  14: 0
  15: 0
  16: 0
  17: 0
  18: 0
  19: 0
  20: 0
  21: 0
  22: 0
  23: 0
  24: 0
  25: 0
  26: 0
  27: 0
  28: 0
  29: 0
  30: 0
  31: 0
  32: 0
  33: 0
  34: 0
  35: 0
  36: 0
  37: 0
  38: 0
  39: 0
  40: 0
  41: 0
  42: 0
  43: 0
  44: 0
  45: 0
  46: 0
  47: 0
  48: 0
  49: 0
  50: 0
  51: 0
  52: 0
  53: 0
  54: 0
  55: 0
  56: 0
  57: 0
  58: 0
  59: 0
  60: 0
  61: 0
  62: 0
  63: 0
 heartbeats: # Per-process heartbeats
  0: 0
  1: 0
  2: 0
  3: 0
  4: 0
  5: 0
  6: 0
  7: 0
  8: 0
  9: 0
  10: 0
  11: 0
  12: 0
  13: 0
  14: 0
  15: 0
  16: 0
  17: 0
  18: 0
  19: 0
  20: 0
  21: 0
  22: 0
  23: 0
  24: 0
  25: 0
  26: 0
  27: 0
  28: 0
  29: 0
  30: 0
  31: 0
  32: 0
  33: 0
  34: 0
  35: 0
  36: 0
  37: 0
  38: 0
  39: 0
  40: 0
  41: 0
  42: 0
  43: 0
  44: 0
  45: 0
  46: 0
  47: 0
  48: 0
  49: 0
  50: 0
  51: 0
  52: 0
  53: 0
  54: 0
  55: 0
  56: 0
  57: 0
  58: 0
  59: 0
  60: 0
  61: 0
  62: 0
  63: 0
===
