# zsim stats
===
root: # Stats
 contention: # Contention simulation stats
  domain-0: # Domain stats
   time: 346311108 # Weave simulation time
 time: # Simulator time breakdown
  init: 6257771961
  bound: 98510017246
  weave: 2733734189
  ff: 14184050
 trigger: 20000 # Reason for this stats dump
 phase: 37202 # Simulated phases
 westmere: # Core stats
  westmere-0: # Core stats
   cycles: 372014729 # Simulated unhalted cycles
   cCycles: 85792 # Cycles due to contention stalls
   instrs: 507838614 # Simulated instructions
   uops: 621931270 # Retired micro-ops
   bbls: 48855703 # Basic blocks
   approxInstrs: 6665768 # Instrs with approx uop decoding
   mispredBranches: 242356 # Mispredicted branches
   condBranches: 30583394 # conditional branches
  westmere-1: # Core stats
   cycles: 371875097 # Simulated unhalted cycles
   cCycles: 85671 # Cycles due to contention stalls
   instrs: 507826013 # Simulated instructions
   uops: 621914800 # Retired micro-ops
   bbls: 48856747 # Basic blocks
   approxInstrs: 6666304 # Instrs with approx uop decoding
   mispredBranches: 242322 # Mispredicted branches
   condBranches: 30582723 # conditional branches
  westmere-2: # Core stats
   cycles: 371866967 # Simulated unhalted cycles
   cCycles: 85963 # Cycles due to contention stalls
   instrs: 507838513 # Simulated instructions
   uops: 621931700 # Retired micro-ops
   bbls: 48854447 # Basic blocks
   approxInstrs: 6666504 # Instrs with approx uop decoding
   mispredBranches: 242499 # Mispredicted branches
   condBranches: 30582523 # conditional branches
  westmere-3: # Core stats
   cycles: 371906283 # Simulated unhalted cycles
   cCycles: 85877 # Cycles due to contention stalls
   instrs: 507819013 # Simulated instructions
   uops: 621906700 # Retired micro-ops
   bbls: 48856447 # Basic blocks
   approxInstrs: 6665804 # Instrs with approx uop decoding
   mispredBranches: 244689 # Mispredicted branches
   condBranches: 30582823 # conditional branches
  westmere-4: # Core stats
   cycles: 371900891 # Simulated unhalted cycles
   cCycles: 88372 # Cycles due to contention stalls
   instrs: 507858713 # Simulated instructions
   uops: 621955800 # Retired micro-ops
   bbls: 48856747 # Basic blocks
   approxInstrs: 6668804 # Instrs with approx uop decoding
   mispredBranches: 242392 # Mispredicted branches
   condBranches: 30582323 # conditional branches
  westmere-5: # Core stats
   cycles: 371920177 # Simulated unhalted cycles
   cCycles: 83930 # Cycles due to contention stalls
   instrs: 507846413 # Simulated instructions
   uops: 621940300 # Retired micro-ops
   bbls: 48859247 # Basic blocks
   approxInstrs: 6669604 # Instrs with approx uop decoding
   mispredBranches: 243301 # Mispredicted branches
   condBranches: 30582723 # conditional branches
  westmere-6: # Core stats
   cycles: 371937104 # Simulated unhalted cycles
   cCycles: 84624 # Cycles due to contention stalls
   instrs: 507837413 # Simulated instructions
   uops: 621928900 # Retired micro-ops
   bbls: 48855047 # Basic blocks
   approxInstrs: 6666004 # Instrs with approx uop decoding
   mispredBranches: 244958 # Mispredicted branches
   condBranches: 30582423 # conditional branches
  westmere-7: # Core stats
   cycles: 371878236 # Simulated unhalted cycles
   cCycles: 84022 # Cycles due to contention stalls
   instrs: 507835248 # Simulated instructions
   uops: 621928216 # Retired micro-ops
   bbls: 48857802 # Basic blocks
   approxInstrs: 6667527 # Instrs with approx uop decoding
   mispredBranches: 242671 # Mispredicted branches
   condBranches: 30583628 # conditional branches
 l1i: # Cache stats
  l1i-0: # Filter cache stats
   fhGETS: 54378937 # Filtered GETS hits
   fhGETX: 0 # Filtered GETX hits
   hGETS: 15624239 # GETS hits
   hGETX: 0 # GETX hits
   mGETS: 196 # GETS misses
   mGETXIM: 0 # GETX I->M misses
   mGETXSM: 0 # GETX S->M misses (upgrade misses)
   PUTS: 0 # Clean evictions (from lower level)
   PUTX: 0 # Dirty evictions (from lower level)
   INV: 0 # Invalidates (from upper level)
   INVX: 0 # Downgrades (from upper level)
   FWD: 0 # Forwards (from upper level)
   latGETnl: 16744 # GET request latency on next level
   latGETnet: 0 # GET request latency on network to next level
  l1i-1: # Filter cache stats
   fhGETS: 54385411 # Filtered GETS hits
   fhGETX: 0 # Filtered GETX hits
   hGETS: 15618608 # GETS hits
   hGETX: 0 # GETX hits
   mGETS: 85 # GETS misses
   mGETXIM: 0 # GETX I->M misses
   mGETXSM: 0 # GETX S->M misses (upgrade misses)
   PUTS: 0 # Clean evictions (from lower level)
   PUTX: 0 # Dirty evictions (from lower level)
   INV: 0 # Invalidates (from upper level)
   INVX: 0 # Downgrades (from upper level)
   FWD: 0 # Forwards (from upper level)
   latGETnl: 8830 # GET request latency on next level
   latGETnet: 0 # GET request latency on network to next level
  l1i-2: # Filter cache stats
   fhGETS: 54370557 # Filtered GETS hits
   fhGETX: 0 # Filtered GETX hits
   hGETS: 15632352 # GETS hits
   hGETX: 0 # GETX hits
   mGETS: 88 # GETS misses
   mGETXIM: 0 # GETX I->M misses
   mGETXSM: 0 # GETX S->M misses (upgrade misses)
   PUTS: 0 # Clean evictions (from lower level)
   PUTX: 0 # Dirty evictions (from lower level)
   INV: 0 # Invalidates (from upper level)
   INVX: 0 # Downgrades (from upper level)
   FWD: 0 # Forwards (from upper level)
   latGETnl: 3622 # GET request latency on next level
   latGETnet: 0 # GET request latency on network to next level
  l1i-3: # Filter cache stats
   fhGETS: 54387779 # Filtered GETS hits
   fhGETX: 0 # Filtered GETX hits
   hGETS: 15627585 # GETS hits
   hGETX: 0 # GETX hits
   mGETS: 88 # GETS misses
   mGETXIM: 0 # GETX I->M misses
   mGETXSM: 0 # GETX S->M misses (upgrade misses)
   PUTS: 0 # Clean evictions (from lower level)
   PUTX: 0 # Dirty evictions (from lower level)
   INV: 0 # Invalidates (from upper level)
   INVX: 0 # Downgrades (from upper level)
   FWD: 0 # Forwards (from upper level)
   latGETnl: 2992 # GET request latency on next level
   latGETnet: 0 # GET request latency on network to next level
  l1i-4: # Filter cache stats
   fhGETS: 54375496 # Filtered GETS hits
   fhGETX: 0 # Filtered GETX hits
   hGETS: 15629578 # GETS hits
   hGETX: 0 # GETX hits
   mGETS: 88 # GETS misses
   mGETXIM: 0 # GETX I->M misses
   mGETXSM: 0 # GETX S->M misses (upgrade misses)
   PUTS: 0 # Clean evictions (from lower level)
   PUTX: 0 # Dirty evictions (from lower level)
   INV: 0 # Invalidates (from upper level)
   INVX: 0 # Downgrades (from upper level)
   FWD: 0 # Forwards (from upper level)
   latGETnl: 2992 # GET request latency on next level
   latGETnet: 0 # GET request latency on network to next level
  l1i-5: # Filter cache stats
   fhGETS: 54385494 # Filtered GETS hits
   fhGETX: 0 # Filtered GETX hits
   hGETS: 15625721 # GETS hits
   hGETX: 0 # GETX hits
   mGETS: 85 # GETS misses
   mGETXIM: 0 # GETX I->M misses
   mGETXSM: 0 # GETX S->M misses (upgrade misses)
   PUTS: 0 # Clean evictions (from lower level)
   PUTX: 0 # Dirty evictions (from lower level)
   INV: 0 # Invalidates (from upper level)
   INVX: 0 # Downgrades (from upper level)
   FWD: 0 # Forwards (from upper level)
   latGETnl: 2890 # GET request latency on next level
   latGETnet: 0 # GET request latency on network to next level
  l1i-6: # Filter cache stats
   fhGETS: 54384882 # Filtered GETS hits
   fhGETX: 0 # Filtered GETX hits
   hGETS: 15631227 # GETS hits
   hGETX: 0 # GETX hits
   mGETS: 87 # GETS misses
   mGETXIM: 0 # GETX I->M misses
   mGETXSM: 0 # GETX S->M misses (upgrade misses)
   PUTS: 0 # Clean evictions (from lower level)
   PUTX: 0 # Dirty evictions (from lower level)
   INV: 0 # Invalidates (from upper level)
   INVX: 0 # Downgrades (from upper level)
   FWD: 0 # Forwards (from upper level)
   latGETnl: 2958 # GET request latency on next level
   latGETnet: 0 # GET request latency on network to next level
  l1i-7: # Filter cache stats
   fhGETS: 54376936 # Filtered GETS hits
   fhGETX: 0 # Filtered GETX hits
   hGETS: 15629286 # GETS hits
   hGETX: 0 # GETX hits
   mGETS: 237 # GETS misses
   mGETXIM: 0 # GETX I->M misses
   mGETXSM: 0 # GETX S->M misses (upgrade misses)
   PUTS: 0 # Clean evictions (from lower level)
   PUTX: 0 # Dirty evictions (from lower level)
   INV: 0 # Invalidates (from upper level)
   INVX: 0 # Downgrades (from upper level)
   FWD: 0 # Forwards (from upper level)
   latGETnl: 20118 # GET request latency on next level
   latGETnet: 0 # GET request latency on network to next level
 l1d: # Cache stats
  l1d-0: # Filter cache stats
   fhGETS: 96463081 # Filtered GETS hits
   fhGETX: 39154332 # Filtered GETX hits
   hGETS: 9704197 # GETS hits
   hGETX: 1995885 # GETX hits
   mGETS: 452907 # GETS misses
   mGETXIM: 51433 # GETX I->M misses
   mGETXSM: 8 # GETX S->M misses (upgrade misses)
   PUTS: 0 # Clean evictions (from lower level)
   PUTX: 0 # Dirty evictions (from lower level)
   INV: 36 # Invalidates (from upper level)
   INVX: 37 # Downgrades (from upper level)
   FWD: 0 # Forwards (from upper level)
   latGETnl: 7326880 # GET request latency on next level
   latGETnet: 0 # GET request latency on network to next level
  l1d-1: # Filter cache stats
   fhGETS: 96454886 # Filtered GETS hits
   fhGETX: 39148932 # Filtered GETX hits
   hGETS: 9700895 # GETS hits
   hGETX: 2000003 # GETX hits
   mGETS: 461980 # GETS misses
   mGETXIM: 51311 # GETX I->M misses
   mGETXSM: 2 # GETX S->M misses (upgrade misses)
   PUTS: 0 # Clean evictions (from lower level)
   PUTX: 0 # Dirty evictions (from lower level)
   INV: 107 # Invalidates (from upper level)
   INVX: 84 # Downgrades (from upper level)
   FWD: 0 # Forwards (from upper level)
   latGETnl: 6526068 # GET request latency on next level
   latGETnet: 0 # GET request latency on network to next level
  l1d-2: # Filter cache stats
   fhGETS: 96442609 # Filtered GETS hits
   fhGETX: 39157032 # Filtered GETX hits
   hGETS: 9727072 # GETS hits
   hGETX: 1992603 # GETX hits
   mGETS: 450080 # GETS misses
   mGETXIM: 51311 # GETX I->M misses
   mGETXSM: 2 # GETX S->M misses (upgrade misses)
   PUTS: 0 # Clean evictions (from lower level)
   PUTX: 0 # Dirty evictions (from lower level)
   INV: 104 # Invalidates (from upper level)
   INVX: 40 # Downgrades (from upper level)
   FWD: 0 # Forwards (from upper level)
   latGETnl: 6454405 # GET request latency on next level
   latGETnet: 0 # GET request latency on network to next level
  l1d-3: # Filter cache stats
   fhGETS: 96457109 # Filtered GETS hits
   fhGETX: 39154132 # Filtered GETX hits
   hGETS: 9703873 # GETS hits
   hGETX: 1994837 # GETX hits
   mGETS: 455379 # GETS misses
   mGETXIM: 51377 # GETX I->M misses
   mGETXSM: 2 # GETX S->M misses (upgrade misses)
   PUTS: 0 # Clean evictions (from lower level)
   PUTX: 0 # Dirty evictions (from lower level)
   INV: 160 # Invalidates (from upper level)
   INVX: 46 # Downgrades (from upper level)
   FWD: 0 # Forwards (from upper level)
   latGETnl: 6565281 # GET request latency on next level
   latGETnet: 0 # GET request latency on network to next level
  l1d-4: # Filter cache stats
   fhGETS: 96472711 # Filtered GETS hits
   fhGETX: 39162132 # Filtered GETX hits
   hGETS: 9696869 # GETS hits
   hGETX: 1987986 # GETX hits
   mGETS: 454281 # GETS misses
   mGETXIM: 51428 # GETX I->M misses
   mGETXSM: 2 # GETX S->M misses (upgrade misses)
   PUTS: 0 # Clean evictions (from lower level)
   PUTX: 0 # Dirty evictions (from lower level)
   INV: 226 # Invalidates (from upper level)
   INVX: 31 # Downgrades (from upper level)
   FWD: 0 # Forwards (from upper level)
   latGETnl: 6499759 # GET request latency on next level
   latGETnet: 0 # GET request latency on network to next level
  l1d-5: # Filter cache stats
   fhGETS: 96486798 # Filtered GETS hits
   fhGETX: 39161932 # Filtered GETX hits
   hGETS: 9657118 # GETS hits
   hGETX: 1987970 # GETX hits
   mGETS: 477145 # GETS misses
   mGETXIM: 51344 # GETX I->M misses
   mGETXSM: 2 # GETX S->M misses (upgrade misses)
   PUTS: 0 # Clean evictions (from lower level)
   PUTX: 0 # Dirty evictions (from lower level)
   INV: 140 # Invalidates (from upper level)
   INVX: 18 # Downgrades (from upper level)
   FWD: 0 # Forwards (from upper level)
   latGETnl: 6678635 # GET request latency on next level
   latGETnet: 0 # GET request latency on network to next level
  l1d-6: # Filter cache stats
   fhGETS: 96464824 # Filtered GETS hits
   fhGETX: 39151032 # Filtered GETX hits
   hGETS: 9686553 # GETS hits
   hGETX: 1997999 # GETX hits
   mGETS: 468784 # GETS misses
   mGETXIM: 51315 # GETX I->M misses
   mGETXSM: 2 # GETX S->M misses (upgrade misses)
   PUTS: 0 # Clean evictions (from lower level)
   PUTX: 0 # Dirty evictions (from lower level)
   INV: 8 # Invalidates (from upper level)
   INVX: 18 # Downgrades (from upper level)
   FWD: 0 # Forwards (from upper level)
   latGETnl: 6627444 # GET request latency on next level
   latGETnet: 0 # GET request latency on network to next level
  l1d-7: # Filter cache stats
   fhGETS: 96444322 # Filtered GETS hits
   fhGETX: 39161203 # Filtered GETX hits
   hGETS: 9720436 # GETS hits
   hGETX: 1989357 # GETX hits
   mGETS: 454371 # GETS misses
   mGETXIM: 51329 # GETX I->M misses
   mGETXSM: 21 # GETX S->M misses (upgrade misses)
   PUTS: 0 # Clean evictions (from lower level)
   PUTX: 0 # Dirty evictions (from lower level)
   INV: 203 # Invalidates (from upper level)
   INVX: 10 # Downgrades (from upper level)
   FWD: 0 # Forwards (from upper level)
   latGETnl: 6519818 # GET request latency on next level
   latGETnet: 0 # GET request latency on network to next level
 l2: # Cache stats
  l2-0: # Cache stats
   hGETS: 383636 # GETS hits
   hGETX: 39699 # GETX hits
   mGETS: 69467 # GETS misses
   mGETXIM: 11734 # GETX I->M misses
   mGETXSM: 8 # GETX S->M misses (upgrade misses)
   PUTS: 452462 # Clean evictions (from lower level)
   PUTX: 51331 # Dirty evictions (from lower level)
   INV: 151 # Invalidates (from upper level)
   INVX: 58 # Downgrades (from upper level)
   FWD: 0 # Forwards (from upper level)
   latGETnl: 2298184 # GET request latency on next level
   latGETnet: 0 # GET request latency on network to next level
  l2-1: # Cache stats
   hGETS: 424116 # GETS hits
   hGETX: 44946 # GETX hits
   mGETS: 37949 # GETS misses
   mGETXIM: 6365 # GETX I->M misses
   mGETXSM: 2 # GETX S->M misses (upgrade misses)
   PUTS: 461528 # Clean evictions (from lower level)
   PUTX: 51146 # Dirty evictions (from lower level)
   INV: 107 # Invalidates (from upper level)
   INVX: 84 # Downgrades (from upper level)
   FWD: 0 # Forwards (from upper level)
   latGETnl: 1401118 # GET request latency on next level
   latGETnet: 0 # GET request latency on network to next level
  l2-2: # Cache stats
   hGETS: 410537 # GETS hits
   hGETX: 44551 # GETX hits
   mGETS: 39631 # GETS misses
   mGETXIM: 6760 # GETX I->M misses
   mGETXSM: 2 # GETX S->M misses (upgrade misses)
   PUTS: 449631 # Clean evictions (from lower level)
   PUTX: 51147 # Dirty evictions (from lower level)
   INV: 204 # Invalidates (from upper level)
   INVX: 40 # Downgrades (from upper level)
   FWD: 0 # Forwards (from upper level)
   latGETnl: 1443217 # GET request latency on next level
   latGETnet: 0 # GET request latency on network to next level
  l2-3: # Cache stats
   hGETS: 413850 # GETS hits
   hGETX: 44258 # GETX hits
   mGETS: 41617 # GETS misses
   mGETXIM: 7119 # GETX I->M misses
   mGETXSM: 2 # GETX S->M misses (upgrade misses)
   PUTS: 454930 # Clean evictions (from lower level)
   PUTX: 51156 # Dirty evictions (from lower level)
   INV: 264 # Invalidates (from upper level)
   INVX: 46 # Downgrades (from upper level)
   FWD: 0 # Forwards (from upper level)
   latGETnl: 1499813 # GET request latency on next level
   latGETnet: 0 # GET request latency on network to next level
  l2-4: # Cache stats
   hGETS: 414733 # GETS hits
   hGETX: 44588 # GETX hits
   mGETS: 39636 # GETS misses
   mGETXIM: 6840 # GETX I->M misses
   mGETXSM: 2 # GETX S->M misses (upgrade misses)
   PUTS: 453831 # Clean evictions (from lower level)
   PUTX: 51142 # Dirty evictions (from lower level)
   INV: 283 # Invalidates (from upper level)
   INVX: 34 # Downgrades (from upper level)
   FWD: 0 # Forwards (from upper level)
   latGETnl: 1444761 # GET request latency on next level
   latGETnet: 0 # GET request latency on network to next level
  l2-5: # Cache stats
   hGETS: 439184 # GETS hits
   hGETX: 44862 # GETX hits
   mGETS: 38046 # GETS misses
   mGETXIM: 6482 # GETX I->M misses
   mGETXSM: 2 # GETX S->M misses (upgrade misses)
   PUTS: 476696 # Clean evictions (from lower level)
   PUTX: 51143 # Dirty evictions (from lower level)
   INV: 222 # Invalidates (from upper level)
   INVX: 19 # Downgrades (from upper level)
   FWD: 0 # Forwards (from upper level)
   latGETnl: 1395765 # GET request latency on next level
   latGETnet: 0 # GET request latency on network to next level
  l2-6: # Cache stats
   hGETS: 429635 # GETS hits
   hGETX: 44653 # GETX hits
   mGETS: 39236 # GETS misses
   mGETXIM: 6662 # GETX I->M misses
   mGETXSM: 2 # GETX S->M misses (upgrade misses)
   PUTS: 468336 # Clean evictions (from lower level)
   PUTX: 51245 # Dirty evictions (from lower level)
   INV: 203 # Invalidates (from upper level)
   INVX: 19 # Downgrades (from upper level)
   FWD: 0 # Forwards (from upper level)
   latGETnl: 1428522 # GET request latency on next level
   latGETnet: 0 # GET request latency on network to next level
  l2-7: # Cache stats
   hGETS: 414045 # GETS hits
   hGETX: 44452 # GETX hits
   mGETS: 40563 # GETS misses
   mGETXIM: 6877 # GETX I->M misses
   mGETXSM: 21 # GETX S->M misses (upgrade misses)
   PUTS: 453928 # Clean evictions (from lower level)
   PUTX: 51059 # Dirty evictions (from lower level)
   INV: 204 # Invalidates (from upper level)
   INVX: 10 # Downgrades (from upper level)
   FWD: 0 # Forwards (from upper level)
   latGETnl: 1480356 # GET request latency on next level
   latGETnet: 0 # GET request latency on network to next level
 l3: # Cache stats
  l3-0b0: # Cache stats
   hGETS: 38493 # GETS hits
   hGETX: 6350 # GETX hits
   mGETS: 3146 # GETS misses
   mGETXIM: 536 # GETX I->M misses
   mGETXSM: 0 # GETX S->M misses (upgrade misses)
   PUTS: 38340 # Clean evictions (from lower level)
   PUTX: 6346 # Dirty evictions (from lower level)
   INV: 0 # Invalidates (from upper level)
   INVX: 0 # Downgrades (from upper level)
   FWD: 0 # Forwards (from upper level)
   latGETnl: 331380 # GET request latency on next level
   latGETnet: 0 # GET request latency on network to next level
  l3-0b1: # Cache stats
   hGETS: 38521 # GETS hits
   hGETX: 6344 # GETX hits
   mGETS: 3150 # GETS misses
   mGETXIM: 534 # GETX I->M misses
   mGETXSM: 0 # GETX S->M misses (upgrade misses)
   PUTS: 38327 # Clean evictions (from lower level)
   PUTX: 6346 # Dirty evictions (from lower level)
   INV: 0 # Invalidates (from upper level)
   INVX: 0 # Downgrades (from upper level)
   FWD: 0 # Forwards (from upper level)
   latGETnl: 331560 # GET request latency on next level
   latGETnet: 0 # GET request latency on network to next level
  l3-0b2: # Cache stats
   hGETS: 34262 # GETS hits
   hGETX: 5556 # GETX hits
   mGETS: 3141 # GETS misses
   mGETXIM: 531 # GETX I->M misses
   mGETXSM: 0 # GETX S->M misses (upgrade misses)
   PUTS: 34045 # Clean evictions (from lower level)
   PUTX: 5552 # Dirty evictions (from lower level)
   INV: 0 # Invalidates (from upper level)
   INVX: 0 # Downgrades (from upper level)
   FWD: 0 # Forwards (from upper level)
   latGETnl: 330480 # GET request latency on next level
   latGETnet: 0 # GET request latency on network to next level
  l3-0b3: # Cache stats
   hGETS: 36509 # GETS hits
   hGETX: 7706 # GETX hits
   mGETS: 3148 # GETS misses
   mGETXIM: 534 # GETX I->M misses
   mGETXSM: 0 # GETX S->M misses (upgrade misses)
   PUTS: 36343 # Clean evictions (from lower level)
   PUTX: 6148 # Dirty evictions (from lower level)
   INV: 0 # Invalidates (from upper level)
   INVX: 0 # Downgrades (from upper level)
   FWD: 0 # Forwards (from upper level)
   latGETnl: 331380 # GET request latency on next level
   latGETnet: 0 # GET request latency on network to next level
  l3-0b4: # Cache stats
   hGETS: 33872 # GETS hits
   hGETX: 5362 # GETX hits
   mGETS: 3153 # GETS misses
   mGETXIM: 536 # GETX I->M misses
   mGETXSM: 0 # GETX S->M misses (upgrade misses)
   PUTS: 33678 # Clean evictions (from lower level)
   PUTX: 5358 # Dirty evictions (from lower level)
   INV: 0 # Invalidates (from upper level)
   INVX: 0 # Downgrades (from upper level)
   FWD: 0 # Forwards (from upper level)
   latGETnl: 332010 # GET request latency on next level
   latGETnet: 0 # GET request latency on network to next level
  l3-0b5: # Cache stats
   hGETS: 39310 # GETS hits
   hGETX: 6741 # GETX hits
   mGETS: 3144 # GETS misses
   mGETXIM: 533 # GETX I->M misses
   mGETXSM: 0 # GETX S->M misses (upgrade misses)
   PUTS: 39127 # Clean evictions (from lower level)
   PUTX: 6743 # Dirty evictions (from lower level)
   INV: 0 # Invalidates (from upper level)
   INVX: 0 # Downgrades (from upper level)
   FWD: 0 # Forwards (from upper level)
   latGETnl: 330930 # GET request latency on next level
   latGETnet: 0 # GET request latency on network to next level
  l3-0b6: # Cache stats
   hGETS: 49016 # GETS hits
   hGETX: 8028 # GETX hits
   mGETS: 3148 # GETS misses
   mGETXIM: 531 # GETX I->M misses
   mGETXSM: 0 # GETX S->M misses (upgrade misses)
   PUTS: 48828 # Clean evictions (from lower level)
   PUTX: 8027 # Dirty evictions (from lower level)
   INV: 0 # Invalidates (from upper level)
   INVX: 0 # Downgrades (from upper level)
   FWD: 0 # Forwards (from upper level)
   latGETnl: 331110 # GET request latency on next level
   latGETnet: 0 # GET request latency on network to next level
  l3-0b7: # Cache stats
   hGETS: 50981 # GETS hits
   hGETX: 8525 # GETX hits
   mGETS: 3151 # GETS misses
   mGETXIM: 533 # GETX I->M misses
   mGETXSM: 0 # GETX S->M misses (upgrade misses)
   PUTS: 50813 # Clean evictions (from lower level)
   PUTX: 8527 # Dirty evictions (from lower level)
   INV: 0 # Invalidates (from upper level)
   INVX: 0 # Downgrades (from upper level)
   FWD: 0 # Forwards (from upper level)
   latGETnl: 331560 # GET request latency on next level
   latGETnet: 0 # GET request latency on network to next level
 mem: # Memory controller stats
  mem-0: # Memory controller stats
   rd: 7378 # Read requests
   wr: 0 # Write requests
   rdlat: 1214205 # Total latency experienced by read requests
   wrlat: 0 # Total latency experienced by write requests
   rdhits: 3117 # Read row hits
   wrhits: 0 # Write row hits
   mlh: # latency histogram for memory requests
    0: 0
    1: 0
    2: 0
    3: 0
    4: 0
    5: 0
    6: 0
    7: 0
    8: 0
    9: 0
    10: 0
    11: 5
    12: 8
    13: 2097
    14: 1010
    15: 895
    16: 125
    17: 996
    18: 996
    19: 846
    20: 181
    21: 28
    22: 19
    23: 12
    24: 12
    25: 8
    26: 6
    27: 7
    28: 6
    29: 8
    30: 7
    31: 6
    32: 11
    33: 8
    34: 4
    35: 4
    36: 3
    37: 5
    38: 7
    39: 4
    40: 4
    41: 9
    42: 7
    43: 4
    44: 3
    45: 2
    46: 2
    47: 2
    48: 5
    49: 4
    50: 6
    51: 2
    52: 1
    53: 1
    54: 1
    55: 0
    56: 0
    57: 0
    58: 0
    59: 0
    60: 0
    61: 0
    62: 0
    63: 1
    64: 0
    65: 0
    66: 0
    67: 0
    68: 0
    69: 0
    70: 0
    71: 0
    72: 0
    73: 0
    74: 0
    75: 0
    76: 0
    77: 0
    78: 0
    79: 0
    80: 0
    81: 0
    82: 0
    83: 0
    84: 0
    85: 0
    86: 0
    87: 0
    88: 0
    89: 0
    90: 0
    91: 0
    92: 0
    93: 0
    94: 0
    95: 0
    96: 0
    97: 0
    98: 0
    99: 0
  mem-1: # Memory controller stats
   rd: 7354 # Read requests
   wr: 0 # Write requests
   rdlat: 1213498 # Total latency experienced by read requests
   wrlat: 0 # Total latency experienced by write requests
   rdhits: 3111 # Read row hits
   wrhits: 0 # Write row hits
   mlh: # latency histogram for memory requests
    0: 0
    1: 0
    2: 0
    3: 0
    4: 0
    5: 0
    6: 0
    7: 0
    8: 0
    9: 0
    10: 0
    11: 8
    12: 5
    13: 2096
    14: 1002
    15: 889
    16: 123
    17: 999
    18: 993
    19: 828
    20: 194
    21: 25
    22: 15
    23: 15
    24: 10
    25: 6
    26: 8
    27: 6
    28: 8
    29: 3
    30: 7
    31: 8
    32: 3
    33: 1
    34: 1
    35: 3
    36: 3
    37: 4
    38: 5
    39: 8
    40: 8
    41: 7
    42: 9
    43: 9
    44: 8
    45: 6
    46: 6
    47: 4
    48: 5
    49: 8
    50: 5
    51: 0
    52: 3
    53: 0
    54: 0
    55: 0
    56: 0
    57: 0
    58: 0
    59: 0
    60: 0
    61: 0
    62: 0
    63: 0
    64: 0
    65: 0
    66: 0
    67: 0
    68: 0
    69: 0
    70: 0
    71: 0
    72: 0
    73: 0
    74: 0
    75: 0
    76: 0
    77: 0
    78: 0
    79: 0
    80: 0
    81: 0
    82: 0
    83: 0
    84: 0
    85: 0
    86: 0
    87: 0
    88: 0
    89: 0
    90: 0
    91: 0
    92: 0
    93: 0
    94: 0
    95: 0
    96: 0
    97: 0
    98: 0
    99: 0
  mem-2: # Memory controller stats
   rd: 7349 # Read requests
   wr: 0 # Write requests
   rdlat: 1216791 # Total latency experienced by read requests
   wrlat: 0 # Total latency experienced by write requests
   rdhits: 3104 # Read row hits
   wrhits: 0 # Write row hits
   mlh: # latency histogram for memory requests
    0: 0
    1: 0
    2: 0
    3: 0
    4: 0
    5: 0
    6: 0
    7: 0
    8: 0
    9: 0
    10: 0
    11: 2
    12: 5
    13: 2089
    14: 1003
    15: 906
    16: 121
    17: 991
    18: 991
    19: 840
    20: 176
    21: 25
    22: 11
    23: 10
    24: 12
    25: 3
    26: 7
    27: 6
    28: 7
    29: 8
    30: 10
    31: 10
    32: 3
    33: 5
    34: 3
    35: 2
    36: 4
    37: 4
    38: 5
    39: 6
    40: 6
    41: 6
    42: 7
    43: 6
    44: 4
    45: 5
    46: 4
    47: 6
    48: 10
    49: 11
    50: 8
    51: 2
    52: 5
    53: 2
    54: 0
    55: 0
    56: 0
    57: 0
    58: 1
    59: 1
    60: 0
    61: 0
    62: 0
    63: 0
    64: 0
    65: 0
    66: 0
    67: 0
    68: 0
    69: 0
    70: 0
    71: 0
    72: 0
    73: 0
    74: 0
    75: 0
    76: 0
    77: 0
    78: 0
    79: 0
    80: 0
    81: 0
    82: 0
    83: 0
    84: 0
    85: 0
    86: 0
    87: 0
    88: 0
    89: 0
    90: 0
    91: 0
    92: 0
    93: 0
    94: 0
    95: 0
    96: 0
    97: 0
    98: 0
    99: 0
  mem-3: # Memory controller stats
   rd: 7352 # Read requests
   wr: 0 # Write requests
   rdlat: 1202528 # Total latency experienced by read requests
   wrlat: 0 # Total latency experienced by write requests
   rdhits: 3109 # Read row hits
   wrhits: 0 # Write row hits
   mlh: # latency histogram for memory requests
    0: 0
    1: 0
    2: 0
    3: 0
    4: 0
    5: 0
    6: 0
    7: 0
    8: 0
    9: 0
    10: 0
    11: 5
    12: 3
    13: 2088
    14: 1013
    15: 898
    16: 134
    17: 1004
    18: 1003
    19: 858
    20: 167
    21: 21
    22: 12
    23: 9
    24: 6
    25: 11
    26: 12
    27: 13
    28: 6
    29: 6
    30: 5
    31: 8
    32: 7
    33: 9
    34: 4
    35: 3
    36: 2
    37: 4
    38: 1
    39: 5
    40: 4
    41: 2
    42: 4
    43: 2
    44: 1
    45: 1
    46: 2
    47: 2
    48: 3
    49: 6
    50: 4
    51: 2
    52: 2
    53: 0
    54: 0
    55: 0
    56: 0
    57: 0
    58: 0
    59: 0
    60: 0
    61: 0
    62: 0
    63: 0
    64: 0
    65: 0
    66: 0
    67: 0
    68: 0
    69: 0
    70: 0
    71: 0
    72: 0
    73: 0
    74: 0
    75: 0
    76: 0
    77: 0
    78: 0
    79: 0
    80: 0
    81: 0
    82: 0
    83: 0
    84: 0
    85: 0
    86: 0
    87: 0
    88: 0
    89: 0
    90: 0
    91: 0
    92: 0
    93: 0
    94: 0
    95: 0
    96: 0
    97: 0
    98: 0
    99: 0
 sched: # Scheduler stats
  thCr: 9 # Threads created
  thFn: 9 # Threads finished
  schedEvs: 10 # Schedule events
  waitEvs: 1 # Wait events
  handoffEvs: 0 # Handoff events
  sleepEvs: 0 # Sleep events
  idlePhases: 0 # Phases with no thread active
  idlePeriods: 0 # Periods with no thread active
  occHist: # Occupancy histogram
   0: 0
   1: 1
   2: 7
   3: 2
   4: 2
   5: 0
   6: 4
   7: 0
   8: 37186
  rqSzHist: # Run queue size histogram
   0: 37202
   1: 0
   2: 0
   3: 0
   4: 0
   5: 0
   6: 0
   7: 0
   8: 0
   9: 0
   10: 0
   11: 0
   12: 0
   13: 0
   14: 0
   15: 0
   16: 0
 procCycles: # Per-process unhalted core cycles
  0: 2975299187
  1: 0
  2: 0
  3: 0
  4: 0
  5: 0
  6: 0
  7: 0
  8: 0
  9: 0
  10: 0
  11: 0
  12: 0
  13: 0
  14: 0
  15: 0
  16: 0
  17: 0
  18: 0
  19: 0
  20: 0
  21: 0
  22: 0
  23: 0
  24: 0
  25: 0
  26: 0
  27: 0
  28: 0
  29: 0
  30: 0
  31: 0
  32: 0
  33: 0
  34: 0
  35: 0
  36: 0
  37: 0
  38: 0
  39: 0
  40: 0
  41: 0
  42: 0
  43: 0
  44: 0
  45: 0
  46: 0
  47: 0
  48: 0
  49: 0
  50: 0
  51: 0
  52: 0
  53: 0
  54: 0
  55: 0
  56: 0
  57: 0
  58: 0
  59: 0
  60: 0
  61: 0
  62: 0
  63: 0
 procInstrs: # Per-process instructions
  0: 4062699940
  1: 0
  2: 0
  3: 0
  4: 0
  5: 0
  6: 0
  7: 0
  8: 0
  9: 0
  10: 0
  11: 0
  12: 0
  13: 0
  14: 0
  15: 0
  16: 0
  17: 0
  18: 0
  19: 0
  20: 0
  21: 0
  22: 0
  23: 0
  24: 0
  25: 0
  26: 0
  27: 0
  28: 0
  29: 0
  30: 0
  31: 0
  32: 0
  33: 0
  34: 0
  35: 0
  36: 0
  37: 0
  38: 0
  39: 0
  40: 0
  41: 0
  42: 0
  43: 0
  44: 0
  45: 0
  46: 0
  47: 0
  48: 0
  49: 0
  50: 0
  51: 0
  52: 0
  53: 0
  54: 0
  55: 0
  56: 0
  57: 0
  58: 0
  59: 0
  60: 0
  61: 0
  62: 0
  63: 0
 heartbeats: # Per-process heartbeats
  0: 0
  1: 0
  2: 0
  3: 0
  4: 0
  5: 0
  6: 0
  7: 0
  8: 0
  9: 0
  10: 0
  11: 0
  12: 0
  13: 0
  14: 0
  15: 0
  16: 0
  17: 0
  18: 0
  19: 0
  20: 0
  21: 0
  22: 0
  23: 0
  24: 0
  25: 0
  26: 0
  27: 0
  28: 0
  29: 0
  30: 0
  31: 0
  32: 0
  33: 0
  34: 0
  35: 0
  36: 0
  37: 0
  38: 0
  39: 0
  40: 0
  41: 0
  42: 0
  43: 0
  44: 0
  45: 0
  46: 0
  47: 0
  48: 0
  49: 0
  50: 0
  51: 0
  52: 0
  53: 0
  54: 0
  55: 0
  56: 0
  57: 0
  58: 0
  59: 0
  60: 0
  61: 0
  62: 0
  63: 0
===
