# zsim stats
===
root: # Stats
 contention: # Contention simulation stats
  domain-0: # Domain stats
   time: 389684931 # Weave simulation time
 time: # Simulator time breakdown
  init: 56512467646
  bound: 8910879593
  weave: 583657927
  ff: 0
 trigger: 20000 # Reason for this stats dump
 phase: 9163 # Simulated phases
 westmere: # Core stats
  westmere-0: # Core stats
   cycles: 91630128 # Simulated unhalted cycles
   cCycles: 7048641 # Cycles due to contention stalls
   instrs: 100018143 # Simulated instructions
   uops: 113817931 # Retired micro-ops
   bbls: 14848016 # Basic blocks
   approxInstrs: 596117 # Instrs with approx uop decoding
   mispredBranches: 789679 # Mispredicted branches
   condBranches: 12877059 # conditional branches
 l1i: # Cache stats
  l1i-0: # Filter cache stats
   fhGETS: 19606876 # Filtered GETS hits
   fhGETX: 0 # Filtered GETX hits
   hGETS: 195 # GETS hits
   hGETX: 0 # GETX hits
   mGETS: 1676 # GETS misses
   mGETXIM: 0 # GETX I->M misses
   mGETXSM: 0 # GETX S->M misses (upgrade misses)
   PUTS: 0 # Clean evictions (from lower level)
   PUTX: 0 # Dirty evictions (from lower level)
   INV: 1644 # Invalidates (from upper level)
   INVX: 0 # Downgrades (from upper level)
   FWD: 0 # Forwards (from upper level)
   latGETnl: 207824 # GET request latency on next level
   latGETnet: 0 # GET request latency on network to next level
 l1d: # Cache stats
  l1d-0: # Filter cache stats
   fhGETS: 25372580 # Filtered GETS hits
   fhGETX: 11442154 # Filtered GETX hits
   hGETS: 990544 # GETS hits
   hGETX: 1624216 # GETX hits
   mGETS: 1934593 # GETS misses
   mGETXIM: 1093201 # GETX I->M misses
   mGETXSM: 0 # GETX S->M misses (upgrade misses)
   PUTS: 0 # Clean evictions (from lower level)
   PUTX: 0 # Dirty evictions (from lower level)
   INV: 1891 # Invalidates (from upper level)
   INVX: 0 # Downgrades (from upper level)
   FWD: 0 # Forwards (from upper level)
   latGETnl: 101395418 # GET request latency on next level
   latGETnet: 0 # GET request latency on network to next level
 l2: # Cache stats
  l2-0: # Cache stats
   hGETS: 947226 # GETS hits
   hGETX: 121376 # GETX hits
   mGETS: 989043 # GETS misses
   mGETXIM: 971825 # GETX I->M misses
   mGETXSM: 0 # GETX S->M misses (upgrade misses)
   PUTS: 941019 # Clean evictions (from lower level)
   PUTX: 2084372 # Dirty evictions (from lower level)
   INV: 9052 # Invalidates (from upper level)
   INVX: 0 # Downgrades (from upper level)
   FWD: 0 # Forwards (from upper level)
   latGETnl: 71308542 # GET request latency on next level
   latGETnet: 0 # GET request latency on network to next level
 l3: # Cache stats
  l3-0: # Cache stats
   hGETS: 890740 # GETS hits
   hGETX: 800709 # GETX hits
   mGETS: 98303 # GETS misses
   mGETXIM: 171116 # GETX I->M misses
   mGETXSM: 0 # GETX S->M misses (upgrade misses)
   PUTS: 573116 # Clean evictions (from lower level)
   PUTX: 1374604 # Dirty evictions (from lower level)
   INV: 0 # Invalidates (from upper level)
   INVX: 0 # Downgrades (from upper level)
   FWD: 0 # Forwards (from upper level)
   latGETnl: 24247710 # GET request latency on next level
   latGETnet: 0 # GET request latency on network to next level
 mem: # Memory controller stats
  mem-0: # Memory controller stats
   rd: 67513 # Read requests
   wr: 48786 # Write requests
   rdlat: 9201885 # Total latency experienced by read requests
   wrlat: 7237579 # Total latency experienced by write requests
   rdhits: 1811 # Read row hits
   wrhits: 533 # Write row hits
   mlh: # latency histogram for memory requests
    0: 0
    1: 0
    2: 0
    3: 0
    4: 0
    5: 0
    6: 0
    7: 0
    8: 0
    9: 0
    10: 0
    11: 197
    12: 254
    13: 60487
    14: 2274
    15: 1224
    16: 705
    17: 317
    18: 300
    19: 360
    20: 333
    21: 197
    22: 56
    23: 81
    24: 59
    25: 38
    26: 24
    27: 27
    28: 29
    29: 32
    30: 33
    31: 33
    32: 42
    33: 41
    34: 47
    35: 36
    36: 37
    37: 30
    38: 26
    39: 25
    40: 37
    41: 43
    42: 38
    43: 15
    44: 8
    45: 5
    46: 7
    47: 7
    48: 3
    49: 3
    50: 2
    51: 0
    52: 0
    53: 0
    54: 0
    55: 1
    56: 0
    57: 0
    58: 0
    59: 0
    60: 0
    61: 0
    62: 0
    63: 0
    64: 0
    65: 0
    66: 0
    67: 0
    68: 0
    69: 0
    70: 0
    71: 0
    72: 0
    73: 0
    74: 0
    75: 0
    76: 0
    77: 0
    78: 0
    79: 0
    80: 0
    81: 0
    82: 0
    83: 0
    84: 0
    85: 0
    86: 0
    87: 0
    88: 0
    89: 0
    90: 0
    91: 0
    92: 0
    93: 0
    94: 0
    95: 0
    96: 0
    97: 0
    98: 0
    99: 0
  mem-1: # Memory controller stats
   rd: 67163 # Read requests
   wr: 48627 # Write requests
   rdlat: 9176811 # Total latency experienced by read requests
   wrlat: 7224589 # Total latency experienced by write requests
   rdhits: 1736 # Read row hits
   wrhits: 526 # Write row hits
   mlh: # latency histogram for memory requests
    0: 0
    1: 0
    2: 0
    3: 0
    4: 0
    5: 0
    6: 0
    7: 0
    8: 0
    9: 0
    10: 0
    11: 183
    12: 273
    13: 60042
    14: 2241
    15: 1269
    16: 734
    17: 265
    18: 331
    19: 372
    20: 366
    21: 187
    22: 46
    23: 66
    24: 51
    25: 49
    26: 19
    27: 31
    28: 30
    29: 47
    30: 38
    31: 39
    32: 28
    33: 47
    34: 45
    35: 28
    36: 29
    37: 37
    38: 32
    39: 37
    40: 38
    41: 45
    42: 50
    43: 22
    44: 11
    45: 8
    46: 4
    47: 12
    48: 9
    49: 2
    50: 0
    51: 0
    52: 0
    53: 0
    54: 0
    55: 0
    56: 0
    57: 0
    58: 0
    59: 0
    60: 0
    61: 0
    62: 0
    63: 0
    64: 0
    65: 0
    66: 0
    67: 0
    68: 0
    69: 0
    70: 0
    71: 0
    72: 0
    73: 0
    74: 0
    75: 0
    76: 0
    77: 0
    78: 0
    79: 0
    80: 0
    81: 0
    82: 0
    83: 0
    84: 0
    85: 0
    86: 0
    87: 0
    88: 0
    89: 0
    90: 0
    91: 0
    92: 0
    93: 0
    94: 0
    95: 0
    96: 0
    97: 0
    98: 0
    99: 0
  mem-2: # Memory controller stats
   rd: 67579 # Read requests
   wr: 48948 # Write requests
   rdlat: 9244691 # Total latency experienced by read requests
   wrlat: 7343958 # Total latency experienced by write requests
   rdhits: 2053 # Read row hits
   wrhits: 587 # Write row hits
   mlh: # latency histogram for memory requests
    0: 0
    1: 0
    2: 0
    3: 0
    4: 0
    5: 0
    6: 0
    7: 0
    8: 0
    9: 1
    10: 0
    11: 201
    12: 253
    13: 60127
    14: 2218
    15: 1217
    16: 771
    17: 365
    18: 385
    19: 443
    20: 410
    21: 250
    22: 74
    23: 77
    24: 72
    25: 48
    26: 30
    27: 37
    28: 31
    29: 34
    30: 25
    31: 30
    32: 50
    33: 37
    34: 27
    35: 39
    36: 44
    37: 57
    38: 43
    39: 35
    40: 39
    41: 29
    42: 36
    43: 12
    44: 4
    45: 6
    46: 6
    47: 4
    48: 2
    49: 3
    50: 5
    51: 0
    52: 0
    53: 1
    54: 1
    55: 0
    56: 0
    57: 0
    58: 0
    59: 0
    60: 0
    61: 0
    62: 0
    63: 0
    64: 0
    65: 0
    66: 0
    67: 0
    68: 0
    69: 0
    70: 0
    71: 0
    72: 0
    73: 0
    74: 0
    75: 0
    76: 0
    77: 0
    78: 0
    79: 0
    80: 0
    81: 0
    82: 0
    83: 0
    84: 0
    85: 0
    86: 0
    87: 0
    88: 0
    89: 0
    90: 0
    91: 0
    92: 0
    93: 0
    94: 0
    95: 0
    96: 0
    97: 0
    98: 0
    99: 0
  mem-3: # Memory controller stats
   rd: 67164 # Read requests
   wr: 48660 # Write requests
   rdlat: 9159873 # Total latency experienced by read requests
   wrlat: 7208442 # Total latency experienced by write requests
   rdhits: 1725 # Read row hits
   wrhits: 508 # Write row hits
   mlh: # latency histogram for memory requests
    0: 0
    1: 0
    2: 0
    3: 0
    4: 0
    5: 0
    6: 0
    7: 0
    8: 0
    9: 0
    10: 0
    11: 201
    12: 238
    13: 60448
    14: 2190
    15: 1141
    16: 685
    17: 267
    18: 297
    19: 286
    20: 342
    21: 213
    22: 43
    23: 55
    24: 44
    25: 41
    26: 23
    27: 34
    28: 23
    29: 34
    30: 37
    31: 27
    32: 34
    33: 43
    34: 48
    35: 49
    36: 31
    37: 45
    38: 36
    39: 41
    40: 31
    41: 18
    42: 44
    43: 27
    44: 12
    45: 5
    46: 6
    47: 9
    48: 4
    49: 1
    50: 1
    51: 2
    52: 2
    53: 1
    54: 2
    55: 3
    56: 0
    57: 0
    58: 0
    59: 0
    60: 0
    61: 0
    62: 0
    63: 0
    64: 0
    65: 0
    66: 0
    67: 0
    68: 0
    69: 0
    70: 0
    71: 0
    72: 0
    73: 0
    74: 0
    75: 0
    76: 0
    77: 0
    78: 0
    79: 0
    80: 0
    81: 0
    82: 0
    83: 0
    84: 0
    85: 0
    86: 0
    87: 0
    88: 0
    89: 0
    90: 0
    91: 0
    92: 0
    93: 0
    94: 0
    95: 0
    96: 0
    97: 0
    98: 0
    99: 0
 sched: # Scheduler stats
  thCr: 1 # Threads created
  thFn: 1 # Threads finished
  schedEvs: 1 # Schedule events
  waitEvs: 0 # Wait events
  handoffEvs: 0 # Handoff events
  sleepEvs: 0 # Sleep events
  idlePhases: 0 # Phases with no thread active
  idlePeriods: 0 # Periods with no thread active
  occHist: # Occupancy histogram
   0: 0
   1: 9163
  rqSzHist: # Run queue size histogram
   0: 9163
   1: 0
   2: 0
   3: 0
   4: 0
   5: 0
   6: 0
   7: 0
   8: 0
   9: 0
   10: 0
   11: 0
   12: 0
   13: 0
   14: 0
   15: 0
   16: 0
 procCycles: # Per-process unhalted core cycles
  0: 91630128
  1: 0
  2: 0
  3: 0
  4: 0
  5: 0
  6: 0
  7: 0
  8: 0
  9: 0
  10: 0
  11: 0
  12: 0
  13: 0
  14: 0
  15: 0
  16: 0
  17: 0
  18: 0
  19: 0
  20: 0
  21: 0
  22: 0
  23: 0
  24: 0
  25: 0
  26: 0
  27: 0
  28: 0
  29: 0
  30: 0
  31: 0
  32: 0
  33: 0
  34: 0
  35: 0
  36: 0
  37: 0
  38: 0
  39: 0
  40: 0
  41: 0
  42: 0
  43: 0
  44: 0
  45: 0
  46: 0
  47: 0
  48: 0
  49: 0
  50: 0
  51: 0
  52: 0
  53: 0
  54: 0
  55: 0
  56: 0
  57: 0
  58: 0
  59: 0
  60: 0
  61: 0
  62: 0
  63: 0
 procInstrs: # Per-process instructions
  0: 100018143
  1: 0
  2: 0
  3: 0
  4: 0
  5: 0
  6: 0
  7: 0
  8: 0
  9: 0
  10: 0
  11: 0
  12: 0
  13: 0
  14: 0
  15: 0
  16: 0
  17: 0
  18: 0
  19: 0
  20: 0
  21: 0
  22: 0
  23: 0
  24: 0
  25: 0
  26: 0
  27: 0
  28: 0
  29: 0
  30: 0
  31: 0
  32: 0
  33: 0
  34: 0
  35: 0
  36: 0
  37: 0
  38: 0
  39: 0
  40: 0
  41: 0
  42: 0
  43: 0
  44: 0
  45: 0
  46: 0
  47: 0
  48: 0
  49: 0
  50: 0
  51: 0
  52: 0
  53: 0
  54: 0
  55: 0
  56: 0
  57: 0
  58: 0
  59: 0
  60: 0
  61: 0
  62: 0
  63: 0
 heartbeats: # Per-process heartbeats
  0: 0
  1: 0
  2: 0
  3: 0
  4: 0
  5: 0
  6: 0
  7: 0
  8: 0
  9: 0
  10: 0
  11: 0
  12: 0
  13: 0
  14: 0
  15: 0
  16: 0
  17: 0
  18: 0
  19: 0
  20: 0
  21: 0
  22: 0
  23: 0
  24: 0
  25: 0
  26: 0
  27: 0
  28: 0
  29: 0
  30: 0
  31: 0
  32: 0
  33: 0
  34: 0
  35: 0
  36: 0
  37: 0
  38: 0
  39: 0
  40: 0
  41: 0
  42: 0
  43: 0
  44: 0
  45: 0
  46: 0
  47: 0
  48: 0
  49: 0
  50: 0
  51: 0
  52: 0
  53: 0
  54: 0
  55: 0
  56: 0
  57: 0
  58: 0
  59: 0
  60: 0
  61: 0
  62: 0
  63: 0
===
